[0.000000] (-) TimerEvent: {}
[0.000000] (interfaces) JobQueued: {'identifier': 'interfaces', 'dependencies': OrderedDict()}
[0.000000] (interfaces) JobStarted: {'identifier': 'interfaces'}
[0.110000] (-) TimerEvent: {}
[0.141000] (interfaces) JobProgress: {'identifier': 'interfaces', 'progress': 'cmake'}
[0.141000] (interfaces) Command: {'cmd': ['c:\\opt\\ros\\foxy\\x64\\Scripts\\cmake.EXE', 'C:\\dev\\Robotic_soln\\src\\interfaces', '-DCMAKE_INSTALL_PREFIX=C:\\dev\\Robotic_soln\\install', '-G', 'Visual Studio 16 2019'], 'cwd': 'C:\\dev\\Robotic_soln\\build\\interfaces', 'env': OrderedDict([('ALLUSERSPROFILE', 'C:\\ProgramData'), ('AMENT_PREFIX_PATH', 'c:\\opt\\ros\\foxy\\x64'), ('APPDATA', 'C:\\Users\\dvuon\\AppData\\Roaming'), ('ChocolateyInstall', 'C:\\ProgramData\\chocolatey'), ('ChocolateyLastPathUpdate', '133207244663475842'), ('CMAKE_PREFIX_PATH', 'C:\\opt\\ros\\foxy\\x64\\tools\\vcpkg\\installed\\x64-windows;c:\\opt\\ros\\foxy\\x64'), ('COLCON', '1'), ('COLCON_PREFIX_PATH', 'c:\\opt\\ros\\foxy\\x64\\'), ('CommandPromptType', 'Native'), ('CommonProgramFiles', 'C:\\Program Files\\Common Files'), ('CommonProgramFiles(x86)', 'C:\\Program Files (x86)\\Common Files'), ('CommonProgramW6432', 'C:\\Program Files\\Common Files'), ('COMPUTERNAME', 'LAPTOP-H8UQ26TO'), ('ComSpec', 'C:\\Windows\\system32\\cmd.exe'), ('CUDA_PATH', 'C:\\Program Files\\NVIDIA GPU Computing Toolkit\\CUDA\\v11.6'), ('CUDA_PATH_V11_6', 'C:\\Program Files\\NVIDIA GPU Computing Toolkit\\CUDA\\v11.6'), ('DevEnvDir', 'C:\\Program Files (x86)\\Microsoft Visual Studio\\2019\\Community\\Common7\\IDE\\'), ('DriverData', 'C:\\Windows\\System32\\Drivers\\DriverData'), ('ExtensionSdkDir', 'C:\\Program Files (x86)\\Microsoft SDKs\\Windows Kits\\10\\ExtensionSDKs'), ('Framework40Version', 'v4.0'), ('FrameworkDir', 'C:\\Windows\\Microsoft.NET\\Framework64\\'), ('FrameworkDir64', 'C:\\Windows\\Microsoft.NET\\Framework64\\'), ('FrameworkVersion', 'v4.0.30319'), ('FrameworkVersion64', 'v4.0.30319'), ('GAZEBO_MASTER_URI', 'http://localhost:11345'), ('GAZEBO_MODEL_DATABASE_URI', 'http://models.gazebosim.org'), ('GAZEBO_MODEL_PATH', 'C:\\opt\\ros\\foxy\\x64\\share\\gazebo-10\\models;'), ('GAZEBO_PLUGIN_PATH', 'C:\\opt\\ros\\foxy\\x64\\lib\\gazebo-10\\plugins;'), ('GAZEBO_RESOURCE_PATH', 'C:\\opt\\ros\\foxy\\x64\\share\\gazebo-10;'), ('HOME', 'C:\\Users\\dvuon'), ('HOMEDRIVE', 'C:'), ('HOMEPATH', '\\Users\\dvuon'), ('INCLUDE', 'C:\\Program Files (x86)\\Microsoft Visual Studio\\2019\\Community\\VC\\Tools\\MSVC\\14.29.30133\\ATLMFC\\include;C:\\Program Files (x86)\\Microsoft Visual Studio\\2019\\Community\\VC\\Tools\\MSVC\\14.29.30133\\include;C:\\Program Files (x86)\\Windows Kits\\10\\include\\10.0.19041.0\\ucrt;C:\\Program Files (x86)\\Windows Kits\\10\\include\\10.0.19041.0\\shared;C:\\Program Files (x86)\\Windows Kits\\10\\include\\10.0.19041.0\\um;C:\\Program Files (x86)\\Windows Kits\\10\\include\\10.0.19041.0\\winrt;C:\\Program Files (x86)\\Windows Kits\\10\\include\\10.0.19041.0\\cppwinrt'), ('JAVA_HOME', 'C:\\Program Files\\Java\\jre1.8.0_351'), ('LD_LIBRARY_PATH', ';C:\\opt\\ros\\foxy\\x64\\lib\\gazebo-10\\plugins'), ('LIB', 'C:\\Program Files (x86)\\Microsoft Visual Studio\\2019\\Community\\VC\\Tools\\MSVC\\14.29.30133\\ATLMFC\\lib\\x64;C:\\Program Files (x86)\\Microsoft Visual Studio\\2019\\Community\\VC\\Tools\\MSVC\\14.29.30133\\lib\\x64;C:\\Program Files (x86)\\Windows Kits\\10\\lib\\10.0.19041.0\\ucrt\\x64;C:\\Program Files (x86)\\Windows Kits\\10\\lib\\10.0.19041.0\\um\\x64'), ('LIBPATH', 'C:\\Program Files (x86)\\Microsoft Visual Studio\\2019\\Community\\VC\\Tools\\MSVC\\14.29.30133\\ATLMFC\\lib\\x64;C:\\Program Files (x86)\\Microsoft Visual Studio\\2019\\Community\\VC\\Tools\\MSVC\\14.29.30133\\lib\\x64;C:\\Program Files (x86)\\Microsoft Visual Studio\\2019\\Community\\VC\\Tools\\MSVC\\14.29.30133\\lib\\x86\\store\\references;C:\\Program Files (x86)\\Windows Kits\\10\\UnionMetadata\\10.0.19041.0;C:\\Program Files (x86)\\Windows Kits\\10\\References\\10.0.19041.0;C:\\Windows\\Microsoft.NET\\Framework64\\v4.0.30319'), ('LOCALAPPDATA', 'C:\\Users\\dvuon\\AppData\\Local'), ('LOGONSERVER', '\\\\LAPTOP-H8UQ26TO'), ('NUMBER_OF_PROCESSORS', '16'), ('NVTOOLSEXT_PATH', 'C:\\Program Files\\NVIDIA Corporation\\NvToolsExt\\'), ('OGRE_RESOURCE_PATH', 'C:/opt/ros/foxy/x64/bin'), ('OneDrive', 'C:\\Users\\dvuon\\OneDrive'), ('OneDriveConsumer', 'C:\\Users\\dvuon\\OneDrive'), ('OpenCV_DIR', 'C:\\opencv'), ('OS', 'Windows_NT'), ('PATH', ';C:\\opt\\ros\\foxy\\x64\\lib\\gazebo-10\\plugins;c:\\opt\\ros\\foxy\\x64\\opt\\rviz_ogre_vendor\\bin;C:\\opt\\ros\\foxy\\x64\\tools\\vcpkg\\installed\\x64-windows\\bin;C:\\opt\\ros\\foxy\\x64\\tools\\vcpkg;c:\\opt\\ros\\foxy\\x64\\Scripts;c:\\opt\\ros\\foxy\\x64\\bin;c:\\opt\\ros\\foxy\\x64\\;C:\\Program Files (x86)\\Microsoft Visual Studio\\2019\\Community\\Common7\\IDE\\\\Extensions\\Microsoft\\IntelliCode\\CLI;C:\\Program Files (x86)\\Microsoft Visual Studio\\2019\\Community\\VC\\Tools\\MSVC\\14.29.30133\\bin\\HostX64\\x64;C:\\Program Files (x86)\\Microsoft Visual Studio\\2019\\Community\\Common7\\IDE\\VC\\VCPackages;C:\\Program Files (x86)\\Microsoft Visual Studio\\2019\\Community\\Common7\\IDE\\CommonExtensions\\Microsoft\\TestWindow;C:\\Program Files (x86)\\Microsoft Visual Studio\\2019\\Community\\Common7\\IDE\\CommonExtensions\\Microsoft\\TeamFoundation\\Team Explorer;C:\\Program Files (x86)\\Microsoft Visual Studio\\2019\\Community\\MSBuild\\Current\\bin\\Roslyn;C:\\Program Files (x86)\\Microsoft Visual Studio\\2019\\Community\\Team Tools\\Performance Tools\\x64;C:\\Program Files (x86)\\Microsoft Visual Studio\\2019\\Community\\Team Tools\\Performance Tools;C:\\Program Files (x86)\\Microsoft Visual Studio\\Shared\\Common\\VSPerfCollectionTools\\vs2019\\\\x64;C:\\Program Files (x86)\\Microsoft Visual Studio\\Shared\\Common\\VSPerfCollectionTools\\vs2019\\;C:\\Program Files (x86)\\Microsoft Visual Studio\\2019\\Community\\Common7\\Tools\\devinit;C:\\Program Files (x86)\\Windows Kits\\10\\bin\\10.0.19041.0\\x64;C:\\Program Files (x86)\\Windows Kits\\10\\bin\\x64;C:\\Program Files (x86)\\Microsoft Visual Studio\\2019\\Community\\\\MSBuild\\Current\\Bin;C:\\Windows\\Microsoft.NET\\Framework64\\v4.0.30319;C:\\Program Files (x86)\\Microsoft Visual Studio\\2019\\Community\\Common7\\IDE\\;C:\\Program Files (x86)\\Microsoft Visual Studio\\2019\\Community\\Common7\\Tools\\;C:\\Python38\\Scripts\\;C:\\Python38\\;C:\\Program Files (x86)\\Common Files\\Oracle\\Java\\javapath;C:\\Program Files (x86)\\Razer Chroma SDK\\bin;C:\\Program Files\\Razer Chroma SDK\\bin;C:\\Program Files (x86)\\Razer\\ChromaBroadcast\\bin;C:\\Program Files\\Razer\\ChromaBroadcast\\bin;C:\\Program Files\\NVIDIA GPU Computing Toolkit\\CUDA\\v11.6\\bin;C:\\Program Files\\NVIDIA GPU Computing Toolkit\\CUDA\\v11.6\\libnvvp;C:\\Program Files\\NVIDIA Corporation\\NVIDIA NvDLISR;C:\\Windows\\system32\\config\\systemprofile\\AppData\\Local\\Microsoft\\WindowsApps;C:\\Program Files (x86)\\Google\\Cloud SDK\\google-cloud-sdk\\bin;C:\\Program Files\\dotnet\\;C:\\ProgramData\\chocolatey\\bin;C:\\opencv\\x64\\vc16\\bin;C:\\ProgramData\\chocolatey\\lib\\cunit\\lib;C:\\ProgramData\\chocolatey\\lib\\tinyxml2\\lib;C:\\ProgramData\\chocolatey\\lib\\log4cxx\\lib;C:\\ProgramData\\chocolatey\\lib\\bullet\\lib;C:\\Program Files\\Git\\cmd;C:\\Users\\dvuon\\AppData\\Local\\Programs\\Python\\Python39\\Scripts\\;C:\\Users\\dvuon\\AppData\\Local\\Programs\\Python\\Python39\\;C:\\Users\\dvuon\\AppData\\Local\\Microsoft\\WindowsApps;C:\\Users\\dvuon\\AppData\\Local\\atom\\bin;C:\\Users\\dvuon\\AppData\\Local\\GitHubDesktop\\bin;C:\\Program Files (x86)\\GitHub CLI\\;C:\\Program Files\\NVIDIA GPU Computing Toolkit\\CUDA\\v11.6\\extras\\CUPTI\\lib64;C:\\Program Files\\NVIDIA GPU Computing Toolkit\\CUDA\\v11.6\\include;C:\\tools\\cuda\\bin;C:\\Program Files\\NVIDIA\\CUDNN\\v8.1\\bin;C:\\Users\\dvuon\\AppData\\Local\\Programs\\Julia-1.7.2\\bin;C:\\Program Files (x86)\\Terraform;C:\\Users\\dvuon\\AppData\\Local\\Programs\\Microsoft VS Code\\bin;C:\\Windows\\System32\\WindowsPowerShell\\v1.0;C:\\Windows\\System32;C:\\Program Files (x86)\\Vim\\vim90;C:\\Program Files (x86)\\Microsoft Visual Studio\\2019\\Community\\Common7\\IDE\\CommonExtensions\\Microsoft\\CMake\\CMake\\bin;C:\\Program Files (x86)\\Microsoft Visual Studio\\2019\\Community\\Common7\\IDE\\CommonExtensions\\Microsoft\\CMake\\Ninja'), ('PATHEXT', '.COM;.EXE;.BAT;.CMD;.VBS;.VBE;.JS;.JSE;.WSF;.WSH;.MSC;.PY;.PYW'), ('PKG_CONFIG_PATH', 'c:\\opt\\ros\\foxy\\x64\\lib\\pkgconfig'), ('Platform', 'x64'), ('PROCESSOR_ARCHITECTURE', 'AMD64'), ('PROCESSOR_IDENTIFIER', 'AMD64 Family 25 Model 80 Stepping 0, AuthenticAMD'), ('PROCESSOR_LEVEL', '25'), ('PROCESSOR_REVISION', '5000'), ('ProgramData', 'C:\\ProgramData'), ('ProgramFiles', 'C:\\Program Files'), ('ProgramFiles(x86)', 'C:\\Program Files (x86)'), ('ProgramW6432', 'C:\\Program Files'), ('PROMPT', '$P$G'), ('PSModulePath', 'C:\\Program Files\\WindowsPowerShell\\Modules;C:\\Windows\\system32\\WindowsPowerShell\\v1.0\\Modules;C:\\Program Files (x86)\\Google\\Cloud SDK\\google-cloud-sdk\\platform\\PowerShell'), ('PUBLIC', 'C:\\Users\\Public'), ('PYTHONPATH', 'c:\\opt\\ros\\foxy\\x64\\Lib\\site-packages;C:\\Python38\\'), ('ROS_DISTRO', 'foxy'), ('ROS_ETC_DIR', 'C:\\opt\\ros\\foxy\\x64\\etc\\ros'), ('ROS_LOCALHOST_ONLY', '0'), ('ROS_PYTHON_VERSION', '3'), ('ROS_VERSION', '2'), ('SDF_PATH', 'c:\\opt\\ros\\foxy\\x64\\share\\sdformat\\1.6'), ('SystemDrive', 'C:'), ('SystemRoot', 'C:\\Windows'), ('TEMP', 'C:\\Users\\dvuon\\AppData\\Local\\Temp'), ('terraform', 'C:\\Program Files (x86)\\Terraform'), ('TMP', 'C:\\Users\\dvuon\\AppData\\Local\\Temp'), ('UCRTVersion', '10.0.19041.0'), ('UniversalCRTSdkDir', 'C:\\Program Files (x86)\\Windows Kits\\10\\'), ('USERDOMAIN', 'LAPTOP-H8UQ26TO'), ('USERDOMAIN_ROAMINGPROFILE', 'LAPTOP-H8UQ26TO'), ('USERNAME', 'dvuon'), ('USERPROFILE', 'C:\\Users\\dvuon'), ('VBOX_HWVIRTEX_IGNORE_SVM_IN_USE', '1'), ('VCIDEInstallDir', 'C:\\Program Files (x86)\\Microsoft Visual Studio\\2019\\Community\\Common7\\IDE\\VC\\'), ('VCINSTALLDIR', 'C:\\Program Files (x86)\\Microsoft Visual Studio\\2019\\Community\\VC\\'), ('VCPKG_DEFAULT_TRIPLET', 'x64-windows'), ('VCPKG_ROOT', 'C:\\opt\\ros\\foxy\\x64\\tools\\vcpkg'), ('VCToolsInstallDir', 'C:\\Program Files (x86)\\Microsoft Visual Studio\\2019\\Community\\VC\\Tools\\MSVC\\14.29.30133\\'), ('VCToolsRedistDir', 'C:\\Program Files (x86)\\Microsoft Visual Studio\\2019\\Community\\VC\\Redist\\MSVC\\14.29.30133\\'), ('VCToolsVersion', '14.29.30133'), ('VisualStudioVersion', '16.0'), ('VS160COMNTOOLS', 'C:\\Program Files (x86)\\Microsoft Visual Studio\\2019\\Community\\Common7\\Tools\\'), ('VSCMD_ARG_app_plat', 'Desktop'), ('VSCMD_ARG_HOST_ARCH', 'x64'), ('VSCMD_ARG_TGT_ARCH', 'x64'), ('VSCMD_VER', '16.11.23'), ('VSINSTALLDIR', 'C:\\Program Files (x86)\\Microsoft Visual Studio\\2019\\Community\\'), ('windir', 'C:\\Windows'), ('WindowsLibPath', 'C:\\Program Files (x86)\\Windows Kits\\10\\UnionMetadata\\10.0.19041.0;C:\\Program Files (x86)\\Windows Kits\\10\\References\\10.0.19041.0'), ('WindowsSdkBinPath', 'C:\\Program Files (x86)\\Windows Kits\\10\\bin\\'), ('WindowsSdkDir', 'C:\\Program Files (x86)\\Windows Kits\\10\\'), ('WindowsSDKLibVersion', '10.0.19041.0\\'), ('WindowsSdkVerBinPath', 'C:\\Program Files (x86)\\Windows Kits\\10\\bin\\10.0.19041.0\\'), ('WindowsSDKVersion', '10.0.19041.0\\'), ('__devinit_path', 'C:\\Program Files (x86)\\Microsoft Visual Studio\\2019\\Community\\Common7\\Tools\\devinit\\devinit.exe'), ('__DOTNET_ADD_64BIT', '1'), ('__DOTNET_PREFERRED_BITNESS', '64'), ('__VSCMD_PREINIT_PATH', 'C:\\Python38\\Scripts\\;C:\\Python38\\;C:\\Program Files (x86)\\Common Files\\Oracle\\Java\\javapath;C:\\Program Files (x86)\\Razer Chroma SDK\\bin;C:\\Program Files\\Razer Chroma SDK\\bin;C:\\Program Files (x86)\\Razer\\ChromaBroadcast\\bin;C:\\Program Files\\Razer\\ChromaBroadcast\\bin;C:\\Program Files\\NVIDIA GPU Computing Toolkit\\CUDA\\v11.6\\bin;C:\\Program Files\\NVIDIA GPU Computing Toolkit\\CUDA\\v11.6\\libnvvp;C:\\Program Files\\NVIDIA Corporation\\NVIDIA NvDLISR;C:\\Windows\\system32\\config\\systemprofile\\AppData\\Local\\Microsoft\\WindowsApps;C:\\Program Files (x86)\\Google\\Cloud SDK\\google-cloud-sdk\\bin;C:\\Program Files\\dotnet\\;C:\\ProgramData\\chocolatey\\bin;C:\\opencv\\x64\\vc16\\bin;C:\\ProgramData\\chocolatey\\lib\\cunit\\lib;C:\\ProgramData\\chocolatey\\lib\\tinyxml2\\lib;C:\\ProgramData\\chocolatey\\lib\\log4cxx\\lib;C:\\ProgramData\\chocolatey\\lib\\bullet\\lib;C:\\Program Files\\Git\\cmd;C:\\Users\\dvuon\\AppData\\Local\\Programs\\Python\\Python39\\Scripts\\;C:\\Users\\dvuon\\AppData\\Local\\Programs\\Python\\Python39\\;C:\\Users\\dvuon\\AppData\\Local\\Microsoft\\WindowsApps;C:\\Users\\dvuon\\AppData\\Local\\atom\\bin;C:\\Users\\dvuon\\AppData\\Local\\GitHubDesktop\\bin;C:\\Program Files (x86)\\GitHub CLI\\;C:\\Program Files\\NVIDIA GPU Computing Toolkit\\CUDA\\v11.6\\extras\\CUPTI\\lib64;C:\\Program Files\\NVIDIA GPU Computing Toolkit\\CUDA\\v11.6\\include;C:\\tools\\cuda\\bin;C:\\Program Files\\NVIDIA\\CUDNN\\v8.1\\bin;C:\\Users\\dvuon\\AppData\\Local\\Programs\\Julia-1.7.2\\bin;C:\\Program Files (x86)\\Terraform;C:\\Users\\dvuon\\AppData\\Local\\Programs\\Microsoft VS Code\\bin;C:\\Windows\\System32\\WindowsPowerShell\\v1.0;C:\\Windows\\System32;C:\\Program Files (x86)\\Vim\\vim90'), ('__VSCMD_script_err_count', '0')]), 'shell': False}
[0.219000] (-) TimerEvent: {}
[0.328000] (-) TimerEvent: {}
[0.360000] (interfaces) StdoutLine: {'line': b'-- Selecting Windows SDK version 10.0.19041.0 to target Windows 10.0.19045.\n'}
[0.438000] (-) TimerEvent: {}
[0.547000] (-) TimerEvent: {}
[0.656000] (-) TimerEvent: {}
[0.781000] (-) TimerEvent: {}
[0.891000] (-) TimerEvent: {}
[1.000000] (-) TimerEvent: {}
[1.110000] (-) TimerEvent: {}
[1.219000] (-) TimerEvent: {}
[1.328000] (-) TimerEvent: {}
[1.453000] (-) TimerEvent: {}
[1.578000] (-) TimerEvent: {}
[1.688000] (-) TimerEvent: {}
[1.797000] (-) TimerEvent: {}
[1.906000] (-) TimerEvent: {}
[2.016000] (-) TimerEvent: {}
[2.125000] (-) TimerEvent: {}
[2.235000] (-) TimerEvent: {}
[2.344000] (-) TimerEvent: {}
[2.453000] (-) TimerEvent: {}
[2.563000] (-) TimerEvent: {}
[2.688000] (-) TimerEvent: {}
[2.797000] (-) TimerEvent: {}
[2.906000] (-) TimerEvent: {}
[3.016000] (-) TimerEvent: {}
[3.110000] (interfaces) StdoutLine: {'line': b'-- The C compiler identification is MSVC 19.29.30147.0\n'}
[3.125000] (-) TimerEvent: {}
[3.235000] (-) TimerEvent: {}
[3.344000] (-) TimerEvent: {}
[3.453000] (-) TimerEvent: {}
[3.578000] (-) TimerEvent: {}
[3.688000] (-) TimerEvent: {}
[3.797000] (-) TimerEvent: {}
[3.906000] (-) TimerEvent: {}
[4.016000] (-) TimerEvent: {}
[4.125000] (-) TimerEvent: {}
[4.250000] (-) TimerEvent: {}
[4.360000] (-) TimerEvent: {}
[4.469000] (-) TimerEvent: {}
[4.578000] (-) TimerEvent: {}
[4.688000] (-) TimerEvent: {}
[4.781000] (interfaces) StdoutLine: {'line': b'-- The CXX compiler identification is MSVC 19.29.30147.0\n'}
[4.797000] (-) TimerEvent: {}
[4.906000] (interfaces) StdoutLine: {'line': b'-- Detecting C compiler ABI info\n'}
[4.906000] (-) TimerEvent: {}
[5.016000] (-) TimerEvent: {}
[5.141000] (-) TimerEvent: {}
[5.250000] (-) TimerEvent: {}
[5.360000] (-) TimerEvent: {}
[5.469000] (-) TimerEvent: {}
[5.578000] (-) TimerEvent: {}
[5.688000] (-) TimerEvent: {}
[5.813000] (-) TimerEvent: {}
[5.922000] (-) TimerEvent: {}
[6.031000] (-) TimerEvent: {}
[6.141000] (-) TimerEvent: {}
[6.250000] (-) TimerEvent: {}
[6.360000] (-) TimerEvent: {}
[6.453000] (interfaces) StdoutLine: {'line': b'-- Detecting C compiler ABI info - done\n'}
[6.469000] (interfaces) StdoutLine: {'line': b'-- Check for working C compiler: C:/Program Files (x86)/Microsoft Visual Studio/2019/Community/VC/Tools/MSVC/14.29.30133/bin/Hostx64/x64/cl.exe - skipped\n'}
[6.469000] (-) TimerEvent: {}
[6.469000] (interfaces) StdoutLine: {'line': b'-- Detecting C compile features\n'}
[6.469000] (interfaces) StdoutLine: {'line': b'-- Detecting C compile features - done\n'}
[6.500000] (interfaces) StdoutLine: {'line': b'-- Detecting CXX compiler ABI info\n'}
[6.578000] (-) TimerEvent: {}
[6.703000] (-) TimerEvent: {}
[6.813000] (-) TimerEvent: {}
[6.922000] (-) TimerEvent: {}
[7.031000] (-) TimerEvent: {}
[7.141000] (-) TimerEvent: {}
[7.250000] (-) TimerEvent: {}
[7.360000] (-) TimerEvent: {}
[7.469000] (-) TimerEvent: {}
[7.578000] (-) TimerEvent: {}
[7.688000] (-) TimerEvent: {}
[7.797000] (-) TimerEvent: {}
[7.922000] (-) TimerEvent: {}
[8.000000] (interfaces) StdoutLine: {'line': b'-- Detecting CXX compiler ABI info - done\n'}
[8.016000] (interfaces) StdoutLine: {'line': b'-- Check for working CXX compiler: C:/Program Files (x86)/Microsoft Visual Studio/2019/Community/VC/Tools/MSVC/14.29.30133/bin/Hostx64/x64/cl.exe - skipped\n'}
[8.016000] (interfaces) StdoutLine: {'line': b'-- Detecting CXX compile features\n'}
[8.016000] (interfaces) StdoutLine: {'line': b'-- Detecting CXX compile features - done\n'}
[8.031000] (-) TimerEvent: {}
[8.078000] (interfaces) StdoutLine: {'line': b'-- Found ament_cmake: 0.9.9 (C:/opt/ros/foxy/x64/share/ament_cmake/cmake)\n'}
[8.141000] (-) TimerEvent: {}
[8.250000] (-) TimerEvent: {}
[8.360000] (-) TimerEvent: {}
[8.406000] (interfaces) StdoutLine: {'line': b'-- Found PythonInterp: C:/opt/ros/foxy/x64/python.exe (found suitable version "3.8.3", minimum required is "3") \n'}
[8.406000] (interfaces) StdoutLine: {'line': b'-- Using PYTHON_EXECUTABLE: C:/opt/ros/foxy/x64/python.exe\n'}
[8.469000] (-) TimerEvent: {}
[8.578000] (-) TimerEvent: {}
[8.688000] (-) TimerEvent: {}
[8.797000] (-) TimerEvent: {}
[8.906000] (-) TimerEvent: {}
[9.031000] (-) TimerEvent: {}
[9.141000] (-) TimerEvent: {}
[9.250000] (-) TimerEvent: {}
[9.375000] (-) TimerEvent: {}
[9.485000] (-) TimerEvent: {}
[9.594000] (-) TimerEvent: {}
[9.703000] (-) TimerEvent: {}
[9.813000] (-) TimerEvent: {}
[9.844000] (interfaces) StdoutLine: {'line': b'-- Found rosidl_default_generators: 1.0.1 (C:/opt/ros/foxy/x64/share/rosidl_default_generators/cmake)\n'}
[9.906000] (interfaces) StdoutLine: {'line': b'-- Using all available rosidl_typesupport_c: rosidl_typesupport_fastrtps_c;rosidl_typesupport_introspection_c\n'}
[9.922000] (-) TimerEvent: {}
[10.016000] (interfaces) StdoutLine: {'line': b'-- Found rosidl_adapter: 1.2.1 (C:/opt/ros/foxy/x64/share/rosidl_adapter/cmake)\n'}
[10.031000] (-) TimerEvent: {}
[10.141000] (-) TimerEvent: {}
[10.250000] (-) TimerEvent: {}
[10.360000] (-) TimerEvent: {}
[10.406000] (interfaces) StdoutLine: {'line': b'-- Found OpenSSL: optimized;C:/opt/ros/foxy/x64/Lib/libcrypto.lib;debug;C:/Program Files/OpenSSL-Win64/lib/VC/libcrypto64MDd.lib (found version "1.1.1g")  \n'}
[10.469000] (-) TimerEvent: {}
[10.578000] (-) TimerEvent: {}
[10.594000] (interfaces) StdoutLine: {'line': b'-- Found FastRTPS: C:/opt/ros/foxy/x64/include  \n'}
[10.703000] (-) TimerEvent: {}
[10.813000] (-) TimerEvent: {}
[10.922000] (-) TimerEvent: {}
[11.031000] (-) TimerEvent: {}
[11.141000] (interfaces) StdoutLine: {'line': b'-- Using all available rosidl_typesupport_cpp: rosidl_typesupport_fastrtps_cpp;rosidl_typesupport_introspection_cpp\n'}
[11.141000] (-) TimerEvent: {}
[11.250000] (-) TimerEvent: {}
[11.375000] (-) TimerEvent: {}
[11.438000] (interfaces) StdoutLine: {'line': b'-- Found PythonInterp: C:/opt/ros/foxy/x64/python.exe (found version "3.8.3") \n'}
[11.485000] (-) TimerEvent: {}
[11.594000] (-) TimerEvent: {}
[11.703000] (-) TimerEvent: {}
[11.813000] (-) TimerEvent: {}
[11.922000] (-) TimerEvent: {}
[12.031000] (-) TimerEvent: {}
[12.063000] (interfaces) StdoutLine: {'line': b'-- Found ament_cmake_ros: 0.9.2 (C:/opt/ros/foxy/x64/share/ament_cmake_ros/cmake)\n'}
[12.141000] (-) TimerEvent: {}
[12.266000] (-) TimerEvent: {}
[12.375000] (-) TimerEvent: {}
[12.485000] (-) TimerEvent: {}
[12.547000] (interfaces) StdoutLine: {'line': b'-- Using all available rosidl_typesupport_c: rosidl_typesupport_fastrtps_c;rosidl_typesupport_introspection_c\n'}
[12.594000] (-) TimerEvent: {}
[12.656000] (interfaces) StdoutLine: {'line': b'-- Using all available rosidl_typesupport_cpp: rosidl_typesupport_fastrtps_cpp;rosidl_typesupport_introspection_cpp\n'}
[12.703000] (-) TimerEvent: {}
[12.750000] (interfaces) StdoutLine: {'line': b'-- Found PythonInterp: C:/opt/ros/foxy/x64/python.exe (found suitable version "3.8.3", minimum required is "3.5") \n'}
[12.781000] (interfaces) StdoutLine: {'line': b'-- Found python_cmake_module: 0.8.1 (C:/opt/ros/foxy/x64/share/python_cmake_module/cmake)\n'}
[12.813000] (-) TimerEvent: {}
[12.922000] (-) TimerEvent: {}
[12.938000] (interfaces) StdoutLine: {'line': b'-- Found PythonLibs: optimized;C:/opt/ros/foxy/x64/Lib/python38.lib;debug;C:/Python38/libs/python38_d.lib (found suitable version "3.8.3", minimum required is "3.5") \n'}
[12.938000] (interfaces) StdoutLine: {'line': b'-- Using PYTHON_EXECUTABLE: C:/opt/ros/foxy/x64/python.exe\n'}
[12.938000] (interfaces) StdoutLine: {'line': b'-- Using PYTHON_INCLUDE_DIRS: C:/opt/ros/foxy/x64/include/python3.8\n'}
[12.938000] (interfaces) StdoutLine: {'line': b'-- Using PYTHON_LIBRARIES: optimized;C:/opt/ros/foxy/x64/Lib/python38.lib;debug;C:/Python38/libs/python38_d.lib\n'}
[13.031000] (interfaces) StdoutLine: {'line': b'-- Found PythonExtra: .pyd  \n'}
[13.031000] (-) TimerEvent: {}
[13.141000] (-) TimerEvent: {}
[13.250000] (-) TimerEvent: {}
[13.360000] (-) TimerEvent: {}
[13.469000] (-) TimerEvent: {}
[13.578000] (-) TimerEvent: {}
[13.610000] (interfaces) StdoutLine: {'line': b'-- Using numpy include directory: C:\\opt\\ros\\foxy\\x64\\lib\\site-packages\\numpy\\core\\include\n'}
[13.656000] (interfaces) StdoutLine: {'line': b'-- Found ament_lint_auto: 0.9.6 (C:/opt/ros/foxy/x64/share/ament_lint_auto/cmake)\n'}
[13.688000] (-) TimerEvent: {}
[13.797000] (-) TimerEvent: {}
[13.906000] (-) TimerEvent: {}
[14.031000] (-) TimerEvent: {}
[14.141000] (-) TimerEvent: {}
[14.156000] (interfaces) StdoutLine: {'line': b"-- Added test 'copyright' to check source files copyright and LICENSE\n"}
[14.235000] (interfaces) StdoutLine: {'line': b"-- Added test 'lint_cmake' to check CMake code style\n"}
[14.250000] (-) TimerEvent: {}
[14.281000] (interfaces) StdoutLine: {'line': b"-- Added test 'xmllint' to check XML markup files\n"}
[14.360000] (-) TimerEvent: {}
[14.469000] (-) TimerEvent: {}
[14.531000] (interfaces) StdoutLine: {'line': b'-- Configuring done\n'}
[14.578000] (-) TimerEvent: {}
[14.688000] (-) TimerEvent: {}
[14.797000] (-) TimerEvent: {}
[14.906000] (-) TimerEvent: {}
[15.016000] (-) TimerEvent: {}
[15.125000] (-) TimerEvent: {}
[15.235000] (-) TimerEvent: {}
[15.344000] (-) TimerEvent: {}
[15.469000] (-) TimerEvent: {}
[15.578000] (-) TimerEvent: {}
[15.656000] (interfaces) StdoutLine: {'line': b'-- Generating done\n'}
[15.688000] (-) TimerEvent: {}
[15.688000] (interfaces) StdoutLine: {'line': b'-- Build files have been written to: C:/dev/Robotic_soln/build/interfaces\n'}
[15.719000] (interfaces) CommandEnded: {'returncode': 0}
[15.735000] (interfaces) JobProgress: {'identifier': 'interfaces', 'progress': 'build'}
[15.735000] (interfaces) Command: {'cmd': ['c:\\opt\\ros\\foxy\\x64\\Scripts\\cmake.EXE', '--build', 'C:\\dev\\Robotic_soln\\build\\interfaces', '--config', 'Release'], 'cwd': 'C:\\dev\\Robotic_soln\\build\\interfaces', 'env': {'ALLUSERSPROFILE': 'C:\\ProgramData', 'AMENT_PREFIX_PATH': 'c:\\opt\\ros\\foxy\\x64', 'APPDATA': 'C:\\Users\\dvuon\\AppData\\Roaming', 'ChocolateyInstall': 'C:\\ProgramData\\chocolatey', 'ChocolateyLastPathUpdate': '133207244663475842', 'CMAKE_PREFIX_PATH': 'C:\\opt\\ros\\foxy\\x64\\tools\\vcpkg\\installed\\x64-windows;c:\\opt\\ros\\foxy\\x64', 'COLCON': '1', 'COLCON_PREFIX_PATH': 'c:\\opt\\ros\\foxy\\x64\\', 'CommandPromptType': 'Native', 'CommonProgramFiles': 'C:\\Program Files\\Common Files', 'CommonProgramFiles(x86)': 'C:\\Program Files (x86)\\Common Files', 'CommonProgramW6432': 'C:\\Program Files\\Common Files', 'COMPUTERNAME': 'LAPTOP-H8UQ26TO', 'ComSpec': 'C:\\Windows\\system32\\cmd.exe', 'CUDA_PATH': 'C:\\Program Files\\NVIDIA GPU Computing Toolkit\\CUDA\\v11.6', 'CUDA_PATH_V11_6': 'C:\\Program Files\\NVIDIA GPU Computing Toolkit\\CUDA\\v11.6', 'DevEnvDir': 'C:\\Program Files (x86)\\Microsoft Visual Studio\\2019\\Community\\Common7\\IDE\\', 'DriverData': 'C:\\Windows\\System32\\Drivers\\DriverData', 'ExtensionSdkDir': 'C:\\Program Files (x86)\\Microsoft SDKs\\Windows Kits\\10\\ExtensionSDKs', 'Framework40Version': 'v4.0', 'FrameworkDir': 'C:\\Windows\\Microsoft.NET\\Framework64\\', 'FrameworkDir64': 'C:\\Windows\\Microsoft.NET\\Framework64\\', 'FrameworkVersion': 'v4.0.30319', 'FrameworkVersion64': 'v4.0.30319', 'GAZEBO_MASTER_URI': 'http://localhost:11345', 'GAZEBO_MODEL_DATABASE_URI': 'http://models.gazebosim.org', 'GAZEBO_MODEL_PATH': 'C:\\opt\\ros\\foxy\\x64\\share\\gazebo-10\\models;', 'GAZEBO_PLUGIN_PATH': 'C:\\opt\\ros\\foxy\\x64\\lib\\gazebo-10\\plugins;', 'GAZEBO_RESOURCE_PATH': 'C:\\opt\\ros\\foxy\\x64\\share\\gazebo-10;', 'HOME': 'C:\\Users\\dvuon', 'HOMEDRIVE': 'C:', 'HOMEPATH': '\\Users\\dvuon', 'INCLUDE': 'C:\\Program Files (x86)\\Microsoft Visual Studio\\2019\\Community\\VC\\Tools\\MSVC\\14.29.30133\\ATLMFC\\include;C:\\Program Files (x86)\\Microsoft Visual Studio\\2019\\Community\\VC\\Tools\\MSVC\\14.29.30133\\include;C:\\Program Files (x86)\\Windows Kits\\10\\include\\10.0.19041.0\\ucrt;C:\\Program Files (x86)\\Windows Kits\\10\\include\\10.0.19041.0\\shared;C:\\Program Files (x86)\\Windows Kits\\10\\include\\10.0.19041.0\\um;C:\\Program Files (x86)\\Windows Kits\\10\\include\\10.0.19041.0\\winrt;C:\\Program Files (x86)\\Windows Kits\\10\\include\\10.0.19041.0\\cppwinrt', 'JAVA_HOME': 'C:\\Program Files\\Java\\jre1.8.0_351', 'LD_LIBRARY_PATH': ';C:\\opt\\ros\\foxy\\x64\\lib\\gazebo-10\\plugins', 'LIB': 'C:\\Program Files (x86)\\Microsoft Visual Studio\\2019\\Community\\VC\\Tools\\MSVC\\14.29.30133\\ATLMFC\\lib\\x64;C:\\Program Files (x86)\\Microsoft Visual Studio\\2019\\Community\\VC\\Tools\\MSVC\\14.29.30133\\lib\\x64;C:\\Program Files (x86)\\Windows Kits\\10\\lib\\10.0.19041.0\\ucrt\\x64;C:\\Program Files (x86)\\Windows Kits\\10\\lib\\10.0.19041.0\\um\\x64', 'LIBPATH': 'C:\\Program Files (x86)\\Microsoft Visual Studio\\2019\\Community\\VC\\Tools\\MSVC\\14.29.30133\\ATLMFC\\lib\\x64;C:\\Program Files (x86)\\Microsoft Visual Studio\\2019\\Community\\VC\\Tools\\MSVC\\14.29.30133\\lib\\x64;C:\\Program Files (x86)\\Microsoft Visual Studio\\2019\\Community\\VC\\Tools\\MSVC\\14.29.30133\\lib\\x86\\store\\references;C:\\Program Files (x86)\\Windows Kits\\10\\UnionMetadata\\10.0.19041.0;C:\\Program Files (x86)\\Windows Kits\\10\\References\\10.0.19041.0;C:\\Windows\\Microsoft.NET\\Framework64\\v4.0.30319', 'LOCALAPPDATA': 'C:\\Users\\dvuon\\AppData\\Local', 'LOGONSERVER': '\\\\LAPTOP-H8UQ26TO', 'NUMBER_OF_PROCESSORS': '16', 'NVTOOLSEXT_PATH': 'C:\\Program Files\\NVIDIA Corporation\\NvToolsExt\\', 'OGRE_RESOURCE_PATH': 'C:/opt/ros/foxy/x64/bin', 'OneDrive': 'C:\\Users\\dvuon\\OneDrive', 'OneDriveConsumer': 'C:\\Users\\dvuon\\OneDrive', 'OpenCV_DIR': 'C:\\opencv', 'OS': 'Windows_NT', 'PATH': ';C:\\opt\\ros\\foxy\\x64\\lib\\gazebo-10\\plugins;c:\\opt\\ros\\foxy\\x64\\opt\\rviz_ogre_vendor\\bin;C:\\opt\\ros\\foxy\\x64\\tools\\vcpkg\\installed\\x64-windows\\bin;C:\\opt\\ros\\foxy\\x64\\tools\\vcpkg;c:\\opt\\ros\\foxy\\x64\\Scripts;c:\\opt\\ros\\foxy\\x64\\bin;c:\\opt\\ros\\foxy\\x64\\;C:\\Program Files (x86)\\Microsoft Visual Studio\\2019\\Community\\Common7\\IDE\\\\Extensions\\Microsoft\\IntelliCode\\CLI;C:\\Program Files (x86)\\Microsoft Visual Studio\\2019\\Community\\VC\\Tools\\MSVC\\14.29.30133\\bin\\HostX64\\x64;C:\\Program Files (x86)\\Microsoft Visual Studio\\2019\\Community\\Common7\\IDE\\VC\\VCPackages;C:\\Program Files (x86)\\Microsoft Visual Studio\\2019\\Community\\Common7\\IDE\\CommonExtensions\\Microsoft\\TestWindow;C:\\Program Files (x86)\\Microsoft Visual Studio\\2019\\Community\\Common7\\IDE\\CommonExtensions\\Microsoft\\TeamFoundation\\Team Explorer;C:\\Program Files (x86)\\Microsoft Visual Studio\\2019\\Community\\MSBuild\\Current\\bin\\Roslyn;C:\\Program Files (x86)\\Microsoft Visual Studio\\2019\\Community\\Team Tools\\Performance Tools\\x64;C:\\Program Files (x86)\\Microsoft Visual Studio\\2019\\Community\\Team Tools\\Performance Tools;C:\\Program Files (x86)\\Microsoft Visual Studio\\Shared\\Common\\VSPerfCollectionTools\\vs2019\\\\x64;C:\\Program Files (x86)\\Microsoft Visual Studio\\Shared\\Common\\VSPerfCollectionTools\\vs2019\\;C:\\Program Files (x86)\\Microsoft Visual Studio\\2019\\Community\\Common7\\Tools\\devinit;C:\\Program Files (x86)\\Windows Kits\\10\\bin\\10.0.19041.0\\x64;C:\\Program Files (x86)\\Windows Kits\\10\\bin\\x64;C:\\Program Files (x86)\\Microsoft Visual Studio\\2019\\Community\\\\MSBuild\\Current\\Bin;C:\\Windows\\Microsoft.NET\\Framework64\\v4.0.30319;C:\\Program Files (x86)\\Microsoft Visual Studio\\2019\\Community\\Common7\\IDE\\;C:\\Program Files (x86)\\Microsoft Visual Studio\\2019\\Community\\Common7\\Tools\\;C:\\Python38\\Scripts\\;C:\\Python38\\;C:\\Program Files (x86)\\Common Files\\Oracle\\Java\\javapath;C:\\Program Files (x86)\\Razer Chroma SDK\\bin;C:\\Program Files\\Razer Chroma SDK\\bin;C:\\Program Files (x86)\\Razer\\ChromaBroadcast\\bin;C:\\Program Files\\Razer\\ChromaBroadcast\\bin;C:\\Program Files\\NVIDIA GPU Computing Toolkit\\CUDA\\v11.6\\bin;C:\\Program Files\\NVIDIA GPU Computing Toolkit\\CUDA\\v11.6\\libnvvp;C:\\Program Files\\NVIDIA Corporation\\NVIDIA NvDLISR;C:\\Windows\\system32\\config\\systemprofile\\AppData\\Local\\Microsoft\\WindowsApps;C:\\Program Files (x86)\\Google\\Cloud SDK\\google-cloud-sdk\\bin;C:\\Program Files\\dotnet\\;C:\\ProgramData\\chocolatey\\bin;C:\\opencv\\x64\\vc16\\bin;C:\\ProgramData\\chocolatey\\lib\\cunit\\lib;C:\\ProgramData\\chocolatey\\lib\\tinyxml2\\lib;C:\\ProgramData\\chocolatey\\lib\\log4cxx\\lib;C:\\ProgramData\\chocolatey\\lib\\bullet\\lib;C:\\Program Files\\Git\\cmd;C:\\Users\\dvuon\\AppData\\Local\\Programs\\Python\\Python39\\Scripts\\;C:\\Users\\dvuon\\AppData\\Local\\Programs\\Python\\Python39\\;C:\\Users\\dvuon\\AppData\\Local\\Microsoft\\WindowsApps;C:\\Users\\dvuon\\AppData\\Local\\atom\\bin;C:\\Users\\dvuon\\AppData\\Local\\GitHubDesktop\\bin;C:\\Program Files (x86)\\GitHub CLI\\;C:\\Program Files\\NVIDIA GPU Computing Toolkit\\CUDA\\v11.6\\extras\\CUPTI\\lib64;C:\\Program Files\\NVIDIA GPU Computing Toolkit\\CUDA\\v11.6\\include;C:\\tools\\cuda\\bin;C:\\Program Files\\NVIDIA\\CUDNN\\v8.1\\bin;C:\\Users\\dvuon\\AppData\\Local\\Programs\\Julia-1.7.2\\bin;C:\\Program Files (x86)\\Terraform;C:\\Users\\dvuon\\AppData\\Local\\Programs\\Microsoft VS Code\\bin;C:\\Windows\\System32\\WindowsPowerShell\\v1.0;C:\\Windows\\System32;C:\\Program Files (x86)\\Vim\\vim90;C:\\Program Files (x86)\\Microsoft Visual Studio\\2019\\Community\\Common7\\IDE\\CommonExtensions\\Microsoft\\CMake\\CMake\\bin;C:\\Program Files (x86)\\Microsoft Visual Studio\\2019\\Community\\Common7\\IDE\\CommonExtensions\\Microsoft\\CMake\\Ninja', 'PATHEXT': '.COM;.EXE;.BAT;.CMD;.VBS;.VBE;.JS;.JSE;.WSF;.WSH;.MSC;.PY;.PYW', 'PKG_CONFIG_PATH': 'c:\\opt\\ros\\foxy\\x64\\lib\\pkgconfig', 'Platform': 'x64', 'PROCESSOR_ARCHITECTURE': 'AMD64', 'PROCESSOR_IDENTIFIER': 'AMD64 Family 25 Model 80 Stepping 0, AuthenticAMD', 'PROCESSOR_LEVEL': '25', 'PROCESSOR_REVISION': '5000', 'ProgramData': 'C:\\ProgramData', 'ProgramFiles': 'C:\\Program Files', 'ProgramFiles(x86)': 'C:\\Program Files (x86)', 'ProgramW6432': 'C:\\Program Files', 'PROMPT': '$P$G', 'PSModulePath': 'C:\\Program Files\\WindowsPowerShell\\Modules;C:\\Windows\\system32\\WindowsPowerShell\\v1.0\\Modules;C:\\Program Files (x86)\\Google\\Cloud SDK\\google-cloud-sdk\\platform\\PowerShell', 'PUBLIC': 'C:\\Users\\Public', 'PYTHONPATH': 'c:\\opt\\ros\\foxy\\x64\\Lib\\site-packages;C:\\Python38\\', 'ROS_DISTRO': 'foxy', 'ROS_ETC_DIR': 'C:\\opt\\ros\\foxy\\x64\\etc\\ros', 'ROS_LOCALHOST_ONLY': '0', 'ROS_PYTHON_VERSION': '3', 'ROS_VERSION': '2', 'SDF_PATH': 'c:\\opt\\ros\\foxy\\x64\\share\\sdformat\\1.6', 'SystemDrive': 'C:', 'SystemRoot': 'C:\\Windows', 'TEMP': 'C:\\Users\\dvuon\\AppData\\Local\\Temp', 'terraform': 'C:\\Program Files (x86)\\Terraform', 'TMP': 'C:\\Users\\dvuon\\AppData\\Local\\Temp', 'UCRTVersion': '10.0.19041.0', 'UniversalCRTSdkDir': 'C:\\Program Files (x86)\\Windows Kits\\10\\', 'USERDOMAIN': 'LAPTOP-H8UQ26TO', 'USERDOMAIN_ROAMINGPROFILE': 'LAPTOP-H8UQ26TO', 'USERNAME': 'dvuon', 'USERPROFILE': 'C:\\Users\\dvuon', 'VBOX_HWVIRTEX_IGNORE_SVM_IN_USE': '1', 'VCIDEInstallDir': 'C:\\Program Files (x86)\\Microsoft Visual Studio\\2019\\Community\\Common7\\IDE\\VC\\', 'VCINSTALLDIR': 'C:\\Program Files (x86)\\Microsoft Visual Studio\\2019\\Community\\VC\\', 'VCPKG_DEFAULT_TRIPLET': 'x64-windows', 'VCPKG_ROOT': 'C:\\opt\\ros\\foxy\\x64\\tools\\vcpkg', 'VCToolsInstallDir': 'C:\\Program Files (x86)\\Microsoft Visual Studio\\2019\\Community\\VC\\Tools\\MSVC\\14.29.30133\\', 'VCToolsRedistDir': 'C:\\Program Files (x86)\\Microsoft Visual Studio\\2019\\Community\\VC\\Redist\\MSVC\\14.29.30133\\', 'VCToolsVersion': '14.29.30133', 'VisualStudioVersion': '16.0', 'VS160COMNTOOLS': 'C:\\Program Files (x86)\\Microsoft Visual Studio\\2019\\Community\\Common7\\Tools\\', 'VSCMD_ARG_app_plat': 'Desktop', 'VSCMD_ARG_HOST_ARCH': 'x64', 'VSCMD_ARG_TGT_ARCH': 'x64', 'VSCMD_VER': '16.11.23', 'VSINSTALLDIR': 'C:\\Program Files (x86)\\Microsoft Visual Studio\\2019\\Community\\', 'windir': 'C:\\Windows', 'WindowsLibPath': 'C:\\Program Files (x86)\\Windows Kits\\10\\UnionMetadata\\10.0.19041.0;C:\\Program Files (x86)\\Windows Kits\\10\\References\\10.0.19041.0', 'WindowsSdkBinPath': 'C:\\Program Files (x86)\\Windows Kits\\10\\bin\\', 'WindowsSdkDir': 'C:\\Program Files (x86)\\Windows Kits\\10\\', 'WindowsSDKLibVersion': '10.0.19041.0\\', 'WindowsSdkVerBinPath': 'C:\\Program Files (x86)\\Windows Kits\\10\\bin\\10.0.19041.0\\', 'WindowsSDKVersion': '10.0.19041.0\\', '__devinit_path': 'C:\\Program Files (x86)\\Microsoft Visual Studio\\2019\\Community\\Common7\\Tools\\devinit\\devinit.exe', '__DOTNET_ADD_64BIT': '1', '__DOTNET_PREFERRED_BITNESS': '64', '__VSCMD_PREINIT_PATH': 'C:\\Python38\\Scripts\\;C:\\Python38\\;C:\\Program Files (x86)\\Common Files\\Oracle\\Java\\javapath;C:\\Program Files (x86)\\Razer Chroma SDK\\bin;C:\\Program Files\\Razer Chroma SDK\\bin;C:\\Program Files (x86)\\Razer\\ChromaBroadcast\\bin;C:\\Program Files\\Razer\\ChromaBroadcast\\bin;C:\\Program Files\\NVIDIA GPU Computing Toolkit\\CUDA\\v11.6\\bin;C:\\Program Files\\NVIDIA GPU Computing Toolkit\\CUDA\\v11.6\\libnvvp;C:\\Program Files\\NVIDIA Corporation\\NVIDIA NvDLISR;C:\\Windows\\system32\\config\\systemprofile\\AppData\\Local\\Microsoft\\WindowsApps;C:\\Program Files (x86)\\Google\\Cloud SDK\\google-cloud-sdk\\bin;C:\\Program Files\\dotnet\\;C:\\ProgramData\\chocolatey\\bin;C:\\opencv\\x64\\vc16\\bin;C:\\ProgramData\\chocolatey\\lib\\cunit\\lib;C:\\ProgramData\\chocolatey\\lib\\tinyxml2\\lib;C:\\ProgramData\\chocolatey\\lib\\log4cxx\\lib;C:\\ProgramData\\chocolatey\\lib\\bullet\\lib;C:\\Program Files\\Git\\cmd;C:\\Users\\dvuon\\AppData\\Local\\Programs\\Python\\Python39\\Scripts\\;C:\\Users\\dvuon\\AppData\\Local\\Programs\\Python\\Python39\\;C:\\Users\\dvuon\\AppData\\Local\\Microsoft\\WindowsApps;C:\\Users\\dvuon\\AppData\\Local\\atom\\bin;C:\\Users\\dvuon\\AppData\\Local\\GitHubDesktop\\bin;C:\\Program Files (x86)\\GitHub CLI\\;C:\\Program Files\\NVIDIA GPU Computing Toolkit\\CUDA\\v11.6\\extras\\CUPTI\\lib64;C:\\Program Files\\NVIDIA GPU Computing Toolkit\\CUDA\\v11.6\\include;C:\\tools\\cuda\\bin;C:\\Program Files\\NVIDIA\\CUDNN\\v8.1\\bin;C:\\Users\\dvuon\\AppData\\Local\\Programs\\Julia-1.7.2\\bin;C:\\Program Files (x86)\\Terraform;C:\\Users\\dvuon\\AppData\\Local\\Programs\\Microsoft VS Code\\bin;C:\\Windows\\System32\\WindowsPowerShell\\v1.0;C:\\Windows\\System32;C:\\Program Files (x86)\\Vim\\vim90', '__VSCMD_script_err_count': '0', 'CL': '/MP'}, 'shell': False}
[15.797000] (-) TimerEvent: {}
[15.906000] (-) TimerEvent: {}
[16.016000] (-) TimerEvent: {}
[16.125000] (-) TimerEvent: {}
[16.156000] (interfaces) StdoutLine: {'line': b'Microsoft (R) Build Engine version 16.11.2+f32259642 for .NET Framework\r\n'}
[16.156000] (interfaces) StdoutLine: {'line': b'Copyright (C) Microsoft Corporation. All rights reserved.\r\n'}
[16.156000] (interfaces) StdoutLine: {'line': b'\r\n'}
[16.250000] (-) TimerEvent: {}
[16.360000] (-) TimerEvent: {}
[16.469000] (-) TimerEvent: {}
[16.578000] (-) TimerEvent: {}
[16.688000] (-) TimerEvent: {}
[16.797000] (-) TimerEvent: {}
[16.906000] (-) TimerEvent: {}
[16.922000] (interfaces) StdoutLine: {'line': b'  Checking Build System\r\n'}
[17.016000] (-) TimerEvent: {}
[17.125000] (-) TimerEvent: {}
[17.235000] (-) TimerEvent: {}
[17.360000] (-) TimerEvent: {}
[17.391000] (interfaces) StdoutLine: {'line': b'  Generating C++ code for ROS interfaces\r\n'}
[17.485000] (-) TimerEvent: {}
[17.594000] (-) TimerEvent: {}
[17.703000] (-) TimerEvent: {}
[17.813000] (-) TimerEvent: {}
[17.922000] (-) TimerEvent: {}
[18.031000] (-) TimerEvent: {}
[18.141000] (-) TimerEvent: {}
[18.250000] (-) TimerEvent: {}
[18.328000] (interfaces) StdoutLine: {'line': b'  Building Custom Rule C:/dev/Robotic_soln/src/interfaces/CMakeLists.txt\r\n'}
[18.375000] (-) TimerEvent: {}
[18.485000] (-) TimerEvent: {}
[18.594000] (-) TimerEvent: {}
[18.656000] (interfaces) StdoutLine: {'line': b'  Generating C code for ROS interfaces\r\n'}
[18.703000] (-) TimerEvent: {}
[18.813000] (-) TimerEvent: {}
[18.922000] (-) TimerEvent: {}
[19.031000] (-) TimerEvent: {}
[19.156000] (-) TimerEvent: {}
[19.266000] (-) TimerEvent: {}
[19.375000] (-) TimerEvent: {}
[19.485000] (-) TimerEvent: {}
[19.594000] (interfaces) StdoutLine: {'line': b'  Building Custom Rule C:/dev/Robotic_soln/src/interfaces/CMakeLists.txt\r\n'}
[19.594000] (-) TimerEvent: {}
[19.703000] (-) TimerEvent: {}
[19.813000] (-) TimerEvent: {}
[19.938000] (-) TimerEvent: {}
[19.953000] (interfaces) StdoutLine: {'line': b'  sensor_read__functions.c\r\n'}
[19.953000] (interfaces) StdoutLine: {'line': b'  sensor_read2__functions.c\r\n'}
[19.953000] (interfaces) StdoutLine: {'line': b'  read_sensor__functions.c\r\n'}
[19.953000] (interfaces) StdoutLine: {'line': b'  read_sensor2__functions.c\r\n'}
[20.063000] (-) TimerEvent: {}
[20.172000] (-) TimerEvent: {}
[20.281000] (-) TimerEvent: {}
[20.297000] (interfaces) StdoutLine: {'line': b'     Creating library C:/dev/Robotic_soln/build/interfaces/Release/interfaces__rosidl_generator_c.lib and object C:/dev/Robotic_soln/build/interfaces/Release/interfaces__rosidl_generator_c.exp\r\n'}
[20.391000] (-) TimerEvent: {}
[20.406000] (interfaces) StdoutLine: {'line': b'  interfaces__rosidl_generator_c.vcxproj -> C:\\dev\\Robotic_soln\\build\\interfaces\\Release\\interfaces__rosidl_generator_c.dll\r\n'}
[20.500000] (-) TimerEvent: {}
[20.594000] (interfaces) StdoutLine: {'line': b'  Generating C type support dispatch for ROS interfaces\r\n'}
[20.610000] (-) TimerEvent: {}
[20.719000] (-) TimerEvent: {}
[20.844000] (-) TimerEvent: {}
[20.953000] (-) TimerEvent: {}
[21.063000] (-) TimerEvent: {}
[21.172000] (-) TimerEvent: {}
[21.281000] (-) TimerEvent: {}
[21.313000] (interfaces) StdoutLine: {'line': b'  Building Custom Rule C:/dev/Robotic_soln/src/interfaces/CMakeLists.txt\r\n'}
[21.391000] (-) TimerEvent: {}
[21.516000] (-) TimerEvent: {}
[21.610000] (interfaces) StdoutLine: {'line': b'  sensor_read__type_support.cpp\r\n'}
[21.610000] (interfaces) StdoutLine: {'line': b'  sensor_read2__type_support.cpp\r\n'}
[21.610000] (interfaces) StdoutLine: {'line': b'  read_sensor__type_support.cpp\r\n'}
[21.610000] (interfaces) StdoutLine: {'line': b'  read_sensor2__type_support.cpp\r\n'}
[21.625000] (-) TimerEvent: {}
[21.735000] (-) TimerEvent: {}
[21.844000] (-) TimerEvent: {}
[21.891000] (interfaces) StdoutLine: {'line': b'     Creating library C:/dev/Robotic_soln/build/interfaces/Release/interfaces__rosidl_typesupport_c.lib and object C:/dev/Robotic_soln/build/interfaces/Release/interfaces__rosidl_typesupport_c.exp\r\n'}
[21.953000] (-) TimerEvent: {}
[22.000000] (interfaces) StdoutLine: {'line': b'  interfaces__rosidl_typesupport_c.vcxproj -> C:\\dev\\Robotic_soln\\build\\interfaces\\Release\\interfaces__rosidl_typesupport_c.dll\r\n'}
[22.063000] (-) TimerEvent: {}
[22.156000] (interfaces) StdoutLine: {'line': b'  Generating C++ type support dispatch for ROS interfaces\r\n'}
[22.172000] (-) TimerEvent: {}
[22.297000] (-) TimerEvent: {}
[22.406000] (-) TimerEvent: {}
[22.516000] (-) TimerEvent: {}
[22.625000] (-) TimerEvent: {}
[22.735000] (-) TimerEvent: {}
[22.844000] (-) TimerEvent: {}
[22.875000] (interfaces) StdoutLine: {'line': b'  Building Custom Rule C:/dev/Robotic_soln/src/interfaces/CMakeLists.txt\r\n'}
[22.969000] (-) TimerEvent: {}
[23.078000] (-) TimerEvent: {}
[23.172000] (interfaces) StdoutLine: {'line': b'  sensor_read__type_support.cpp\r\n'}
[23.172000] (interfaces) StdoutLine: {'line': b'  sensor_read2__type_support.cpp\r\n'}
[23.172000] (interfaces) StdoutLine: {'line': b'  read_sensor__type_support.cpp\r\n'}
[23.172000] (interfaces) StdoutLine: {'line': b'  read_sensor2__type_support.cpp\r\n'}
[23.188000] (-) TimerEvent: {}
[23.297000] (-) TimerEvent: {}
[23.406000] (-) TimerEvent: {}
[23.516000] (-) TimerEvent: {}
[23.625000] (-) TimerEvent: {}
[23.750000] (-) TimerEvent: {}
[23.860000] (-) TimerEvent: {}
[23.875000] (interfaces) StdoutLine: {'line': b'     Creating library C:/dev/Robotic_soln/build/interfaces/Release/interfaces__rosidl_typesupport_cpp.lib and object C:/dev/Robotic_soln/build/interfaces/Release/interfaces__rosidl_typesupport_cpp.exp\r\n'}
[23.969000] (-) TimerEvent: {}
[23.985000] (interfaces) StdoutLine: {'line': b'  interfaces__rosidl_typesupport_cpp.vcxproj -> C:\\dev\\Robotic_soln\\build\\interfaces\\Release\\interfaces__rosidl_typesupport_cpp.dll\r\n'}
[24.078000] (-) TimerEvent: {}
[24.188000] (-) TimerEvent: {}
[24.235000] (interfaces) StdoutLine: {'line': b'  Generating C++ type support for eProsima Fast-RTPS\r\n'}
[24.297000] (-) TimerEvent: {}
[24.422000] (-) TimerEvent: {}
[24.547000] (-) TimerEvent: {}
[24.656000] (-) TimerEvent: {}
[24.766000] (-) TimerEvent: {}
[24.875000] (-) TimerEvent: {}
[24.985000] (-) TimerEvent: {}
[25.094000] (-) TimerEvent: {}
[25.125000] (interfaces) StdoutLine: {'line': b'  Building Custom Rule C:/dev/Robotic_soln/src/interfaces/CMakeLists.txt\r\n'}
[25.203000] (-) TimerEvent: {}
[25.328000] (-) TimerEvent: {}
[25.422000] (interfaces) StdoutLine: {'line': b'  sensor_read__type_support.cpp\r\n'}
[25.422000] (interfaces) StdoutLine: {'line': b'  sensor_read2__type_support.cpp\r\n'}
[25.422000] (interfaces) StdoutLine: {'line': b'  read_sensor__type_support.cpp\r\n'}
[25.438000] (interfaces) StdoutLine: {'line': b'  read_sensor2__type_support.cpp\r\n'}
[25.438000] (-) TimerEvent: {}
[25.547000] (-) TimerEvent: {}
[25.656000] (-) TimerEvent: {}
[25.766000] (-) TimerEvent: {}
[25.875000] (-) TimerEvent: {}
[25.985000] (-) TimerEvent: {}
[26.110000] (-) TimerEvent: {}
[26.219000] (-) TimerEvent: {}
[26.328000] (-) TimerEvent: {}
[26.438000] (-) TimerEvent: {}
[26.547000] (-) TimerEvent: {}
[26.641000] (interfaces) StdoutLine: {'line': b'     Creating library C:/dev/Robotic_soln/build/interfaces/Release/interfaces__rosidl_typesupport_fastrtps_cpp.lib and object C:/dev/Robotic_soln/build/interfaces/Release/interfaces__rosidl_typesupport_fastrtps_cpp.exp\r\n'}
[26.656000] (-) TimerEvent: {}
[26.766000] (interfaces) StdoutLine: {'line': b'  interfaces__rosidl_typesupport_fastrtps_cpp.vcxproj -> C:\\dev\\Robotic_soln\\build\\interfaces\\Release\\interfaces__rosidl_typesupport_fastrtps_cpp.dll\r\n'}
[26.766000] (-) TimerEvent: {}
[26.891000] (interfaces) StdoutLine: {'line': b'  Generating C type support for eProsima Fast-RTPS\r\n'}
[26.891000] (-) TimerEvent: {}
[27.000000] (-) TimerEvent: {}
[27.110000] (-) TimerEvent: {}
[27.219000] (-) TimerEvent: {}
[27.328000] (-) TimerEvent: {}
[27.438000] (-) TimerEvent: {}
[27.547000] (-) TimerEvent: {}
[27.672000] (-) TimerEvent: {}
[27.735000] (interfaces) StdoutLine: {'line': b'  Building Custom Rule C:/dev/Robotic_soln/src/interfaces/CMakeLists.txt\r\n'}
[27.781000] (-) TimerEvent: {}
[27.891000] (-) TimerEvent: {}
[28.000000] (-) TimerEvent: {}
[28.016000] (interfaces) StdoutLine: {'line': b'  sensor_read__type_support_c.cpp\r\n'}
[28.016000] (interfaces) StdoutLine: {'line': b'  sensor_read2__type_support_c.cpp\r\n'}
[28.016000] (interfaces) StdoutLine: {'line': b'  read_sensor__type_support_c.cpp\r\n'}
[28.016000] (interfaces) StdoutLine: {'line': b'  read_sensor2__type_support_c.cpp\r\n'}
[28.110000] (-) TimerEvent: {}
[28.219000] (-) TimerEvent: {}
[28.328000] (-) TimerEvent: {}
[28.453000] (-) TimerEvent: {}
[28.563000] (-) TimerEvent: {}
[28.672000] (-) TimerEvent: {}
[28.781000] (-) TimerEvent: {}
[28.891000] (-) TimerEvent: {}
[29.000000] (-) TimerEvent: {}
[29.110000] (-) TimerEvent: {}
[29.172000] (interfaces) StdoutLine: {'line': b'     Creating library C:/dev/Robotic_soln/build/interfaces/Release/interfaces__rosidl_typesupport_fastrtps_c.lib and object C:/dev/Robotic_soln/build/interfaces/Release/interfaces__rosidl_typesupport_fastrtps_c.exp\r\n'}
[29.219000] (-) TimerEvent: {}
[29.281000] (interfaces) StdoutLine: {'line': b'  interfaces__rosidl_typesupport_fastrtps_c.vcxproj -> C:\\dev\\Robotic_soln\\build\\interfaces\\Release\\interfaces__rosidl_typesupport_fastrtps_c.dll\r\n'}
[29.344000] (-) TimerEvent: {}
[29.453000] (-) TimerEvent: {}
[29.453000] (interfaces) StdoutLine: {'line': b'  Generating C introspection for ROS interfaces\r\n'}
[29.578000] (-) TimerEvent: {}
[29.688000] (-) TimerEvent: {}
[29.797000] (-) TimerEvent: {}
[29.906000] (-) TimerEvent: {}
[30.016000] (-) TimerEvent: {}
[30.125000] (-) TimerEvent: {}
[30.235000] (-) TimerEvent: {}
[30.281000] (interfaces) StdoutLine: {'line': b'  Building Custom Rule C:/dev/Robotic_soln/src/interfaces/CMakeLists.txt\r\n'}
[30.344000] (-) TimerEvent: {}
[30.453000] (-) TimerEvent: {}
[30.563000] (-) TimerEvent: {}
[30.563000] (interfaces) StdoutLine: {'line': b'  sensor_read__type_support.c\r\n'}
[30.563000] (interfaces) StdoutLine: {'line': b'  sensor_read2__type_support.c\r\n'}
[30.563000] (interfaces) StdoutLine: {'line': b'  read_sensor__type_support.c\r\n'}
[30.563000] (interfaces) StdoutLine: {'line': b'  read_sensor2__type_support.c\r\n'}
[30.672000] (-) TimerEvent: {}
[30.781000] (-) TimerEvent: {}
[30.828000] (interfaces) StdoutLine: {'line': b'     Creating library C:/dev/Robotic_soln/build/interfaces/Release/interfaces__rosidl_typesupport_introspection_c.lib and object C:/dev/Robotic_soln/build/interfaces/Release/interfaces__rosidl_typesupport_introspection_c.exp\r\n'}
[30.891000] (-) TimerEvent: {}
[30.938000] (interfaces) StdoutLine: {'line': b'  interfaces__rosidl_typesupport_introspection_c.vcxproj -> C:\\dev\\Robotic_soln\\build\\interfaces\\Release\\interfaces__rosidl_typesupport_introspection_c.dll\r\n'}
[31.000000] (-) TimerEvent: {}
[31.110000] (interfaces) StdoutLine: {'line': b'  Generating C++ introspection for ROS interfaces\r\n'}
[31.110000] (-) TimerEvent: {}
[31.235000] (-) TimerEvent: {}
[31.344000] (-) TimerEvent: {}
[31.453000] (-) TimerEvent: {}
[31.563000] (-) TimerEvent: {}
[31.672000] (-) TimerEvent: {}
[31.781000] (-) TimerEvent: {}
[31.891000] (-) TimerEvent: {}
[31.906000] (interfaces) StdoutLine: {'line': b'  Building Custom Rule C:/dev/Robotic_soln/src/interfaces/CMakeLists.txt\r\n'}
[32.000000] (-) TimerEvent: {}
[32.110000] (-) TimerEvent: {}
[32.188000] (interfaces) StdoutLine: {'line': b'  sensor_read__type_support.cpp\r\n'}
[32.188000] (interfaces) StdoutLine: {'line': b'  sensor_read2__type_support.cpp\r\n'}
[32.188000] (interfaces) StdoutLine: {'line': b'  read_sensor__type_support.cpp\r\n'}
[32.203000] (interfaces) StdoutLine: {'line': b'  read_sensor2__type_support.cpp\r\n'}
[32.219000] (-) TimerEvent: {}
[32.328000] (-) TimerEvent: {}
[32.438000] (-) TimerEvent: {}
[32.547000] (-) TimerEvent: {}
[32.656000] (-) TimerEvent: {}
[32.766000] (-) TimerEvent: {}
[32.875000] (-) TimerEvent: {}
[32.985000] (-) TimerEvent: {}
[33.000000] (interfaces) StdoutLine: {'line': b'     Creating library C:/dev/Robotic_soln/build/interfaces/Release/interfaces__rosidl_typesupport_introspection_cpp.lib and object C:/dev/Robotic_soln/build/interfaces/Release/interfaces__rosidl_typesupport_introspection_cpp.exp\r\n'}
[33.110000] (-) TimerEvent: {}
[33.110000] (interfaces) StdoutLine: {'line': b'  interfaces__rosidl_typesupport_introspection_cpp.vcxproj -> C:\\dev\\Robotic_soln\\build\\interfaces\\Release\\interfaces__rosidl_typesupport_introspection_cpp.dll\r\n'}
[33.219000] (-) TimerEvent: {}
[33.313000] (interfaces) StdoutLine: {'line': b'  Building Custom Rule C:/dev/Robotic_soln/src/interfaces/CMakeLists.txt\r\n'}
[33.328000] (-) TimerEvent: {}
[33.438000] (-) TimerEvent: {}
[33.547000] (-) TimerEvent: {}
[33.656000] (-) TimerEvent: {}
[33.656000] (interfaces) StdoutLine: {'line': b'  Generating Python code for ROS interfaces\r\n'}
[33.766000] (-) TimerEvent: {}
[33.875000] (-) TimerEvent: {}
[33.985000] (-) TimerEvent: {}
[34.110000] (-) TimerEvent: {}
[34.219000] (-) TimerEvent: {}
[34.328000] (-) TimerEvent: {}
[34.438000] (-) TimerEvent: {}
[34.547000] (-) TimerEvent: {}
[34.656000] (-) TimerEvent: {}
[34.766000] (-) TimerEvent: {}
[34.891000] (-) TimerEvent: {}
[35.000000] (-) TimerEvent: {}
[35.110000] (-) TimerEvent: {}
[35.188000] (interfaces) StdoutLine: {'line': b'  Building Custom Rule C:/dev/Robotic_soln/build/interfaces/interfaces__py/CMakeLists.txt\r\n'}
[35.219000] (-) TimerEvent: {}
[35.328000] (-) TimerEvent: {}
[35.344000] (interfaces) StdoutLine: {'line': b'  Building Custom Rule C:/dev/Robotic_soln/src/interfaces/CMakeLists.txt\r\n'}
[35.438000] (-) TimerEvent: {}
[35.547000] (-) TimerEvent: {}
[35.656000] (interfaces) StdoutLine: {'line': b'  _sensor_read_s.c\r\n'}
[35.656000] (-) TimerEvent: {}
[35.656000] (interfaces) StdoutLine: {'line': b'  _sensor_read2_s.c\r\n'}
[35.656000] (interfaces) StdoutLine: {'line': b'  _read_sensor_s.c\r\n'}
[35.656000] (interfaces) StdoutLine: {'line': b'  _read_sensor2_s.c\r\n'}
[35.781000] (-) TimerEvent: {}
[35.891000] (-) TimerEvent: {}
[36.000000] (-) TimerEvent: {}
[36.110000] (-) TimerEvent: {}
[36.110000] (interfaces) StdoutLine: {'line': b'     Creating library C:/dev/Robotic_soln/build/interfaces/Release/interfaces__python.lib and object C:/dev/Robotic_soln/build/interfaces/Release/interfaces__python.exp\r\n'}
[36.219000] (-) TimerEvent: {}
[36.219000] (interfaces) StdoutLine: {'line': b'  interfaces__python.vcxproj -> C:\\dev\\Robotic_soln\\build\\interfaces\\rosidl_generator_py\\interfaces\\interfaces__python.dll\r\n'}
[36.328000] (-) TimerEvent: {}
[36.406000] (interfaces) StdoutLine: {'line': b'  Building Custom Rule C:/dev/Robotic_soln/src/interfaces/CMakeLists.txt\r\n'}
[36.438000] (-) TimerEvent: {}
[36.563000] (-) TimerEvent: {}
[36.641000] (interfaces) StdoutLine: {'line': b'  _interfaces_s.ep.rosidl_typesupport_c.c\r\n'}
[36.688000] (-) TimerEvent: {}
[36.797000] (-) TimerEvent: {}
[36.906000] (-) TimerEvent: {}
[37.016000] (-) TimerEvent: {}
[37.031000] (interfaces) StdoutLine: {'line': b'     Creating library C:/dev/Robotic_soln/build/interfaces/Release/interfaces_s__rosidl_typesupport_c.lib and object C:/dev/Robotic_soln/build/interfaces/Release/interfaces_s__rosidl_typesupport_c.exp\r\n'}
[37.125000] (-) TimerEvent: {}
[37.125000] (interfaces) StdoutLine: {'line': b'  interfaces__rosidl_typesupport_c__pyext.vcxproj -> C:\\dev\\Robotic_soln\\build\\interfaces\\rosidl_generator_py\\interfaces\\interfaces_s__rosidl_typesupport_c.pyd\r\n'}
[37.235000] (-) TimerEvent: {}
[37.281000] (interfaces) StdoutLine: {'line': b'  Building Custom Rule C:/dev/Robotic_soln/src/interfaces/CMakeLists.txt\r\n'}
[37.344000] (-) TimerEvent: {}
[37.406000] (interfaces) StdoutLine: {'line': b'  _interfaces_s.ep.rosidl_typesupport_fastrtps_c.c\r\n'}
[37.453000] (-) TimerEvent: {}
[37.563000] (-) TimerEvent: {}
[37.594000] (interfaces) StdoutLine: {'line': b'     Creating library C:/dev/Robotic_soln/build/interfaces/Release/interfaces_s__rosidl_typesupport_fastrtps_c.lib and object C:/dev/Robotic_soln/build/interfaces/Release/interfaces_s__rosidl_typesupport_fastrtps_c.exp\r\n'}
[37.641000] (interfaces) StdoutLine: {'line': b'  interfaces__rosidl_typesupport_fastrtps_c__pyext.vcxproj -> C:\\dev\\Robotic_soln\\build\\interfaces\\rosidl_generator_py\\interfaces\\interfaces_s__rosidl_typesupport_fastrtps_c.pyd\r\n'}
[37.672000] (-) TimerEvent: {}
[37.735000] (interfaces) StdoutLine: {'line': b'  Building Custom Rule C:/dev/Robotic_soln/src/interfaces/CMakeLists.txt\r\n'}
[37.781000] (-) TimerEvent: {}
[37.828000] (interfaces) StdoutLine: {'line': b'  _interfaces_s.ep.rosidl_typesupport_introspection_c.c\r\n'}
[37.891000] (-) TimerEvent: {}
[38.000000] (interfaces) StdoutLine: {'line': b'     Creating library C:/dev/Robotic_soln/build/interfaces/Release/interfaces_s__rosidl_typesupport_introspection_c.lib and object C:/dev/Robotic_soln/build/interfaces/Release/interfaces_s__rosidl_typesupport_introspection_c.exp\r\n'}
[38.000000] (-) TimerEvent: {}
[38.047000] (interfaces) StdoutLine: {'line': b'  interfaces__rosidl_typesupport_introspection_c__pyext.vcxproj -> C:\\dev\\Robotic_soln\\build\\interfaces\\rosidl_generator_py\\interfaces\\interfaces_s__rosidl_typesupport_introspection_c.pyd\r\n'}
[38.094000] (interfaces) StdoutLine: {'line': b'  Building Custom Rule C:/dev/Robotic_soln/src/interfaces/CMakeLists.txt\r\n'}
[38.110000] (-) TimerEvent: {}
[38.172000] (interfaces) CommandEnded: {'returncode': 0}
[38.172000] (interfaces) JobProgress: {'identifier': 'interfaces', 'progress': 'install'}
[38.219000] (-) TimerEvent: {}
[38.266000] (interfaces) Command: {'cmd': ['c:\\opt\\ros\\foxy\\x64\\Scripts\\cmake.EXE', '--install', 'C:\\dev\\Robotic_soln\\build\\interfaces', '--config', 'Release'], 'cwd': 'C:\\dev\\Robotic_soln\\build\\interfaces', 'env': OrderedDict([('ALLUSERSPROFILE', 'C:\\ProgramData'), ('AMENT_PREFIX_PATH', 'c:\\opt\\ros\\foxy\\x64'), ('APPDATA', 'C:\\Users\\dvuon\\AppData\\Roaming'), ('ChocolateyInstall', 'C:\\ProgramData\\chocolatey'), ('ChocolateyLastPathUpdate', '133207244663475842'), ('CMAKE_PREFIX_PATH', 'C:\\opt\\ros\\foxy\\x64\\tools\\vcpkg\\installed\\x64-windows;c:\\opt\\ros\\foxy\\x64'), ('COLCON', '1'), ('COLCON_PREFIX_PATH', 'c:\\opt\\ros\\foxy\\x64\\'), ('CommandPromptType', 'Native'), ('CommonProgramFiles', 'C:\\Program Files\\Common Files'), ('CommonProgramFiles(x86)', 'C:\\Program Files (x86)\\Common Files'), ('CommonProgramW6432', 'C:\\Program Files\\Common Files'), ('COMPUTERNAME', 'LAPTOP-H8UQ26TO'), ('ComSpec', 'C:\\Windows\\system32\\cmd.exe'), ('CUDA_PATH', 'C:\\Program Files\\NVIDIA GPU Computing Toolkit\\CUDA\\v11.6'), ('CUDA_PATH_V11_6', 'C:\\Program Files\\NVIDIA GPU Computing Toolkit\\CUDA\\v11.6'), ('DevEnvDir', 'C:\\Program Files (x86)\\Microsoft Visual Studio\\2019\\Community\\Common7\\IDE\\'), ('DriverData', 'C:\\Windows\\System32\\Drivers\\DriverData'), ('ExtensionSdkDir', 'C:\\Program Files (x86)\\Microsoft SDKs\\Windows Kits\\10\\ExtensionSDKs'), ('Framework40Version', 'v4.0'), ('FrameworkDir', 'C:\\Windows\\Microsoft.NET\\Framework64\\'), ('FrameworkDir64', 'C:\\Windows\\Microsoft.NET\\Framework64\\'), ('FrameworkVersion', 'v4.0.30319'), ('FrameworkVersion64', 'v4.0.30319'), ('GAZEBO_MASTER_URI', 'http://localhost:11345'), ('GAZEBO_MODEL_DATABASE_URI', 'http://models.gazebosim.org'), ('GAZEBO_MODEL_PATH', 'C:\\opt\\ros\\foxy\\x64\\share\\gazebo-10\\models;'), ('GAZEBO_PLUGIN_PATH', 'C:\\opt\\ros\\foxy\\x64\\lib\\gazebo-10\\plugins;'), ('GAZEBO_RESOURCE_PATH', 'C:\\opt\\ros\\foxy\\x64\\share\\gazebo-10;'), ('HOME', 'C:\\Users\\dvuon'), ('HOMEDRIVE', 'C:'), ('HOMEPATH', '\\Users\\dvuon'), ('INCLUDE', 'C:\\Program Files (x86)\\Microsoft Visual Studio\\2019\\Community\\VC\\Tools\\MSVC\\14.29.30133\\ATLMFC\\include;C:\\Program Files (x86)\\Microsoft Visual Studio\\2019\\Community\\VC\\Tools\\MSVC\\14.29.30133\\include;C:\\Program Files (x86)\\Windows Kits\\10\\include\\10.0.19041.0\\ucrt;C:\\Program Files (x86)\\Windows Kits\\10\\include\\10.0.19041.0\\shared;C:\\Program Files (x86)\\Windows Kits\\10\\include\\10.0.19041.0\\um;C:\\Program Files (x86)\\Windows Kits\\10\\include\\10.0.19041.0\\winrt;C:\\Program Files (x86)\\Windows Kits\\10\\include\\10.0.19041.0\\cppwinrt'), ('JAVA_HOME', 'C:\\Program Files\\Java\\jre1.8.0_351'), ('LD_LIBRARY_PATH', ';C:\\opt\\ros\\foxy\\x64\\lib\\gazebo-10\\plugins'), ('LIB', 'C:\\Program Files (x86)\\Microsoft Visual Studio\\2019\\Community\\VC\\Tools\\MSVC\\14.29.30133\\ATLMFC\\lib\\x64;C:\\Program Files (x86)\\Microsoft Visual Studio\\2019\\Community\\VC\\Tools\\MSVC\\14.29.30133\\lib\\x64;C:\\Program Files (x86)\\Windows Kits\\10\\lib\\10.0.19041.0\\ucrt\\x64;C:\\Program Files (x86)\\Windows Kits\\10\\lib\\10.0.19041.0\\um\\x64'), ('LIBPATH', 'C:\\Program Files (x86)\\Microsoft Visual Studio\\2019\\Community\\VC\\Tools\\MSVC\\14.29.30133\\ATLMFC\\lib\\x64;C:\\Program Files (x86)\\Microsoft Visual Studio\\2019\\Community\\VC\\Tools\\MSVC\\14.29.30133\\lib\\x64;C:\\Program Files (x86)\\Microsoft Visual Studio\\2019\\Community\\VC\\Tools\\MSVC\\14.29.30133\\lib\\x86\\store\\references;C:\\Program Files (x86)\\Windows Kits\\10\\UnionMetadata\\10.0.19041.0;C:\\Program Files (x86)\\Windows Kits\\10\\References\\10.0.19041.0;C:\\Windows\\Microsoft.NET\\Framework64\\v4.0.30319'), ('LOCALAPPDATA', 'C:\\Users\\dvuon\\AppData\\Local'), ('LOGONSERVER', '\\\\LAPTOP-H8UQ26TO'), ('NUMBER_OF_PROCESSORS', '16'), ('NVTOOLSEXT_PATH', 'C:\\Program Files\\NVIDIA Corporation\\NvToolsExt\\'), ('OGRE_RESOURCE_PATH', 'C:/opt/ros/foxy/x64/bin'), ('OneDrive', 'C:\\Users\\dvuon\\OneDrive'), ('OneDriveConsumer', 'C:\\Users\\dvuon\\OneDrive'), ('OpenCV_DIR', 'C:\\opencv'), ('OS', 'Windows_NT'), ('PATH', ';C:\\opt\\ros\\foxy\\x64\\lib\\gazebo-10\\plugins;c:\\opt\\ros\\foxy\\x64\\opt\\rviz_ogre_vendor\\bin;C:\\opt\\ros\\foxy\\x64\\tools\\vcpkg\\installed\\x64-windows\\bin;C:\\opt\\ros\\foxy\\x64\\tools\\vcpkg;c:\\opt\\ros\\foxy\\x64\\Scripts;c:\\opt\\ros\\foxy\\x64\\bin;c:\\opt\\ros\\foxy\\x64\\;C:\\Program Files (x86)\\Microsoft Visual Studio\\2019\\Community\\Common7\\IDE\\\\Extensions\\Microsoft\\IntelliCode\\CLI;C:\\Program Files (x86)\\Microsoft Visual Studio\\2019\\Community\\VC\\Tools\\MSVC\\14.29.30133\\bin\\HostX64\\x64;C:\\Program Files (x86)\\Microsoft Visual Studio\\2019\\Community\\Common7\\IDE\\VC\\VCPackages;C:\\Program Files (x86)\\Microsoft Visual Studio\\2019\\Community\\Common7\\IDE\\CommonExtensions\\Microsoft\\TestWindow;C:\\Program Files (x86)\\Microsoft Visual Studio\\2019\\Community\\Common7\\IDE\\CommonExtensions\\Microsoft\\TeamFoundation\\Team Explorer;C:\\Program Files (x86)\\Microsoft Visual Studio\\2019\\Community\\MSBuild\\Current\\bin\\Roslyn;C:\\Program Files (x86)\\Microsoft Visual Studio\\2019\\Community\\Team Tools\\Performance Tools\\x64;C:\\Program Files (x86)\\Microsoft Visual Studio\\2019\\Community\\Team Tools\\Performance Tools;C:\\Program Files (x86)\\Microsoft Visual Studio\\Shared\\Common\\VSPerfCollectionTools\\vs2019\\\\x64;C:\\Program Files (x86)\\Microsoft Visual Studio\\Shared\\Common\\VSPerfCollectionTools\\vs2019\\;C:\\Program Files (x86)\\Microsoft Visual Studio\\2019\\Community\\Common7\\Tools\\devinit;C:\\Program Files (x86)\\Windows Kits\\10\\bin\\10.0.19041.0\\x64;C:\\Program Files (x86)\\Windows Kits\\10\\bin\\x64;C:\\Program Files (x86)\\Microsoft Visual Studio\\2019\\Community\\\\MSBuild\\Current\\Bin;C:\\Windows\\Microsoft.NET\\Framework64\\v4.0.30319;C:\\Program Files (x86)\\Microsoft Visual Studio\\2019\\Community\\Common7\\IDE\\;C:\\Program Files (x86)\\Microsoft Visual Studio\\2019\\Community\\Common7\\Tools\\;C:\\Python38\\Scripts\\;C:\\Python38\\;C:\\Program Files (x86)\\Common Files\\Oracle\\Java\\javapath;C:\\Program Files (x86)\\Razer Chroma SDK\\bin;C:\\Program Files\\Razer Chroma SDK\\bin;C:\\Program Files (x86)\\Razer\\ChromaBroadcast\\bin;C:\\Program Files\\Razer\\ChromaBroadcast\\bin;C:\\Program Files\\NVIDIA GPU Computing Toolkit\\CUDA\\v11.6\\bin;C:\\Program Files\\NVIDIA GPU Computing Toolkit\\CUDA\\v11.6\\libnvvp;C:\\Program Files\\NVIDIA Corporation\\NVIDIA NvDLISR;C:\\Windows\\system32\\config\\systemprofile\\AppData\\Local\\Microsoft\\WindowsApps;C:\\Program Files (x86)\\Google\\Cloud SDK\\google-cloud-sdk\\bin;C:\\Program Files\\dotnet\\;C:\\ProgramData\\chocolatey\\bin;C:\\opencv\\x64\\vc16\\bin;C:\\ProgramData\\chocolatey\\lib\\cunit\\lib;C:\\ProgramData\\chocolatey\\lib\\tinyxml2\\lib;C:\\ProgramData\\chocolatey\\lib\\log4cxx\\lib;C:\\ProgramData\\chocolatey\\lib\\bullet\\lib;C:\\Program Files\\Git\\cmd;C:\\Users\\dvuon\\AppData\\Local\\Programs\\Python\\Python39\\Scripts\\;C:\\Users\\dvuon\\AppData\\Local\\Programs\\Python\\Python39\\;C:\\Users\\dvuon\\AppData\\Local\\Microsoft\\WindowsApps;C:\\Users\\dvuon\\AppData\\Local\\atom\\bin;C:\\Users\\dvuon\\AppData\\Local\\GitHubDesktop\\bin;C:\\Program Files (x86)\\GitHub CLI\\;C:\\Program Files\\NVIDIA GPU Computing Toolkit\\CUDA\\v11.6\\extras\\CUPTI\\lib64;C:\\Program Files\\NVIDIA GPU Computing Toolkit\\CUDA\\v11.6\\include;C:\\tools\\cuda\\bin;C:\\Program Files\\NVIDIA\\CUDNN\\v8.1\\bin;C:\\Users\\dvuon\\AppData\\Local\\Programs\\Julia-1.7.2\\bin;C:\\Program Files (x86)\\Terraform;C:\\Users\\dvuon\\AppData\\Local\\Programs\\Microsoft VS Code\\bin;C:\\Windows\\System32\\WindowsPowerShell\\v1.0;C:\\Windows\\System32;C:\\Program Files (x86)\\Vim\\vim90;C:\\Program Files (x86)\\Microsoft Visual Studio\\2019\\Community\\Common7\\IDE\\CommonExtensions\\Microsoft\\CMake\\CMake\\bin;C:\\Program Files (x86)\\Microsoft Visual Studio\\2019\\Community\\Common7\\IDE\\CommonExtensions\\Microsoft\\CMake\\Ninja'), ('PATHEXT', '.COM;.EXE;.BAT;.CMD;.VBS;.VBE;.JS;.JSE;.WSF;.WSH;.MSC;.PY;.PYW'), ('PKG_CONFIG_PATH', 'c:\\opt\\ros\\foxy\\x64\\lib\\pkgconfig'), ('Platform', 'x64'), ('PROCESSOR_ARCHITECTURE', 'AMD64'), ('PROCESSOR_IDENTIFIER', 'AMD64 Family 25 Model 80 Stepping 0, AuthenticAMD'), ('PROCESSOR_LEVEL', '25'), ('PROCESSOR_REVISION', '5000'), ('ProgramData', 'C:\\ProgramData'), ('ProgramFiles', 'C:\\Program Files'), ('ProgramFiles(x86)', 'C:\\Program Files (x86)'), ('ProgramW6432', 'C:\\Program Files'), ('PROMPT', '$P$G'), ('PSModulePath', 'C:\\Program Files\\WindowsPowerShell\\Modules;C:\\Windows\\system32\\WindowsPowerShell\\v1.0\\Modules;C:\\Program Files (x86)\\Google\\Cloud SDK\\google-cloud-sdk\\platform\\PowerShell'), ('PUBLIC', 'C:\\Users\\Public'), ('PYTHONPATH', 'c:\\opt\\ros\\foxy\\x64\\Lib\\site-packages;C:\\Python38\\'), ('ROS_DISTRO', 'foxy'), ('ROS_ETC_DIR', 'C:\\opt\\ros\\foxy\\x64\\etc\\ros'), ('ROS_LOCALHOST_ONLY', '0'), ('ROS_PYTHON_VERSION', '3'), ('ROS_VERSION', '2'), ('SDF_PATH', 'c:\\opt\\ros\\foxy\\x64\\share\\sdformat\\1.6'), ('SystemDrive', 'C:'), ('SystemRoot', 'C:\\Windows'), ('TEMP', 'C:\\Users\\dvuon\\AppData\\Local\\Temp'), ('terraform', 'C:\\Program Files (x86)\\Terraform'), ('TMP', 'C:\\Users\\dvuon\\AppData\\Local\\Temp'), ('UCRTVersion', '10.0.19041.0'), ('UniversalCRTSdkDir', 'C:\\Program Files (x86)\\Windows Kits\\10\\'), ('USERDOMAIN', 'LAPTOP-H8UQ26TO'), ('USERDOMAIN_ROAMINGPROFILE', 'LAPTOP-H8UQ26TO'), ('USERNAME', 'dvuon'), ('USERPROFILE', 'C:\\Users\\dvuon'), ('VBOX_HWVIRTEX_IGNORE_SVM_IN_USE', '1'), ('VCIDEInstallDir', 'C:\\Program Files (x86)\\Microsoft Visual Studio\\2019\\Community\\Common7\\IDE\\VC\\'), ('VCINSTALLDIR', 'C:\\Program Files (x86)\\Microsoft Visual Studio\\2019\\Community\\VC\\'), ('VCPKG_DEFAULT_TRIPLET', 'x64-windows'), ('VCPKG_ROOT', 'C:\\opt\\ros\\foxy\\x64\\tools\\vcpkg'), ('VCToolsInstallDir', 'C:\\Program Files (x86)\\Microsoft Visual Studio\\2019\\Community\\VC\\Tools\\MSVC\\14.29.30133\\'), ('VCToolsRedistDir', 'C:\\Program Files (x86)\\Microsoft Visual Studio\\2019\\Community\\VC\\Redist\\MSVC\\14.29.30133\\'), ('VCToolsVersion', '14.29.30133'), ('VisualStudioVersion', '16.0'), ('VS160COMNTOOLS', 'C:\\Program Files (x86)\\Microsoft Visual Studio\\2019\\Community\\Common7\\Tools\\'), ('VSCMD_ARG_app_plat', 'Desktop'), ('VSCMD_ARG_HOST_ARCH', 'x64'), ('VSCMD_ARG_TGT_ARCH', 'x64'), ('VSCMD_VER', '16.11.23'), ('VSINSTALLDIR', 'C:\\Program Files (x86)\\Microsoft Visual Studio\\2019\\Community\\'), ('windir', 'C:\\Windows'), ('WindowsLibPath', 'C:\\Program Files (x86)\\Windows Kits\\10\\UnionMetadata\\10.0.19041.0;C:\\Program Files (x86)\\Windows Kits\\10\\References\\10.0.19041.0'), ('WindowsSdkBinPath', 'C:\\Program Files (x86)\\Windows Kits\\10\\bin\\'), ('WindowsSdkDir', 'C:\\Program Files (x86)\\Windows Kits\\10\\'), ('WindowsSDKLibVersion', '10.0.19041.0\\'), ('WindowsSdkVerBinPath', 'C:\\Program Files (x86)\\Windows Kits\\10\\bin\\10.0.19041.0\\'), ('WindowsSDKVersion', '10.0.19041.0\\'), ('__devinit_path', 'C:\\Program Files (x86)\\Microsoft Visual Studio\\2019\\Community\\Common7\\Tools\\devinit\\devinit.exe'), ('__DOTNET_ADD_64BIT', '1'), ('__DOTNET_PREFERRED_BITNESS', '64'), ('__VSCMD_PREINIT_PATH', 'C:\\Python38\\Scripts\\;C:\\Python38\\;C:\\Program Files (x86)\\Common Files\\Oracle\\Java\\javapath;C:\\Program Files (x86)\\Razer Chroma SDK\\bin;C:\\Program Files\\Razer Chroma SDK\\bin;C:\\Program Files (x86)\\Razer\\ChromaBroadcast\\bin;C:\\Program Files\\Razer\\ChromaBroadcast\\bin;C:\\Program Files\\NVIDIA GPU Computing Toolkit\\CUDA\\v11.6\\bin;C:\\Program Files\\NVIDIA GPU Computing Toolkit\\CUDA\\v11.6\\libnvvp;C:\\Program Files\\NVIDIA Corporation\\NVIDIA NvDLISR;C:\\Windows\\system32\\config\\systemprofile\\AppData\\Local\\Microsoft\\WindowsApps;C:\\Program Files (x86)\\Google\\Cloud SDK\\google-cloud-sdk\\bin;C:\\Program Files\\dotnet\\;C:\\ProgramData\\chocolatey\\bin;C:\\opencv\\x64\\vc16\\bin;C:\\ProgramData\\chocolatey\\lib\\cunit\\lib;C:\\ProgramData\\chocolatey\\lib\\tinyxml2\\lib;C:\\ProgramData\\chocolatey\\lib\\log4cxx\\lib;C:\\ProgramData\\chocolatey\\lib\\bullet\\lib;C:\\Program Files\\Git\\cmd;C:\\Users\\dvuon\\AppData\\Local\\Programs\\Python\\Python39\\Scripts\\;C:\\Users\\dvuon\\AppData\\Local\\Programs\\Python\\Python39\\;C:\\Users\\dvuon\\AppData\\Local\\Microsoft\\WindowsApps;C:\\Users\\dvuon\\AppData\\Local\\atom\\bin;C:\\Users\\dvuon\\AppData\\Local\\GitHubDesktop\\bin;C:\\Program Files (x86)\\GitHub CLI\\;C:\\Program Files\\NVIDIA GPU Computing Toolkit\\CUDA\\v11.6\\extras\\CUPTI\\lib64;C:\\Program Files\\NVIDIA GPU Computing Toolkit\\CUDA\\v11.6\\include;C:\\tools\\cuda\\bin;C:\\Program Files\\NVIDIA\\CUDNN\\v8.1\\bin;C:\\Users\\dvuon\\AppData\\Local\\Programs\\Julia-1.7.2\\bin;C:\\Program Files (x86)\\Terraform;C:\\Users\\dvuon\\AppData\\Local\\Programs\\Microsoft VS Code\\bin;C:\\Windows\\System32\\WindowsPowerShell\\v1.0;C:\\Windows\\System32;C:\\Program Files (x86)\\Vim\\vim90'), ('__VSCMD_script_err_count', '0')]), 'shell': False}
[38.328000] (-) TimerEvent: {}
[38.344000] (interfaces) StdoutLine: {'line': b'-- Installing: C:/dev/Robotic_soln/install/share/ament_index/resource_index/rosidl_interfaces/interfaces\n'}
[38.344000] (interfaces) StdoutLine: {'line': b'-- Installing: C:/dev/Robotic_soln/install/include/interfaces\n'}
[38.344000] (interfaces) StdoutLine: {'line': b'-- Installing: C:/dev/Robotic_soln/install/include/interfaces/msg\n'}
[38.344000] (interfaces) StdoutLine: {'line': b'-- Installing: C:/dev/Robotic_soln/install/include/interfaces/msg/detail\n'}
[38.344000] (interfaces) StdoutLine: {'line': b'-- Installing: C:/dev/Robotic_soln/install/include/interfaces/msg/detail/sensor_read2__functions.c\n'}
[38.360000] (interfaces) StdoutLine: {'line': b'-- Installing: C:/dev/Robotic_soln/install/include/interfaces/msg/detail/sensor_read2__functions.h\n'}
[38.360000] (interfaces) StdoutLine: {'line': b'-- Installing: C:/dev/Robotic_soln/install/include/interfaces/msg/detail/sensor_read2__struct.h\n'}
[38.360000] (interfaces) StdoutLine: {'line': b'-- Installing: C:/dev/Robotic_soln/install/include/interfaces/msg/detail/sensor_read2__type_support.h\n'}
[38.360000] (interfaces) StdoutLine: {'line': b'-- Installing: C:/dev/Robotic_soln/install/include/interfaces/msg/detail/sensor_read__functions.c\n'}
[38.360000] (interfaces) StdoutLine: {'line': b'-- Installing: C:/dev/Robotic_soln/install/include/interfaces/msg/detail/sensor_read__functions.h\n'}
[38.375000] (interfaces) StdoutLine: {'line': b'-- Installing: C:/dev/Robotic_soln/install/include/interfaces/msg/detail/sensor_read__struct.h\n'}
[38.375000] (interfaces) StdoutLine: {'line': b'-- Installing: C:/dev/Robotic_soln/install/include/interfaces/msg/detail/sensor_read__type_support.h\n'}
[38.375000] (interfaces) StdoutLine: {'line': b'-- Installing: C:/dev/Robotic_soln/install/include/interfaces/msg/rosidl_generator_c__visibility_control.h\n'}
[38.375000] (interfaces) StdoutLine: {'line': b'-- Installing: C:/dev/Robotic_soln/install/include/interfaces/msg/sensor_read.h\n'}
[38.375000] (interfaces) StdoutLine: {'line': b'-- Installing: C:/dev/Robotic_soln/install/include/interfaces/msg/sensor_read2.h\n'}
[38.391000] (interfaces) StdoutLine: {'line': b'-- Installing: C:/dev/Robotic_soln/install/include/interfaces/srv\n'}
[38.391000] (interfaces) StdoutLine: {'line': b'-- Installing: C:/dev/Robotic_soln/install/include/interfaces/srv/detail\n'}
[38.391000] (interfaces) StdoutLine: {'line': b'-- Installing: C:/dev/Robotic_soln/install/include/interfaces/srv/detail/read_sensor2__functions.c\n'}
[38.391000] (interfaces) StdoutLine: {'line': b'-- Installing: C:/dev/Robotic_soln/install/include/interfaces/srv/detail/read_sensor2__functions.h\n'}
[38.391000] (interfaces) StdoutLine: {'line': b'-- Installing: C:/dev/Robotic_soln/install/include/interfaces/srv/detail/read_sensor2__struct.h\n'}
[38.406000] (interfaces) StdoutLine: {'line': b'-- Installing: C:/dev/Robotic_soln/install/include/interfaces/srv/detail/read_sensor2__type_support.h\n'}
[38.406000] (interfaces) StdoutLine: {'line': b'-- Installing: C:/dev/Robotic_soln/install/include/interfaces/srv/detail/read_sensor__functions.c\n'}
[38.406000] (interfaces) StdoutLine: {'line': b'-- Installing: C:/dev/Robotic_soln/install/include/interfaces/srv/detail/read_sensor__functions.h\n'}
[38.406000] (interfaces) StdoutLine: {'line': b'-- Installing: C:/dev/Robotic_soln/install/include/interfaces/srv/detail/read_sensor__struct.h\n'}
[38.422000] (interfaces) StdoutLine: {'line': b'-- Installing: C:/dev/Robotic_soln/install/include/interfaces/srv/detail/read_sensor__type_support.h\n'}
[38.422000] (interfaces) StdoutLine: {'line': b'-- Installing: C:/dev/Robotic_soln/install/include/interfaces/srv/read_sensor.h\n'}
[38.422000] (interfaces) StdoutLine: {'line': b'-- Installing: C:/dev/Robotic_soln/install/include/interfaces/srv/read_sensor2.h\n'}
[38.422000] (interfaces) StdoutLine: {'line': b'-- Installing: C:/dev/Robotic_soln/install/lib/interfaces__rosidl_generator_c.lib\n'}
[38.438000] (-) TimerEvent: {}
[38.438000] (interfaces) StdoutLine: {'line': b'-- Installing: C:/dev/Robotic_soln/install/bin/interfaces__rosidl_generator_c.dll\n'}
[38.438000] (interfaces) StdoutLine: {'line': b'-- Up-to-date: C:/dev/Robotic_soln/install/include/interfaces\n'}
[38.438000] (interfaces) StdoutLine: {'line': b'-- Up-to-date: C:/dev/Robotic_soln/install/include/interfaces/msg\n'}
[38.438000] (interfaces) StdoutLine: {'line': b'-- Up-to-date: C:/dev/Robotic_soln/install/include/interfaces/msg/detail\n'}
[38.438000] (interfaces) StdoutLine: {'line': b'-- Installing: C:/dev/Robotic_soln/install/include/interfaces/msg/detail/sensor_read2__rosidl_typesupport_fastrtps_c.h\n'}
[38.453000] (interfaces) StdoutLine: {'line': b'-- Installing: C:/dev/Robotic_soln/install/include/interfaces/msg/detail/sensor_read__rosidl_typesupport_fastrtps_c.h\n'}
[38.453000] (interfaces) StdoutLine: {'line': b'-- Installing: C:/dev/Robotic_soln/install/include/interfaces/msg/rosidl_typesupport_fastrtps_c__visibility_control.h\n'}
[38.453000] (interfaces) StdoutLine: {'line': b'-- Up-to-date: C:/dev/Robotic_soln/install/include/interfaces/srv\n'}
[38.453000] (interfaces) StdoutLine: {'line': b'-- Up-to-date: C:/dev/Robotic_soln/install/include/interfaces/srv/detail\n'}
[38.453000] (interfaces) StdoutLine: {'line': b'-- Installing: C:/dev/Robotic_soln/install/include/interfaces/srv/detail/read_sensor2__rosidl_typesupport_fastrtps_c.h\n'}
[38.453000] (interfaces) StdoutLine: {'line': b'-- Installing: C:/dev/Robotic_soln/install/include/interfaces/srv/detail/read_sensor__rosidl_typesupport_fastrtps_c.h\n'}
[38.469000] (interfaces) StdoutLine: {'line': b'-- Installing: C:/dev/Robotic_soln/install/lib/interfaces__rosidl_typesupport_fastrtps_c.lib\n'}
[38.469000] (interfaces) StdoutLine: {'line': b'-- Installing: C:/dev/Robotic_soln/install/bin/interfaces__rosidl_typesupport_fastrtps_c.dll\n'}
[38.469000] (interfaces) StdoutLine: {'line': b'-- Up-to-date: C:/dev/Robotic_soln/install/include/interfaces\n'}
[38.469000] (interfaces) StdoutLine: {'line': b'-- Up-to-date: C:/dev/Robotic_soln/install/include/interfaces/msg\n'}
[38.485000] (interfaces) StdoutLine: {'line': b'-- Up-to-date: C:/dev/Robotic_soln/install/include/interfaces/msg/detail\n'}
[38.485000] (interfaces) StdoutLine: {'line': b'-- Installing: C:/dev/Robotic_soln/install/include/interfaces/msg/detail/dds_fastrtps\n'}
[38.485000] (interfaces) StdoutLine: {'line': b'-- Installing: C:/dev/Robotic_soln/install/include/interfaces/msg/detail/sensor_read2__rosidl_typesupport_fastrtps_cpp.hpp\n'}
[38.485000] (interfaces) StdoutLine: {'line': b'-- Installing: C:/dev/Robotic_soln/install/include/interfaces/msg/detail/sensor_read__rosidl_typesupport_fastrtps_cpp.hpp\n'}
[38.485000] (interfaces) StdoutLine: {'line': b'-- Installing: C:/dev/Robotic_soln/install/include/interfaces/msg/rosidl_typesupport_fastrtps_cpp__visibility_control.h\n'}
[38.485000] (interfaces) StdoutLine: {'line': b'-- Up-to-date: C:/dev/Robotic_soln/install/include/interfaces/srv\n'}
[38.485000] (interfaces) StdoutLine: {'line': b'-- Up-to-date: C:/dev/Robotic_soln/install/include/interfaces/srv/detail\n'}
[38.485000] (interfaces) StdoutLine: {'line': b'-- Installing: C:/dev/Robotic_soln/install/include/interfaces/srv/detail/dds_fastrtps\n'}
[38.500000] (interfaces) StdoutLine: {'line': b'-- Installing: C:/dev/Robotic_soln/install/include/interfaces/srv/detail/read_sensor2__rosidl_typesupport_fastrtps_cpp.hpp\n'}
[38.500000] (interfaces) StdoutLine: {'line': b'-- Installing: C:/dev/Robotic_soln/install/include/interfaces/srv/detail/read_sensor__rosidl_typesupport_fastrtps_cpp.hpp\n'}
[38.500000] (interfaces) StdoutLine: {'line': b'-- Installing: C:/dev/Robotic_soln/install/lib/interfaces__rosidl_typesupport_fastrtps_cpp.lib\n'}
[38.516000] (interfaces) StdoutLine: {'line': b'-- Installing: C:/dev/Robotic_soln/install/bin/interfaces__rosidl_typesupport_fastrtps_cpp.dll\n'}
[38.516000] (interfaces) StdoutLine: {'line': b'-- Up-to-date: C:/dev/Robotic_soln/install/include/interfaces\n'}
[38.516000] (interfaces) StdoutLine: {'line': b'-- Up-to-date: C:/dev/Robotic_soln/install/include/interfaces/msg\n'}
[38.516000] (interfaces) StdoutLine: {'line': b'-- Up-to-date: C:/dev/Robotic_soln/install/include/interfaces/msg/detail\n'}
[38.516000] (interfaces) StdoutLine: {'line': b'-- Installing: C:/dev/Robotic_soln/install/include/interfaces/msg/detail/sensor_read2__rosidl_typesupport_introspection_c.h\n'}
[38.531000] (interfaces) StdoutLine: {'line': b'-- Installing: C:/dev/Robotic_soln/install/include/interfaces/msg/detail/sensor_read2__type_support.c\n'}
[38.531000] (interfaces) StdoutLine: {'line': b'-- Installing: C:/dev/Robotic_soln/install/include/interfaces/msg/detail/sensor_read__rosidl_typesupport_introspection_c.h\n'}
[38.531000] (interfaces) StdoutLine: {'line': b'-- Installing: C:/dev/Robotic_soln/install/include/interfaces/msg/detail/sensor_read__type_support.c\n'}
[38.531000] (interfaces) StdoutLine: {'line': b'-- Installing: C:/dev/Robotic_soln/install/include/interfaces/msg/rosidl_typesupport_introspection_c__visibility_control.h\n'}
[38.531000] (interfaces) StdoutLine: {'line': b'-- Up-to-date: C:/dev/Robotic_soln/install/include/interfaces/srv\n'}
[38.531000] (interfaces) StdoutLine: {'line': b'-- Up-to-date: C:/dev/Robotic_soln/install/include/interfaces/srv/detail\n'}
[38.547000] (interfaces) StdoutLine: {'line': b'-- Installing: C:/dev/Robotic_soln/install/include/interfaces/srv/detail/read_sensor2__rosidl_typesupport_introspection_c.h\n'}
[38.547000] (-) TimerEvent: {}
[38.547000] (interfaces) StdoutLine: {'line': b'-- Installing: C:/dev/Robotic_soln/install/include/interfaces/srv/detail/read_sensor2__type_support.c\n'}
[38.547000] (interfaces) StdoutLine: {'line': b'-- Installing: C:/dev/Robotic_soln/install/include/interfaces/srv/detail/read_sensor__rosidl_typesupport_introspection_c.h\n'}
[38.563000] (interfaces) StdoutLine: {'line': b'-- Installing: C:/dev/Robotic_soln/install/include/interfaces/srv/detail/read_sensor__type_support.c\n'}
[38.563000] (interfaces) StdoutLine: {'line': b'-- Installing: C:/dev/Robotic_soln/install/lib/interfaces__rosidl_typesupport_introspection_c.lib\n'}
[38.578000] (interfaces) StdoutLine: {'line': b'-- Installing: C:/dev/Robotic_soln/install/bin/interfaces__rosidl_typesupport_introspection_c.dll\n'}
[38.578000] (interfaces) StdoutLine: {'line': b'-- Installing: C:/dev/Robotic_soln/install/lib/interfaces__rosidl_typesupport_c.lib\n'}
[38.594000] (interfaces) StdoutLine: {'line': b'-- Installing: C:/dev/Robotic_soln/install/bin/interfaces__rosidl_typesupport_c.dll\n'}
[38.594000] (interfaces) StdoutLine: {'line': b'-- Up-to-date: C:/dev/Robotic_soln/install/include/interfaces\n'}
[38.594000] (interfaces) StdoutLine: {'line': b'-- Up-to-date: C:/dev/Robotic_soln/install/include/interfaces/msg\n'}
[38.594000] (interfaces) StdoutLine: {'line': b'-- Up-to-date: C:/dev/Robotic_soln/install/include/interfaces/msg/detail\n'}
[38.594000] (interfaces) StdoutLine: {'line': b'-- Installing: C:/dev/Robotic_soln/install/include/interfaces/msg/detail/sensor_read2__builder.hpp\n'}
[38.594000] (interfaces) StdoutLine: {'line': b'-- Installing: C:/dev/Robotic_soln/install/include/interfaces/msg/detail/sensor_read2__struct.hpp\n'}
[38.594000] (interfaces) StdoutLine: {'line': b'-- Installing: C:/dev/Robotic_soln/install/include/interfaces/msg/detail/sensor_read2__traits.hpp\n'}
[38.610000] (interfaces) StdoutLine: {'line': b'-- Installing: C:/dev/Robotic_soln/install/include/interfaces/msg/detail/sensor_read__builder.hpp\n'}
[38.610000] (interfaces) StdoutLine: {'line': b'-- Installing: C:/dev/Robotic_soln/install/include/interfaces/msg/detail/sensor_read__struct.hpp\n'}
[38.610000] (interfaces) StdoutLine: {'line': b'-- Installing: C:/dev/Robotic_soln/install/include/interfaces/msg/detail/sensor_read__traits.hpp\n'}
[38.625000] (interfaces) StdoutLine: {'line': b'-- Installing: C:/dev/Robotic_soln/install/include/interfaces/msg/sensor_read.hpp\n'}
[38.625000] (interfaces) StdoutLine: {'line': b'-- Installing: C:/dev/Robotic_soln/install/include/interfaces/msg/sensor_read2.hpp\n'}
[38.625000] (interfaces) StdoutLine: {'line': b'-- Up-to-date: C:/dev/Robotic_soln/install/include/interfaces/srv\n'}
[38.625000] (interfaces) StdoutLine: {'line': b'-- Up-to-date: C:/dev/Robotic_soln/install/include/interfaces/srv/detail\n'}
[38.625000] (interfaces) StdoutLine: {'line': b'-- Installing: C:/dev/Robotic_soln/install/include/interfaces/srv/detail/read_sensor2__builder.hpp\n'}
[38.625000] (interfaces) StdoutLine: {'line': b'-- Installing: C:/dev/Robotic_soln/install/include/interfaces/srv/detail/read_sensor2__struct.hpp\n'}
[38.641000] (interfaces) StdoutLine: {'line': b'-- Installing: C:/dev/Robotic_soln/install/include/interfaces/srv/detail/read_sensor2__traits.hpp\n'}
[38.641000] (interfaces) StdoutLine: {'line': b'-- Installing: C:/dev/Robotic_soln/install/include/interfaces/srv/detail/read_sensor__builder.hpp\n'}
[38.641000] (interfaces) StdoutLine: {'line': b'-- Installing: C:/dev/Robotic_soln/install/include/interfaces/srv/detail/read_sensor__struct.hpp\n'}
[38.641000] (interfaces) StdoutLine: {'line': b'-- Installing: C:/dev/Robotic_soln/install/include/interfaces/srv/detail/read_sensor__traits.hpp\n'}
[38.641000] (interfaces) StdoutLine: {'line': b'-- Installing: C:/dev/Robotic_soln/install/include/interfaces/srv/read_sensor.hpp\n'}
[38.656000] (interfaces) StdoutLine: {'line': b'-- Installing: C:/dev/Robotic_soln/install/include/interfaces/srv/read_sensor2.hpp\n'}
[38.656000] (-) TimerEvent: {}
[38.656000] (interfaces) StdoutLine: {'line': b'-- Up-to-date: C:/dev/Robotic_soln/install/include/interfaces\n'}
[38.656000] (interfaces) StdoutLine: {'line': b'-- Up-to-date: C:/dev/Robotic_soln/install/include/interfaces/msg\n'}
[38.656000] (interfaces) StdoutLine: {'line': b'-- Up-to-date: C:/dev/Robotic_soln/install/include/interfaces/msg/detail\n'}
[38.656000] (interfaces) StdoutLine: {'line': b'-- Installing: C:/dev/Robotic_soln/install/include/interfaces/msg/detail/sensor_read2__rosidl_typesupport_introspection_cpp.hpp\n'}
[38.656000] (interfaces) StdoutLine: {'line': b'-- Installing: C:/dev/Robotic_soln/install/include/interfaces/msg/detail/sensor_read2__type_support.cpp\n'}
[38.672000] (interfaces) StdoutLine: {'line': b'-- Installing: C:/dev/Robotic_soln/install/include/interfaces/msg/detail/sensor_read__rosidl_typesupport_introspection_cpp.hpp\n'}
[38.672000] (interfaces) StdoutLine: {'line': b'-- Installing: C:/dev/Robotic_soln/install/include/interfaces/msg/detail/sensor_read__type_support.cpp\n'}
[38.672000] (interfaces) StdoutLine: {'line': b'-- Up-to-date: C:/dev/Robotic_soln/install/include/interfaces/srv\n'}
[38.672000] (interfaces) StdoutLine: {'line': b'-- Up-to-date: C:/dev/Robotic_soln/install/include/interfaces/srv/detail\n'}
[38.672000] (interfaces) StdoutLine: {'line': b'-- Installing: C:/dev/Robotic_soln/install/include/interfaces/srv/detail/read_sensor2__rosidl_typesupport_introspection_cpp.hpp\n'}
[38.672000] (interfaces) StdoutLine: {'line': b'-- Installing: C:/dev/Robotic_soln/install/include/interfaces/srv/detail/read_sensor2__type_support.cpp\n'}
[38.672000] (interfaces) StdoutLine: {'line': b'-- Installing: C:/dev/Robotic_soln/install/include/interfaces/srv/detail/read_sensor__rosidl_typesupport_introspection_cpp.hpp\n'}
[38.688000] (interfaces) StdoutLine: {'line': b'-- Installing: C:/dev/Robotic_soln/install/include/interfaces/srv/detail/read_sensor__type_support.cpp\n'}
[38.688000] (interfaces) StdoutLine: {'line': b'-- Installing: C:/dev/Robotic_soln/install/lib/interfaces__rosidl_typesupport_introspection_cpp.lib\n'}
[38.703000] (interfaces) StdoutLine: {'line': b'-- Installing: C:/dev/Robotic_soln/install/bin/interfaces__rosidl_typesupport_introspection_cpp.dll\n'}
[38.703000] (interfaces) StdoutLine: {'line': b'-- Installing: C:/dev/Robotic_soln/install/lib/interfaces__rosidl_typesupport_cpp.lib\n'}
[38.719000] (interfaces) StdoutLine: {'line': b'-- Installing: C:/dev/Robotic_soln/install/bin/interfaces__rosidl_typesupport_cpp.dll\n'}
[38.719000] (interfaces) StdoutLine: {'line': b'-- Installing: C:/dev/Robotic_soln/install/share/interfaces/environment/pythonpath.bat\n'}
[38.719000] (interfaces) StdoutLine: {'line': b'-- Installing: C:/dev/Robotic_soln/install/share/interfaces/environment/pythonpath.dsv\n'}
[38.719000] (interfaces) StdoutLine: {'line': b'-- Installing: C:/dev/Robotic_soln/install/Lib/site-packages/interfaces/__init__.py\n'}
[38.766000] (-) TimerEvent: {}
[38.781000] (interfaces) StdoutLine: {'line': b"Compiling 'C:/dev/Robotic_soln/install/Lib/site-packages/interfaces/__init__.py'...\r\n"}
[38.781000] (interfaces) StdoutLine: {'line': b'-- Installing: C:/dev/Robotic_soln/install/Lib/site-packages/interfaces/msg\n'}
[38.797000] (interfaces) StdoutLine: {'line': b'-- Installing: C:/dev/Robotic_soln/install/Lib/site-packages/interfaces/msg/_sensor_read.py\n'}
[38.797000] (interfaces) StdoutLine: {'line': b'-- Installing: C:/dev/Robotic_soln/install/Lib/site-packages/interfaces/msg/_sensor_read2.py\n'}
[38.797000] (interfaces) StdoutLine: {'line': b'-- Installing: C:/dev/Robotic_soln/install/Lib/site-packages/interfaces/msg/_sensor_read2_s.c\n'}
[38.797000] (interfaces) StdoutLine: {'line': b'-- Installing: C:/dev/Robotic_soln/install/Lib/site-packages/interfaces/msg/_sensor_read_s.c\n'}
[38.797000] (interfaces) StdoutLine: {'line': b'-- Installing: C:/dev/Robotic_soln/install/Lib/site-packages/interfaces/msg/__init__.py\n'}
[38.797000] (interfaces) StdoutLine: {'line': b'-- Installing: C:/dev/Robotic_soln/install/Lib/site-packages/interfaces/srv\n'}
[38.813000] (interfaces) StdoutLine: {'line': b'-- Installing: C:/dev/Robotic_soln/install/Lib/site-packages/interfaces/srv/_read_sensor.py\n'}
[38.813000] (interfaces) StdoutLine: {'line': b'-- Installing: C:/dev/Robotic_soln/install/Lib/site-packages/interfaces/srv/_read_sensor2.py\n'}
[38.813000] (interfaces) StdoutLine: {'line': b'-- Installing: C:/dev/Robotic_soln/install/Lib/site-packages/interfaces/srv/_read_sensor2_s.c\n'}
[38.828000] (interfaces) StdoutLine: {'line': b'-- Installing: C:/dev/Robotic_soln/install/Lib/site-packages/interfaces/srv/_read_sensor_s.c\n'}
[38.828000] (interfaces) StdoutLine: {'line': b'-- Installing: C:/dev/Robotic_soln/install/Lib/site-packages/interfaces/srv/__init__.py\n'}
[38.828000] (interfaces) StdoutLine: {'line': b'-- Installing: C:/dev/Robotic_soln/install/Lib/site-packages/interfaces/interfaces_s__rosidl_typesupport_fastrtps_c.lib\n'}
[38.844000] (interfaces) StdoutLine: {'line': b'-- Installing: C:/dev/Robotic_soln/install/Lib/site-packages/interfaces/interfaces_s__rosidl_typesupport_fastrtps_c.pyd\n'}
[38.844000] (interfaces) StdoutLine: {'line': b'-- Installing: C:/dev/Robotic_soln/install/Lib/site-packages/interfaces/interfaces_s__rosidl_typesupport_introspection_c.lib\n'}
[38.860000] (interfaces) StdoutLine: {'line': b'-- Installing: C:/dev/Robotic_soln/install/Lib/site-packages/interfaces/interfaces_s__rosidl_typesupport_introspection_c.pyd\n'}
[38.860000] (interfaces) StdoutLine: {'line': b'-- Installing: C:/dev/Robotic_soln/install/Lib/site-packages/interfaces/interfaces_s__rosidl_typesupport_c.lib\n'}
[38.875000] (interfaces) StdoutLine: {'line': b'-- Installing: C:/dev/Robotic_soln/install/Lib/site-packages/interfaces/interfaces_s__rosidl_typesupport_c.pyd\n'}
[38.875000] (-) TimerEvent: {}
[38.875000] (interfaces) StdoutLine: {'line': b'-- Installing: C:/dev/Robotic_soln/install/lib/interfaces__python.lib\n'}
[38.891000] (interfaces) StdoutLine: {'line': b'-- Installing: C:/dev/Robotic_soln/install/bin/interfaces__python.dll\n'}
[38.891000] (interfaces) StdoutLine: {'line': b'-- Installing: C:/dev/Robotic_soln/install/share/interfaces/msg/SensorRead.idl\n'}
[38.891000] (interfaces) StdoutLine: {'line': b'-- Installing: C:/dev/Robotic_soln/install/share/interfaces/msg/SensorRead2.idl\n'}
[38.891000] (interfaces) StdoutLine: {'line': b'-- Installing: C:/dev/Robotic_soln/install/share/interfaces/srv/ReadSensor.idl\n'}
[38.891000] (interfaces) StdoutLine: {'line': b'-- Installing: C:/dev/Robotic_soln/install/share/interfaces/srv/ReadSensor2.idl\n'}
[38.891000] (interfaces) StdoutLine: {'line': b'-- Installing: C:/dev/Robotic_soln/install/share/interfaces/msg/SensorRead.msg\n'}
[38.891000] (interfaces) StdoutLine: {'line': b'-- Installing: C:/dev/Robotic_soln/install/share/interfaces/msg/SensorRead2.msg\n'}
[38.891000] (interfaces) StdoutLine: {'line': b'-- Installing: C:/dev/Robotic_soln/install/share/interfaces/srv/ReadSensor.srv\n'}
[38.906000] (interfaces) StdoutLine: {'line': b'-- Installing: C:/dev/Robotic_soln/install/share/interfaces/srv/ReadSensor_Request.msg\n'}
[38.906000] (interfaces) StdoutLine: {'line': b'-- Installing: C:/dev/Robotic_soln/install/share/interfaces/srv/ReadSensor_Response.msg\n'}
[38.906000] (interfaces) StdoutLine: {'line': b'-- Installing: C:/dev/Robotic_soln/install/share/interfaces/srv/ReadSensor2.srv\n'}
[38.906000] (interfaces) StdoutLine: {'line': b'-- Installing: C:/dev/Robotic_soln/install/share/interfaces/srv/ReadSensor2_Request.msg\n'}
[38.906000] (interfaces) StdoutLine: {'line': b'-- Installing: C:/dev/Robotic_soln/install/share/interfaces/srv/ReadSensor2_Response.msg\n'}
[38.906000] (interfaces) StdoutLine: {'line': b'-- Installing: C:/dev/Robotic_soln/install/share/ament_index/resource_index/package_run_dependencies/interfaces\n'}
[38.922000] (interfaces) StdoutLine: {'line': b'-- Installing: C:/dev/Robotic_soln/install/share/ament_index/resource_index/parent_prefix_path/interfaces\n'}
[38.922000] (interfaces) StdoutLine: {'line': b'-- Installing: C:/dev/Robotic_soln/install/share/interfaces/environment/ament_prefix_path.bat\n'}
[38.922000] (interfaces) StdoutLine: {'line': b'-- Installing: C:/dev/Robotic_soln/install/share/interfaces/environment/ament_prefix_path.dsv\n'}
[38.922000] (interfaces) StdoutLine: {'line': b'-- Installing: C:/dev/Robotic_soln/install/share/interfaces/environment/path.bat\n'}
[38.922000] (interfaces) StdoutLine: {'line': b'-- Installing: C:/dev/Robotic_soln/install/share/interfaces/environment/path.dsv\n'}
[38.922000] (interfaces) StdoutLine: {'line': b'-- Installing: C:/dev/Robotic_soln/install/share/interfaces/local_setup.bat\n'}
[38.938000] (interfaces) StdoutLine: {'line': b'-- Installing: C:/dev/Robotic_soln/install/share/interfaces/local_setup.dsv\n'}
[38.938000] (interfaces) StdoutLine: {'line': b'-- Installing: C:/dev/Robotic_soln/install/share/interfaces/package.dsv\n'}
[38.938000] (interfaces) StdoutLine: {'line': b'-- Installing: C:/dev/Robotic_soln/install/share/ament_index/resource_index/packages/interfaces\n'}
[38.938000] (interfaces) StdoutLine: {'line': b'-- Installing: C:/dev/Robotic_soln/install/share/interfaces/cmake/interfaces__rosidl_generator_cExport.cmake\n'}
[38.938000] (interfaces) StdoutLine: {'line': b'-- Installing: C:/dev/Robotic_soln/install/share/interfaces/cmake/interfaces__rosidl_generator_cExport-release.cmake\n'}
[38.938000] (interfaces) StdoutLine: {'line': b'-- Installing: C:/dev/Robotic_soln/install/share/interfaces/cmake/interfaces__rosidl_typesupport_introspection_cExport.cmake\n'}
[38.953000] (interfaces) StdoutLine: {'line': b'-- Installing: C:/dev/Robotic_soln/install/share/interfaces/cmake/interfaces__rosidl_typesupport_introspection_cExport-release.cmake\n'}
[38.953000] (interfaces) StdoutLine: {'line': b'-- Installing: C:/dev/Robotic_soln/install/share/interfaces/cmake/interfaces__rosidl_typesupport_cExport.cmake\n'}
[38.953000] (interfaces) StdoutLine: {'line': b'-- Installing: C:/dev/Robotic_soln/install/share/interfaces/cmake/interfaces__rosidl_typesupport_cExport-release.cmake\n'}
[38.969000] (interfaces) StdoutLine: {'line': b'-- Installing: C:/dev/Robotic_soln/install/share/interfaces/cmake/interfaces__rosidl_generator_cppExport.cmake\n'}
[38.969000] (interfaces) StdoutLine: {'line': b'-- Installing: C:/dev/Robotic_soln/install/share/interfaces/cmake/interfaces__rosidl_typesupport_introspection_cppExport.cmake\n'}
[38.969000] (interfaces) StdoutLine: {'line': b'-- Installing: C:/dev/Robotic_soln/install/share/interfaces/cmake/interfaces__rosidl_typesupport_introspection_cppExport-release.cmake\n'}
[38.985000] (interfaces) StdoutLine: {'line': b'-- Installing: C:/dev/Robotic_soln/install/share/interfaces/cmake/interfaces__rosidl_typesupport_cppExport.cmake\n'}
[38.985000] (-) TimerEvent: {}
[38.985000] (interfaces) StdoutLine: {'line': b'-- Installing: C:/dev/Robotic_soln/install/share/interfaces/cmake/interfaces__rosidl_typesupport_cppExport-release.cmake\n'}
[38.985000] (interfaces) StdoutLine: {'line': b'-- Installing: C:/dev/Robotic_soln/install/share/interfaces/cmake/rosidl_cmake-extras.cmake\n'}
[38.985000] (interfaces) StdoutLine: {'line': b'-- Installing: C:/dev/Robotic_soln/install/share/interfaces/cmake/ament_cmake_export_dependencies-extras.cmake\n'}
[38.985000] (interfaces) StdoutLine: {'line': b'-- Installing: C:/dev/Robotic_soln/install/share/interfaces/cmake/ament_cmake_export_libraries-extras.cmake\n'}
[38.985000] (interfaces) StdoutLine: {'line': b'-- Installing: C:/dev/Robotic_soln/install/share/interfaces/cmake/ament_cmake_export_targets-extras.cmake\n'}
[38.985000] (interfaces) StdoutLine: {'line': b'-- Installing: C:/dev/Robotic_soln/install/share/interfaces/cmake/ament_cmake_export_include_directories-extras.cmake\n'}
[38.985000] (interfaces) StdoutLine: {'line': b'-- Installing: C:/dev/Robotic_soln/install/share/interfaces/cmake/rosidl_cmake_export_typesupport_libraries-extras.cmake\n'}
[38.985000] (interfaces) StdoutLine: {'line': b'-- Installing: C:/dev/Robotic_soln/install/share/interfaces/cmake/rosidl_cmake_export_typesupport_targets-extras.cmake\n'}
[38.985000] (interfaces) StdoutLine: {'line': b'-- Installing: C:/dev/Robotic_soln/install/share/interfaces/cmake/interfacesConfig.cmake\n'}
[38.985000] (interfaces) StdoutLine: {'line': b'-- Installing: C:/dev/Robotic_soln/install/share/interfaces/cmake/interfacesConfig-version.cmake\n'}
[39.000000] (interfaces) StdoutLine: {'line': b'-- Installing: C:/dev/Robotic_soln/install/share/interfaces/package.xml\n'}
[39.016000] (interfaces) CommandEnded: {'returncode': 0}
[39.094000] (-) TimerEvent: {}
[39.110000] (interfaces) JobEnded: {'identifier': 'interfaces', 'rc': 0}
[39.110000] (-) EventReactorShutdown: {}
