C:\dev\Robotic_soln\install\Lib\site-packages\dofsensor\client.py
C:\dev\Robotic_soln\install\Lib\site-packages\dofsensor\publisher.py
C:\dev\Robotic_soln\install\Lib\site-packages\dofsensor\server.py
C:\dev\Robotic_soln\install\Lib\site-packages\dofsensor\__init__.py
C:\dev\Robotic_soln\install\Lib\site-packages\dofsensor\__pycache__\client.cpython-38.pyc
C:\dev\Robotic_soln\install\Lib\site-packages\dofsensor\__pycache__\publisher.cpython-38.pyc
C:\dev\Robotic_soln\install\Lib\site-packages\dofsensor\__pycache__\server.cpython-38.pyc
C:\dev\Robotic_soln\install\Lib\site-packages\dofsensor\__pycache__\__init__.cpython-38.pyc
C:\dev\Robotic_soln\install\share\ament_index\resource_index\packages\dofsensor
C:\dev\Robotic_soln\install\share\dofsensor\package.xml
C:\dev\Robotic_soln\install\Lib\site-packages\dofsensor-0.0.0-py3.8.egg-info\dependency_links.txt
C:\dev\Robotic_soln\install\Lib\site-packages\dofsensor-0.0.0-py3.8.egg-info\entry_points.txt
C:\dev\Robotic_soln\install\Lib\site-packages\dofsensor-0.0.0-py3.8.egg-info\PKG-INFO
C:\dev\Robotic_soln\install\Lib\site-packages\dofsensor-0.0.0-py3.8.egg-info\requires.txt
C:\dev\Robotic_soln\install\Lib\site-packages\dofsensor-0.0.0-py3.8.egg-info\SOURCES.txt
C:\dev\Robotic_soln\install\Lib\site-packages\dofsensor-0.0.0-py3.8.egg-info\top_level.txt
C:\dev\Robotic_soln\install\Lib\site-packages\dofsensor-0.0.0-py3.8.egg-info\zip-safe
C:\dev\Robotic_soln\install\lib\dofsensor\client-script.py
C:\dev\Robotic_soln\install\lib\dofsensor\client.exe
C:\dev\Robotic_soln\install\lib\dofsensor\service-script.py
C:\dev\Robotic_soln\install\lib\dofsensor\service.exe
C:\dev\Robotic_soln\install\lib\dofsensor\talker-script.py
C:\dev\Robotic_soln\install\lib\dofsensor\talker.exe
