[0.532s] Invoking command in 'C:\dev\robotic_hw\src\dofsensor': PYTHONPATH=C:\dev\robotic_hw\install\Lib\site-packages;%PYTHONPATH% c:\opt\ros\foxy\x64\python.exe setup.py egg_info --egg-base C:\dev\robotic_hw\build\dofsensor build --build-base C:\dev\robotic_hw\build\dofsensor\build install --prefix C:\dev\robotic_hw\install --record C:\dev\robotic_hw\build\dofsensor\install.log --single-version-externally-managed
[0.938s] running egg_info
[0.938s] writing C:\dev\robotic_hw\build\dofsensor\dofsensor.egg-info\PKG-INFO
[0.938s] writing dependency_links to C:\dev\robotic_hw\build\dofsensor\dofsensor.egg-info\dependency_links.txt
[0.938s] writing entry points to C:\dev\robotic_hw\build\dofsensor\dofsensor.egg-info\entry_points.txt
[0.953s] writing requirements to C:\dev\robotic_hw\build\dofsensor\dofsensor.egg-info\requires.txt
[0.953s] writing top-level names to C:\dev\robotic_hw\build\dofsensor\dofsensor.egg-info\top_level.txt
[0.969s] reading manifest file 'C:\dev\robotic_hw\build\dofsensor\dofsensor.egg-info\SOURCES.txt'
[0.969s] writing manifest file 'C:\dev\robotic_hw\build\dofsensor\dofsensor.egg-info\SOURCES.txt'
[0.969s] running build
[0.969s] running build_py
[0.969s] copying dofsensor\client.py -> C:\dev\robotic_hw\build\dofsensor\build\lib\dofsensor
[0.969s] copying dofsensor\server.py -> C:\dev\robotic_hw\build\dofsensor\build\lib\dofsensor
[0.969s] running install
[0.969s] running install_lib
[0.969s] copying C:\dev\robotic_hw\build\dofsensor\build\lib\dofsensor\client.py -> C:\dev\robotic_hw\install\Lib\site-packages\dofsensor
[0.969s] copying C:\dev\robotic_hw\build\dofsensor\build\lib\dofsensor\server.py -> C:\dev\robotic_hw\install\Lib\site-packages\dofsensor
[0.969s] writing byte-compilation script 'C:\Users\dvuon\AppData\Local\Temp\tmp4iucmw79.py'
[0.969s] c:\opt\ros\foxy\x64\python.exe C:\Users\dvuon\AppData\Local\Temp\tmp4iucmw79.py
[1.032s] removing C:\Users\dvuon\AppData\Local\Temp\tmp4iucmw79.py
[1.032s] running install_data
[1.032s] running install_egg_info
[1.032s] removing 'C:\dev\robotic_hw\install\Lib\site-packages\dofsensor-0.0.0-py3.8.egg-info' (and everything under it)
[1.047s] Copying C:\dev\robotic_hw\build\dofsensor\dofsensor.egg-info to C:\dev\robotic_hw\install\Lib\site-packages\dofsensor-0.0.0-py3.8.egg-info
[1.047s] running install_scripts
[1.078s] Installing client-script.py script to C:\dev\robotic_hw\install\lib\dofsensor
[1.078s] Installing client.exe script to C:\dev\robotic_hw\install\lib\dofsensor
[1.078s] Installing service-script.py script to C:\dev\robotic_hw\install\lib\dofsensor
[1.078s] Installing service.exe script to C:\dev\robotic_hw\install\lib\dofsensor
[1.078s] writing list of installed files to 'C:\dev\robotic_hw\build\dofsensor\install.log'
[1.094s] Invoked command in 'C:\dev\robotic_hw\src\dofsensor' returned '0': PYTHONPATH=C:\dev\robotic_hw\install\Lib\site-packages;%PYTHONPATH% c:\opt\ros\foxy\x64\python.exe setup.py egg_info --egg-base C:\dev\robotic_hw\build\dofsensor build --build-base C:\dev\robotic_hw\build\dofsensor\build install --prefix C:\dev\robotic_hw\install --record C:\dev\robotic_hw\build\dofsensor\install.log --single-version-externally-managed
