-- Selecting Windows SDK version 10.0.19041.0 to target Windows 10.0.19045.
-- The C compiler identification is MSVC 19.29.30147.0
-- The CXX compiler identification is MSVC 19.29.30147.0
-- Detecting C compiler ABI info
-- Detecting C compiler ABI info - done
-- Check for working C compiler: C:/Program Files (x86)/Microsoft Visual Studio/2019/Community/VC/Tools/MSVC/14.29.30133/bin/Hostx64/x64/cl.exe - skipped
-- Detecting C compile features
-- Detecting C compile features - done
-- Detecting CXX compiler ABI info
-- Detecting CXX compiler ABI info - done
-- Check for working CXX compiler: C:/Program Files (x86)/Microsoft Visual Studio/2019/Community/VC/Tools/MSVC/14.29.30133/bin/Hostx64/x64/cl.exe - skipped
-- Detecting CXX compile features
-- Detecting CXX compile features - done
-- Found ament_cmake: 0.9.9 (C:/opt/ros/foxy/x64/share/ament_cmake/cmake)
-- Found PythonInterp: C:/opt/ros/foxy/x64/python.exe (found suitable version "3.8.3", minimum required is "3") 
-- Using PYTHON_EXECUTABLE: C:/opt/ros/foxy/x64/python.exe
-- Found rosidl_default_generators: 1.0.1 (C:/opt/ros/foxy/x64/share/rosidl_default_generators/cmake)
-- Using all available rosidl_typesupport_c: rosidl_typesupport_fastrtps_c;rosidl_typesupport_introspection_c
-- Found rosidl_adapter: 1.2.1 (C:/opt/ros/foxy/x64/share/rosidl_adapter/cmake)
-- Found OpenSSL: optimized;C:/opt/ros/foxy/x64/Lib/libcrypto.lib;debug;C:/Program Files/OpenSSL-Win64/lib/VC/libcrypto64MDd.lib (found version "1.1.1g")  
-- Found FastRTPS: C:/opt/ros/foxy/x64/include  
-- Using all available rosidl_typesupport_cpp: rosidl_typesupport_fastrtps_cpp;rosidl_typesupport_introspection_cpp
-- Found PythonInterp: C:/opt/ros/foxy/x64/python.exe (found version "3.8.3") 
-- Found ament_cmake_ros: 0.9.2 (C:/opt/ros/foxy/x64/share/ament_cmake_ros/cmake)
-- Using all available rosidl_typesupport_c: rosidl_typesupport_fastrtps_c;rosidl_typesupport_introspection_c
-- Using all available rosidl_typesupport_cpp: rosidl_typesupport_fastrtps_cpp;rosidl_typesupport_introspection_cpp
-- Found PythonInterp: C:/opt/ros/foxy/x64/python.exe (found suitable version "3.8.3", minimum required is "3.5") 
-- Found python_cmake_module: 0.8.1 (C:/opt/ros/foxy/x64/share/python_cmake_module/cmake)
-- Found PythonLibs: optimized;C:/opt/ros/foxy/x64/Lib/python38.lib;debug;C:/Python38/libs/python38_d.lib (found suitable version "3.8.3", minimum required is "3.5") 
-- Using PYTHON_EXECUTABLE: C:/opt/ros/foxy/x64/python.exe
-- Using PYTHON_INCLUDE_DIRS: C:/opt/ros/foxy/x64/include/python3.8
-- Using PYTHON_LIBRARIES: optimized;C:/opt/ros/foxy/x64/Lib/python38.lib;debug;C:/Python38/libs/python38_d.lib
-- Found PythonExtra: .pyd  
-- Using numpy include directory: C:\opt\ros\foxy\x64\lib\site-packages\numpy\core\include
-- Found ament_lint_auto: 0.9.6 (C:/opt/ros/foxy/x64/share/ament_lint_auto/cmake)
-- Added test 'copyright' to check source files copyright and LICENSE
-- Added test 'lint_cmake' to check CMake code style
-- Added test 'xmllint' to check XML markup files
-- Configuring done
-- Generating done
-- Build files have been written to: C:/dev/Robotic_soln/build/interfaces
Microsoft (R) Build Engine version 16.11.2+f32259642 for .NET Framework
Copyright (C) Microsoft Corporation. All rights reserved.

  Checking Build System
  Generating C++ code for ROS interfaces
  Building Custom Rule C:/dev/Robotic_soln/src/interfaces/CMakeLists.txt
  Generating C code for ROS interfaces
  Building Custom Rule C:/dev/Robotic_soln/src/interfaces/CMakeLists.txt
  sensor_read__functions.c
  sensor_read2__functions.c
  read_sensor__functions.c
  read_sensor2__functions.c
     Creating library C:/dev/Robotic_soln/build/interfaces/Release/interfaces__rosidl_generator_c.lib and object C:/dev/Robotic_soln/build/interfaces/Release/interfaces__rosidl_generator_c.exp
  interfaces__rosidl_generator_c.vcxproj -> C:\dev\Robotic_soln\build\interfaces\Release\interfaces__rosidl_generator_c.dll
  Generating C type support dispatch for ROS interfaces
  Building Custom Rule C:/dev/Robotic_soln/src/interfaces/CMakeLists.txt
  sensor_read__type_support.cpp
  sensor_read2__type_support.cpp
  read_sensor__type_support.cpp
  read_sensor2__type_support.cpp
     Creating library C:/dev/Robotic_soln/build/interfaces/Release/interfaces__rosidl_typesupport_c.lib and object C:/dev/Robotic_soln/build/interfaces/Release/interfaces__rosidl_typesupport_c.exp
  interfaces__rosidl_typesupport_c.vcxproj -> C:\dev\Robotic_soln\build\interfaces\Release\interfaces__rosidl_typesupport_c.dll
  Generating C++ type support dispatch for ROS interfaces
  Building Custom Rule C:/dev/Robotic_soln/src/interfaces/CMakeLists.txt
  sensor_read__type_support.cpp
  sensor_read2__type_support.cpp
  read_sensor__type_support.cpp
  read_sensor2__type_support.cpp
     Creating library C:/dev/Robotic_soln/build/interfaces/Release/interfaces__rosidl_typesupport_cpp.lib and object C:/dev/Robotic_soln/build/interfaces/Release/interfaces__rosidl_typesupport_cpp.exp
  interfaces__rosidl_typesupport_cpp.vcxproj -> C:\dev\Robotic_soln\build\interfaces\Release\interfaces__rosidl_typesupport_cpp.dll
  Generating C++ type support for eProsima Fast-RTPS
  Building Custom Rule C:/dev/Robotic_soln/src/interfaces/CMakeLists.txt
  sensor_read__type_support.cpp
  sensor_read2__type_support.cpp
  read_sensor__type_support.cpp
  read_sensor2__type_support.cpp
     Creating library C:/dev/Robotic_soln/build/interfaces/Release/interfaces__rosidl_typesupport_fastrtps_cpp.lib and object C:/dev/Robotic_soln/build/interfaces/Release/interfaces__rosidl_typesupport_fastrtps_cpp.exp
  interfaces__rosidl_typesupport_fastrtps_cpp.vcxproj -> C:\dev\Robotic_soln\build\interfaces\Release\interfaces__rosidl_typesupport_fastrtps_cpp.dll
  Generating C type support for eProsima Fast-RTPS
  Building Custom Rule C:/dev/Robotic_soln/src/interfaces/CMakeLists.txt
  sensor_read__type_support_c.cpp
  sensor_read2__type_support_c.cpp
  read_sensor__type_support_c.cpp
  read_sensor2__type_support_c.cpp
     Creating library C:/dev/Robotic_soln/build/interfaces/Release/interfaces__rosidl_typesupport_fastrtps_c.lib and object C:/dev/Robotic_soln/build/interfaces/Release/interfaces__rosidl_typesupport_fastrtps_c.exp
  interfaces__rosidl_typesupport_fastrtps_c.vcxproj -> C:\dev\Robotic_soln\build\interfaces\Release\interfaces__rosidl_typesupport_fastrtps_c.dll
  Generating C introspection for ROS interfaces
  Building Custom Rule C:/dev/Robotic_soln/src/interfaces/CMakeLists.txt
  sensor_read__type_support.c
  sensor_read2__type_support.c
  read_sensor__type_support.c
  read_sensor2__type_support.c
     Creating library C:/dev/Robotic_soln/build/interfaces/Release/interfaces__rosidl_typesupport_introspection_c.lib and object C:/dev/Robotic_soln/build/interfaces/Release/interfaces__rosidl_typesupport_introspection_c.exp
  interfaces__rosidl_typesupport_introspection_c.vcxproj -> C:\dev\Robotic_soln\build\interfaces\Release\interfaces__rosidl_typesupport_introspection_c.dll
  Generating C++ introspection for ROS interfaces
  Building Custom Rule C:/dev/Robotic_soln/src/interfaces/CMakeLists.txt
  sensor_read__type_support.cpp
  sensor_read2__type_support.cpp
  read_sensor__type_support.cpp
  read_sensor2__type_support.cpp
     Creating library C:/dev/Robotic_soln/build/interfaces/Release/interfaces__rosidl_typesupport_introspection_cpp.lib and object C:/dev/Robotic_soln/build/interfaces/Release/interfaces__rosidl_typesupport_introspection_cpp.exp
  interfaces__rosidl_typesupport_introspection_cpp.vcxproj -> C:\dev\Robotic_soln\build\interfaces\Release\interfaces__rosidl_typesupport_introspection_cpp.dll
  Building Custom Rule C:/dev/Robotic_soln/src/interfaces/CMakeLists.txt
  Generating Python code for ROS interfaces
  Building Custom Rule C:/dev/Robotic_soln/build/interfaces/interfaces__py/CMakeLists.txt
  Building Custom Rule C:/dev/Robotic_soln/src/interfaces/CMakeLists.txt
  _sensor_read_s.c
  _sensor_read2_s.c
  _read_sensor_s.c
  _read_sensor2_s.c
     Creating library C:/dev/Robotic_soln/build/interfaces/Release/interfaces__python.lib and object C:/dev/Robotic_soln/build/interfaces/Release/interfaces__python.exp
  interfaces__python.vcxproj -> C:\dev\Robotic_soln\build\interfaces\rosidl_generator_py\interfaces\interfaces__python.dll
  Building Custom Rule C:/dev/Robotic_soln/src/interfaces/CMakeLists.txt
  _interfaces_s.ep.rosidl_typesupport_c.c
     Creating library C:/dev/Robotic_soln/build/interfaces/Release/interfaces_s__rosidl_typesupport_c.lib and object C:/dev/Robotic_soln/build/interfaces/Release/interfaces_s__rosidl_typesupport_c.exp
  interfaces__rosidl_typesupport_c__pyext.vcxproj -> C:\dev\Robotic_soln\build\interfaces\rosidl_generator_py\interfaces\interfaces_s__rosidl_typesupport_c.pyd
  Building Custom Rule C:/dev/Robotic_soln/src/interfaces/CMakeLists.txt
  _interfaces_s.ep.rosidl_typesupport_fastrtps_c.c
     Creating library C:/dev/Robotic_soln/build/interfaces/Release/interfaces_s__rosidl_typesupport_fastrtps_c.lib and object C:/dev/Robotic_soln/build/interfaces/Release/interfaces_s__rosidl_typesupport_fastrtps_c.exp
  interfaces__rosidl_typesupport_fastrtps_c__pyext.vcxproj -> C:\dev\Robotic_soln\build\interfaces\rosidl_generator_py\interfaces\interfaces_s__rosidl_typesupport_fastrtps_c.pyd
  Building Custom Rule C:/dev/Robotic_soln/src/interfaces/CMakeLists.txt
  _interfaces_s.ep.rosidl_typesupport_introspection_c.c
     Creating library C:/dev/Robotic_soln/build/interfaces/Release/interfaces_s__rosidl_typesupport_introspection_c.lib and object C:/dev/Robotic_soln/build/interfaces/Release/interfaces_s__rosidl_typesupport_introspection_c.exp
  interfaces__rosidl_typesupport_introspection_c__pyext.vcxproj -> C:\dev\Robotic_soln\build\interfaces\rosidl_generator_py\interfaces\interfaces_s__rosidl_typesupport_introspection_c.pyd
  Building Custom Rule C:/dev/Robotic_soln/src/interfaces/CMakeLists.txt
-- Installing: C:/dev/Robotic_soln/install/share/ament_index/resource_index/rosidl_interfaces/interfaces
-- Installing: C:/dev/Robotic_soln/install/include/interfaces
-- Installing: C:/dev/Robotic_soln/install/include/interfaces/msg
-- Installing: C:/dev/Robotic_soln/install/include/interfaces/msg/detail
-- Installing: C:/dev/Robotic_soln/install/include/interfaces/msg/detail/sensor_read2__functions.c
-- Installing: C:/dev/Robotic_soln/install/include/interfaces/msg/detail/sensor_read2__functions.h
-- Installing: C:/dev/Robotic_soln/install/include/interfaces/msg/detail/sensor_read2__struct.h
-- Installing: C:/dev/Robotic_soln/install/include/interfaces/msg/detail/sensor_read2__type_support.h
-- Installing: C:/dev/Robotic_soln/install/include/interfaces/msg/detail/sensor_read__functions.c
-- Installing: C:/dev/Robotic_soln/install/include/interfaces/msg/detail/sensor_read__functions.h
-- Installing: C:/dev/Robotic_soln/install/include/interfaces/msg/detail/sensor_read__struct.h
-- Installing: C:/dev/Robotic_soln/install/include/interfaces/msg/detail/sensor_read__type_support.h
-- Installing: C:/dev/Robotic_soln/install/include/interfaces/msg/rosidl_generator_c__visibility_control.h
-- Installing: C:/dev/Robotic_soln/install/include/interfaces/msg/sensor_read.h
-- Installing: C:/dev/Robotic_soln/install/include/interfaces/msg/sensor_read2.h
-- Installing: C:/dev/Robotic_soln/install/include/interfaces/srv
-- Installing: C:/dev/Robotic_soln/install/include/interfaces/srv/detail
-- Installing: C:/dev/Robotic_soln/install/include/interfaces/srv/detail/read_sensor2__functions.c
-- Installing: C:/dev/Robotic_soln/install/include/interfaces/srv/detail/read_sensor2__functions.h
-- Installing: C:/dev/Robotic_soln/install/include/interfaces/srv/detail/read_sensor2__struct.h
-- Installing: C:/dev/Robotic_soln/install/include/interfaces/srv/detail/read_sensor2__type_support.h
-- Installing: C:/dev/Robotic_soln/install/include/interfaces/srv/detail/read_sensor__functions.c
-- Installing: C:/dev/Robotic_soln/install/include/interfaces/srv/detail/read_sensor__functions.h
-- Installing: C:/dev/Robotic_soln/install/include/interfaces/srv/detail/read_sensor__struct.h
-- Installing: C:/dev/Robotic_soln/install/include/interfaces/srv/detail/read_sensor__type_support.h
-- Installing: C:/dev/Robotic_soln/install/include/interfaces/srv/read_sensor.h
-- Installing: C:/dev/Robotic_soln/install/include/interfaces/srv/read_sensor2.h
-- Installing: C:/dev/Robotic_soln/install/lib/interfaces__rosidl_generator_c.lib
-- Installing: C:/dev/Robotic_soln/install/bin/interfaces__rosidl_generator_c.dll
-- Up-to-date: C:/dev/Robotic_soln/install/include/interfaces
-- Up-to-date: C:/dev/Robotic_soln/install/include/interfaces/msg
-- Up-to-date: C:/dev/Robotic_soln/install/include/interfaces/msg/detail
-- Installing: C:/dev/Robotic_soln/install/include/interfaces/msg/detail/sensor_read2__rosidl_typesupport_fastrtps_c.h
-- Installing: C:/dev/Robotic_soln/install/include/interfaces/msg/detail/sensor_read__rosidl_typesupport_fastrtps_c.h
-- Installing: C:/dev/Robotic_soln/install/include/interfaces/msg/rosidl_typesupport_fastrtps_c__visibility_control.h
-- Up-to-date: C:/dev/Robotic_soln/install/include/interfaces/srv
-- Up-to-date: C:/dev/Robotic_soln/install/include/interfaces/srv/detail
-- Installing: C:/dev/Robotic_soln/install/include/interfaces/srv/detail/read_sensor2__rosidl_typesupport_fastrtps_c.h
-- Installing: C:/dev/Robotic_soln/install/include/interfaces/srv/detail/read_sensor__rosidl_typesupport_fastrtps_c.h
-- Installing: C:/dev/Robotic_soln/install/lib/interfaces__rosidl_typesupport_fastrtps_c.lib
-- Installing: C:/dev/Robotic_soln/install/bin/interfaces__rosidl_typesupport_fastrtps_c.dll
-- Up-to-date: C:/dev/Robotic_soln/install/include/interfaces
-- Up-to-date: C:/dev/Robotic_soln/install/include/interfaces/msg
-- Up-to-date: C:/dev/Robotic_soln/install/include/interfaces/msg/detail
-- Installing: C:/dev/Robotic_soln/install/include/interfaces/msg/detail/dds_fastrtps
-- Installing: C:/dev/Robotic_soln/install/include/interfaces/msg/detail/sensor_read2__rosidl_typesupport_fastrtps_cpp.hpp
-- Installing: C:/dev/Robotic_soln/install/include/interfaces/msg/detail/sensor_read__rosidl_typesupport_fastrtps_cpp.hpp
-- Installing: C:/dev/Robotic_soln/install/include/interfaces/msg/rosidl_typesupport_fastrtps_cpp__visibility_control.h
-- Up-to-date: C:/dev/Robotic_soln/install/include/interfaces/srv
-- Up-to-date: C:/dev/Robotic_soln/install/include/interfaces/srv/detail
-- Installing: C:/dev/Robotic_soln/install/include/interfaces/srv/detail/dds_fastrtps
-- Installing: C:/dev/Robotic_soln/install/include/interfaces/srv/detail/read_sensor2__rosidl_typesupport_fastrtps_cpp.hpp
-- Installing: C:/dev/Robotic_soln/install/include/interfaces/srv/detail/read_sensor__rosidl_typesupport_fastrtps_cpp.hpp
-- Installing: C:/dev/Robotic_soln/install/lib/interfaces__rosidl_typesupport_fastrtps_cpp.lib
-- Installing: C:/dev/Robotic_soln/install/bin/interfaces__rosidl_typesupport_fastrtps_cpp.dll
-- Up-to-date: C:/dev/Robotic_soln/install/include/interfaces
-- Up-to-date: C:/dev/Robotic_soln/install/include/interfaces/msg
-- Up-to-date: C:/dev/Robotic_soln/install/include/interfaces/msg/detail
-- Installing: C:/dev/Robotic_soln/install/include/interfaces/msg/detail/sensor_read2__rosidl_typesupport_introspection_c.h
-- Installing: C:/dev/Robotic_soln/install/include/interfaces/msg/detail/sensor_read2__type_support.c
-- Installing: C:/dev/Robotic_soln/install/include/interfaces/msg/detail/sensor_read__rosidl_typesupport_introspection_c.h
-- Installing: C:/dev/Robotic_soln/install/include/interfaces/msg/detail/sensor_read__type_support.c
-- Installing: C:/dev/Robotic_soln/install/include/interfaces/msg/rosidl_typesupport_introspection_c__visibility_control.h
-- Up-to-date: C:/dev/Robotic_soln/install/include/interfaces/srv
-- Up-to-date: C:/dev/Robotic_soln/install/include/interfaces/srv/detail
-- Installing: C:/dev/Robotic_soln/install/include/interfaces/srv/detail/read_sensor2__rosidl_typesupport_introspection_c.h
-- Installing: C:/dev/Robotic_soln/install/include/interfaces/srv/detail/read_sensor2__type_support.c
-- Installing: C:/dev/Robotic_soln/install/include/interfaces/srv/detail/read_sensor__rosidl_typesupport_introspection_c.h
-- Installing: C:/dev/Robotic_soln/install/include/interfaces/srv/detail/read_sensor__type_support.c
-- Installing: C:/dev/Robotic_soln/install/lib/interfaces__rosidl_typesupport_introspection_c.lib
-- Installing: C:/dev/Robotic_soln/install/bin/interfaces__rosidl_typesupport_introspection_c.dll
-- Installing: C:/dev/Robotic_soln/install/lib/interfaces__rosidl_typesupport_c.lib
-- Installing: C:/dev/Robotic_soln/install/bin/interfaces__rosidl_typesupport_c.dll
-- Up-to-date: C:/dev/Robotic_soln/install/include/interfaces
-- Up-to-date: C:/dev/Robotic_soln/install/include/interfaces/msg
-- Up-to-date: C:/dev/Robotic_soln/install/include/interfaces/msg/detail
-- Installing: C:/dev/Robotic_soln/install/include/interfaces/msg/detail/sensor_read2__builder.hpp
-- Installing: C:/dev/Robotic_soln/install/include/interfaces/msg/detail/sensor_read2__struct.hpp
-- Installing: C:/dev/Robotic_soln/install/include/interfaces/msg/detail/sensor_read2__traits.hpp
-- Installing: C:/dev/Robotic_soln/install/include/interfaces/msg/detail/sensor_read__builder.hpp
-- Installing: C:/dev/Robotic_soln/install/include/interfaces/msg/detail/sensor_read__struct.hpp
-- Installing: C:/dev/Robotic_soln/install/include/interfaces/msg/detail/sensor_read__traits.hpp
-- Installing: C:/dev/Robotic_soln/install/include/interfaces/msg/sensor_read.hpp
-- Installing: C:/dev/Robotic_soln/install/include/interfaces/msg/sensor_read2.hpp
-- Up-to-date: C:/dev/Robotic_soln/install/include/interfaces/srv
-- Up-to-date: C:/dev/Robotic_soln/install/include/interfaces/srv/detail
-- Installing: C:/dev/Robotic_soln/install/include/interfaces/srv/detail/read_sensor2__builder.hpp
-- Installing: C:/dev/Robotic_soln/install/include/interfaces/srv/detail/read_sensor2__struct.hpp
-- Installing: C:/dev/Robotic_soln/install/include/interfaces/srv/detail/read_sensor2__traits.hpp
-- Installing: C:/dev/Robotic_soln/install/include/interfaces/srv/detail/read_sensor__builder.hpp
-- Installing: C:/dev/Robotic_soln/install/include/interfaces/srv/detail/read_sensor__struct.hpp
-- Installing: C:/dev/Robotic_soln/install/include/interfaces/srv/detail/read_sensor__traits.hpp
-- Installing: C:/dev/Robotic_soln/install/include/interfaces/srv/read_sensor.hpp
-- Installing: C:/dev/Robotic_soln/install/include/interfaces/srv/read_sensor2.hpp
-- Up-to-date: C:/dev/Robotic_soln/install/include/interfaces
-- Up-to-date: C:/dev/Robotic_soln/install/include/interfaces/msg
-- Up-to-date: C:/dev/Robotic_soln/install/include/interfaces/msg/detail
-- Installing: C:/dev/Robotic_soln/install/include/interfaces/msg/detail/sensor_read2__rosidl_typesupport_introspection_cpp.hpp
-- Installing: C:/dev/Robotic_soln/install/include/interfaces/msg/detail/sensor_read2__type_support.cpp
-- Installing: C:/dev/Robotic_soln/install/include/interfaces/msg/detail/sensor_read__rosidl_typesupport_introspection_cpp.hpp
-- Installing: C:/dev/Robotic_soln/install/include/interfaces/msg/detail/sensor_read__type_support.cpp
-- Up-to-date: C:/dev/Robotic_soln/install/include/interfaces/srv
-- Up-to-date: C:/dev/Robotic_soln/install/include/interfaces/srv/detail
-- Installing: C:/dev/Robotic_soln/install/include/interfaces/srv/detail/read_sensor2__rosidl_typesupport_introspection_cpp.hpp
-- Installing: C:/dev/Robotic_soln/install/include/interfaces/srv/detail/read_sensor2__type_support.cpp
-- Installing: C:/dev/Robotic_soln/install/include/interfaces/srv/detail/read_sensor__rosidl_typesupport_introspection_cpp.hpp
-- Installing: C:/dev/Robotic_soln/install/include/interfaces/srv/detail/read_sensor__type_support.cpp
-- Installing: C:/dev/Robotic_soln/install/lib/interfaces__rosidl_typesupport_introspection_cpp.lib
-- Installing: C:/dev/Robotic_soln/install/bin/interfaces__rosidl_typesupport_introspection_cpp.dll
-- Installing: C:/dev/Robotic_soln/install/lib/interfaces__rosidl_typesupport_cpp.lib
-- Installing: C:/dev/Robotic_soln/install/bin/interfaces__rosidl_typesupport_cpp.dll
-- Installing: C:/dev/Robotic_soln/install/share/interfaces/environment/pythonpath.bat
-- Installing: C:/dev/Robotic_soln/install/share/interfaces/environment/pythonpath.dsv
-- Installing: C:/dev/Robotic_soln/install/Lib/site-packages/interfaces/__init__.py
Compiling 'C:/dev/Robotic_soln/install/Lib/site-packages/interfaces/__init__.py'...
-- Installing: C:/dev/Robotic_soln/install/Lib/site-packages/interfaces/msg
-- Installing: C:/dev/Robotic_soln/install/Lib/site-packages/interfaces/msg/_sensor_read.py
-- Installing: C:/dev/Robotic_soln/install/Lib/site-packages/interfaces/msg/_sensor_read2.py
-- Installing: C:/dev/Robotic_soln/install/Lib/site-packages/interfaces/msg/_sensor_read2_s.c
-- Installing: C:/dev/Robotic_soln/install/Lib/site-packages/interfaces/msg/_sensor_read_s.c
-- Installing: C:/dev/Robotic_soln/install/Lib/site-packages/interfaces/msg/__init__.py
-- Installing: C:/dev/Robotic_soln/install/Lib/site-packages/interfaces/srv
-- Installing: C:/dev/Robotic_soln/install/Lib/site-packages/interfaces/srv/_read_sensor.py
-- Installing: C:/dev/Robotic_soln/install/Lib/site-packages/interfaces/srv/_read_sensor2.py
-- Installing: C:/dev/Robotic_soln/install/Lib/site-packages/interfaces/srv/_read_sensor2_s.c
-- Installing: C:/dev/Robotic_soln/install/Lib/site-packages/interfaces/srv/_read_sensor_s.c
-- Installing: C:/dev/Robotic_soln/install/Lib/site-packages/interfaces/srv/__init__.py
-- Installing: C:/dev/Robotic_soln/install/Lib/site-packages/interfaces/interfaces_s__rosidl_typesupport_fastrtps_c.lib
-- Installing: C:/dev/Robotic_soln/install/Lib/site-packages/interfaces/interfaces_s__rosidl_typesupport_fastrtps_c.pyd
-- Installing: C:/dev/Robotic_soln/install/Lib/site-packages/interfaces/interfaces_s__rosidl_typesupport_introspection_c.lib
-- Installing: C:/dev/Robotic_soln/install/Lib/site-packages/interfaces/interfaces_s__rosidl_typesupport_introspection_c.pyd
-- Installing: C:/dev/Robotic_soln/install/Lib/site-packages/interfaces/interfaces_s__rosidl_typesupport_c.lib
-- Installing: C:/dev/Robotic_soln/install/Lib/site-packages/interfaces/interfaces_s__rosidl_typesupport_c.pyd
-- Installing: C:/dev/Robotic_soln/install/lib/interfaces__python.lib
-- Installing: C:/dev/Robotic_soln/install/bin/interfaces__python.dll
-- Installing: C:/dev/Robotic_soln/install/share/interfaces/msg/SensorRead.idl
-- Installing: C:/dev/Robotic_soln/install/share/interfaces/msg/SensorRead2.idl
-- Installing: C:/dev/Robotic_soln/install/share/interfaces/srv/ReadSensor.idl
-- Installing: C:/dev/Robotic_soln/install/share/interfaces/srv/ReadSensor2.idl
-- Installing: C:/dev/Robotic_soln/install/share/interfaces/msg/SensorRead.msg
-- Installing: C:/dev/Robotic_soln/install/share/interfaces/msg/SensorRead2.msg
-- Installing: C:/dev/Robotic_soln/install/share/interfaces/srv/ReadSensor.srv
-- Installing: C:/dev/Robotic_soln/install/share/interfaces/srv/ReadSensor_Request.msg
-- Installing: C:/dev/Robotic_soln/install/share/interfaces/srv/ReadSensor_Response.msg
-- Installing: C:/dev/Robotic_soln/install/share/interfaces/srv/ReadSensor2.srv
-- Installing: C:/dev/Robotic_soln/install/share/interfaces/srv/ReadSensor2_Request.msg
-- Installing: C:/dev/Robotic_soln/install/share/interfaces/srv/ReadSensor2_Response.msg
-- Installing: C:/dev/Robotic_soln/install/share/ament_index/resource_index/package_run_dependencies/interfaces
-- Installing: C:/dev/Robotic_soln/install/share/ament_index/resource_index/parent_prefix_path/interfaces
-- Installing: C:/dev/Robotic_soln/install/share/interfaces/environment/ament_prefix_path.bat
-- Installing: C:/dev/Robotic_soln/install/share/interfaces/environment/ament_prefix_path.dsv
-- Installing: C:/dev/Robotic_soln/install/share/interfaces/environment/path.bat
-- Installing: C:/dev/Robotic_soln/install/share/interfaces/environment/path.dsv
-- Installing: C:/dev/Robotic_soln/install/share/interfaces/local_setup.bat
-- Installing: C:/dev/Robotic_soln/install/share/interfaces/local_setup.dsv
-- Installing: C:/dev/Robotic_soln/install/share/interfaces/package.dsv
-- Installing: C:/dev/Robotic_soln/install/share/ament_index/resource_index/packages/interfaces
-- Installing: C:/dev/Robotic_soln/install/share/interfaces/cmake/interfaces__rosidl_generator_cExport.cmake
-- Installing: C:/dev/Robotic_soln/install/share/interfaces/cmake/interfaces__rosidl_generator_cExport-release.cmake
-- Installing: C:/dev/Robotic_soln/install/share/interfaces/cmake/interfaces__rosidl_typesupport_introspection_cExport.cmake
-- Installing: C:/dev/Robotic_soln/install/share/interfaces/cmake/interfaces__rosidl_typesupport_introspection_cExport-release.cmake
-- Installing: C:/dev/Robotic_soln/install/share/interfaces/cmake/interfaces__rosidl_typesupport_cExport.cmake
-- Installing: C:/dev/Robotic_soln/install/share/interfaces/cmake/interfaces__rosidl_typesupport_cExport-release.cmake
-- Installing: C:/dev/Robotic_soln/install/share/interfaces/cmake/interfaces__rosidl_generator_cppExport.cmake
-- Installing: C:/dev/Robotic_soln/install/share/interfaces/cmake/interfaces__rosidl_typesupport_introspection_cppExport.cmake
-- Installing: C:/dev/Robotic_soln/install/share/interfaces/cmake/interfaces__rosidl_typesupport_introspection_cppExport-release.cmake
-- Installing: C:/dev/Robotic_soln/install/share/interfaces/cmake/interfaces__rosidl_typesupport_cppExport.cmake
-- Installing: C:/dev/Robotic_soln/install/share/interfaces/cmake/interfaces__rosidl_typesupport_cppExport-release.cmake
-- Installing: C:/dev/Robotic_soln/install/share/interfaces/cmake/rosidl_cmake-extras.cmake
-- Installing: C:/dev/Robotic_soln/install/share/interfaces/cmake/ament_cmake_export_dependencies-extras.cmake
-- Installing: C:/dev/Robotic_soln/install/share/interfaces/cmake/ament_cmake_export_libraries-extras.cmake
-- Installing: C:/dev/Robotic_soln/install/share/interfaces/cmake/ament_cmake_export_targets-extras.cmake
-- Installing: C:/dev/Robotic_soln/install/share/interfaces/cmake/ament_cmake_export_include_directories-extras.cmake
-- Installing: C:/dev/Robotic_soln/install/share/interfaces/cmake/rosidl_cmake_export_typesupport_libraries-extras.cmake
-- Installing: C:/dev/Robotic_soln/install/share/interfaces/cmake/rosidl_cmake_export_typesupport_targets-extras.cmake
-- Installing: C:/dev/Robotic_soln/install/share/interfaces/cmake/interfacesConfig.cmake
-- Installing: C:/dev/Robotic_soln/install/share/interfaces/cmake/interfacesConfig-version.cmake
-- Installing: C:/dev/Robotic_soln/install/share/interfaces/package.xml
