[1.078s] Invoking command in 'C:\dev\robotic_hw\src\dofsensor': PYTHONPATH=C:\dev\robotic_hw\install\Lib\site-packages;%PYTHONPATH% c:\opt\ros\foxy\x64\python.exe setup.py egg_info --egg-base C:\dev\robotic_hw\build\dofsensor build --build-base C:\dev\robotic_hw\build\dofsensor\build install --prefix C:\dev\robotic_hw\install --record C:\dev\robotic_hw\build\dofsensor\install.log --single-version-externally-managed
[1.500s] running egg_info
[1.500s] writing C:\dev\robotic_hw\build\dofsensor\dofsensor.egg-info\PKG-INFO
[1.500s] writing dependency_links to C:\dev\robotic_hw\build\dofsensor\dofsensor.egg-info\dependency_links.txt
[1.500s] writing entry points to C:\dev\robotic_hw\build\dofsensor\dofsensor.egg-info\entry_points.txt
[1.500s] writing requirements to C:\dev\robotic_hw\build\dofsensor\dofsensor.egg-info\requires.txt
[1.500s] writing top-level names to C:\dev\robotic_hw\build\dofsensor\dofsensor.egg-info\top_level.txt
[1.516s] reading manifest file 'C:\dev\robotic_hw\build\dofsensor\dofsensor.egg-info\SOURCES.txt'
[1.531s] writing manifest file 'C:\dev\robotic_hw\build\dofsensor\dofsensor.egg-info\SOURCES.txt'
[1.531s] running build
[1.531s] running build_py
[1.531s] copying dofsensor\server.py -> C:\dev\robotic_hw\build\dofsensor\build\lib\dofsensor
[1.531s] running install
[1.531s] running install_lib
[1.531s] copying C:\dev\robotic_hw\build\dofsensor\build\lib\dofsensor\server.py -> C:\dev\robotic_hw\install\Lib\site-packages\dofsensor
[1.531s] writing byte-compilation script 'C:\Users\dvuon\AppData\Local\Temp\tmpph8wcegq.py'
[1.531s] c:\opt\ros\foxy\x64\python.exe C:\Users\dvuon\AppData\Local\Temp\tmpph8wcegq.py
[1.594s] removing C:\Users\dvuon\AppData\Local\Temp\tmpph8wcegq.py
[1.594s] running install_data
[1.594s] running install_egg_info
[1.594s] removing 'C:\dev\robotic_hw\install\Lib\site-packages\dofsensor-0.0.0-py3.8.egg-info' (and everything under it)
[1.594s] Copying C:\dev\robotic_hw\build\dofsensor\dofsensor.egg-info to C:\dev\robotic_hw\install\Lib\site-packages\dofsensor-0.0.0-py3.8.egg-info
[1.609s] running install_scripts
[1.625s] Installing client-script.py script to C:\dev\robotic_hw\install\lib\dofsensor
[1.625s] Installing client.exe script to C:\dev\robotic_hw\install\lib\dofsensor
[1.625s] Installing service-script.py script to C:\dev\robotic_hw\install\lib\dofsensor
[1.625s] Installing service.exe script to C:\dev\robotic_hw\install\lib\dofsensor
[1.625s] Installing talker-script.py script to C:\dev\robotic_hw\install\lib\dofsensor
[1.625s] Installing talker.exe script to C:\dev\robotic_hw\install\lib\dofsensor
[1.625s] writing list of installed files to 'C:\dev\robotic_hw\build\dofsensor\install.log'
[1.656s] Invoked command in 'C:\dev\robotic_hw\src\dofsensor' returned '0': PYTHONPATH=C:\dev\robotic_hw\install\Lib\site-packages;%PYTHONPATH% c:\opt\ros\foxy\x64\python.exe setup.py egg_info --egg-base C:\dev\robotic_hw\build\dofsensor build --build-base C:\dev\robotic_hw\build\dofsensor\build install --prefix C:\dev\robotic_hw\install --record C:\dev\robotic_hw\build\dofsensor\install.log --single-version-externally-managed
