[0.000000] (-) TimerEvent: {}
[0.000000] (interfaces) JobQueued: {'identifier': 'interfaces', 'dependencies': OrderedDict()}
[0.000000] (interfaces) JobStarted: {'identifier': 'interfaces'}
[0.079000] (interfaces) JobProgress: {'identifier': 'interfaces', 'progress': 'cmake'}
[0.079000] (interfaces) Command: {'cmd': ['c:\\opt\\ros\\foxy\\x64\\Scripts\\cmake.EXE', 'C:\\dev\\robotic_hw\\src\\interfaces', '-DCMAKE_INSTALL_PREFIX=C:\\dev\\robotic_hw\\install', '-G', 'Visual Studio 16 2019'], 'cwd': 'C:\\dev\\robotic_hw\\build\\interfaces', 'env': OrderedDict([('ALLUSERSPROFILE', 'C:\\ProgramData'), ('AMENT_PREFIX_PATH', 'C:\\dev\\robotic_hw\\install;c:\\opt\\ros\\foxy\\x64'), ('APPDATA', 'C:\\Users\\dvuon\\AppData\\Roaming'), ('ChocolateyInstall', 'C:\\ProgramData\\chocolatey'), ('ChocolateyLastPathUpdate', '133207244663475842'), ('CMAKE_PREFIX_PATH', 'C:\\opt\\ros\\foxy\\x64\\tools\\vcpkg\\installed\\x64-windows;c:\\opt\\ros\\foxy\\x64;C:\\dev\\robotic_hw\\install'), ('COLCON', '1'), ('COLCON_PREFIX_PATH', 'C:\\dev\\robotic_hw\\install\\;c:\\opt\\ros\\foxy\\x64\\'), ('CommandPromptType', 'Native'), ('CommonProgramFiles', 'C:\\Program Files\\Common Files'), ('CommonProgramFiles(x86)', 'C:\\Program Files (x86)\\Common Files'), ('CommonProgramW6432', 'C:\\Program Files\\Common Files'), ('COMPUTERNAME', 'LAPTOP-H8UQ26TO'), ('ComSpec', 'C:\\Windows\\system32\\cmd.exe'), ('CUDA_PATH', 'C:\\Program Files\\NVIDIA GPU Computing Toolkit\\CUDA\\v11.6'), ('CUDA_PATH_V11_6', 'C:\\Program Files\\NVIDIA GPU Computing Toolkit\\CUDA\\v11.6'), ('DevEnvDir', 'C:\\Program Files (x86)\\Microsoft Visual Studio\\2019\\Community\\Common7\\IDE\\'), ('DriverData', 'C:\\Windows\\System32\\Drivers\\DriverData'), ('ExtensionSdkDir', 'C:\\Program Files (x86)\\Microsoft SDKs\\Windows Kits\\10\\ExtensionSDKs'), ('Framework40Version', 'v4.0'), ('FrameworkDir', 'C:\\Windows\\Microsoft.NET\\Framework64\\'), ('FrameworkDir64', 'C:\\Windows\\Microsoft.NET\\Framework64\\'), ('FrameworkVersion', 'v4.0.30319'), ('FrameworkVersion64', 'v4.0.30319'), ('HOMEDRIVE', 'C:'), ('HOMEPATH', '\\Users\\dvuon'), ('INCLUDE', 'C:\\Program Files (x86)\\Microsoft Visual Studio\\2019\\Community\\VC\\Tools\\MSVC\\14.29.30133\\ATLMFC\\include;C:\\Program Files (x86)\\Microsoft Visual Studio\\2019\\Community\\VC\\Tools\\MSVC\\14.29.30133\\include;C:\\Program Files (x86)\\Windows Kits\\10\\include\\10.0.19041.0\\ucrt;C:\\Program Files (x86)\\Windows Kits\\10\\include\\10.0.19041.0\\shared;C:\\Program Files (x86)\\Windows Kits\\10\\include\\10.0.19041.0\\um;C:\\Program Files (x86)\\Windows Kits\\10\\include\\10.0.19041.0\\winrt;C:\\Program Files (x86)\\Windows Kits\\10\\include\\10.0.19041.0\\cppwinrt'), ('JAVA_HOME', 'C:\\Program Files\\Java\\jre1.8.0_351'), ('LIB', 'C:\\Program Files (x86)\\Microsoft Visual Studio\\2019\\Community\\VC\\Tools\\MSVC\\14.29.30133\\ATLMFC\\lib\\x64;C:\\Program Files (x86)\\Microsoft Visual Studio\\2019\\Community\\VC\\Tools\\MSVC\\14.29.30133\\lib\\x64;C:\\Program Files (x86)\\Windows Kits\\10\\lib\\10.0.19041.0\\ucrt\\x64;C:\\Program Files (x86)\\Windows Kits\\10\\lib\\10.0.19041.0\\um\\x64'), ('LIBPATH', 'C:\\Program Files (x86)\\Microsoft Visual Studio\\2019\\Community\\VC\\Tools\\MSVC\\14.29.30133\\ATLMFC\\lib\\x64;C:\\Program Files (x86)\\Microsoft Visual Studio\\2019\\Community\\VC\\Tools\\MSVC\\14.29.30133\\lib\\x64;C:\\Program Files (x86)\\Microsoft Visual Studio\\2019\\Community\\VC\\Tools\\MSVC\\14.29.30133\\lib\\x86\\store\\references;C:\\Program Files (x86)\\Windows Kits\\10\\UnionMetadata\\10.0.19041.0;C:\\Program Files (x86)\\Windows Kits\\10\\References\\10.0.19041.0;C:\\Windows\\Microsoft.NET\\Framework64\\v4.0.30319'), ('LOCALAPPDATA', 'C:\\Users\\dvuon\\AppData\\Local'), ('LOGONSERVER', '\\\\LAPTOP-H8UQ26TO'), ('NUMBER_OF_PROCESSORS', '16'), ('NVTOOLSEXT_PATH', 'C:\\Program Files\\NVIDIA Corporation\\NvToolsExt\\'), ('OneDrive', 'C:\\Users\\dvuon\\OneDrive'), ('OneDriveConsumer', 'C:\\Users\\dvuon\\OneDrive'), ('OpenCV_DIR', 'C:\\opencv'), ('OS', 'Windows_NT'), ('PATH', 'c:\\opt\\ros\\foxy\\x64\\;c:\\opt\\ros\\foxy\\x64\\opt\\rviz_ogre_vendor\\bin;C:\\opt\\ros\\foxy\\x64\\tools\\vcpkg\\installed\\x64-windows\\bin;C:\\opt\\ros\\foxy\\x64\\tools\\vcpkg;c:\\opt\\ros\\foxy\\x64\\Scripts;c:\\opt\\ros\\foxy\\x64\\bin;C:\\Program Files (x86)\\Microsoft Visual Studio\\2019\\Community\\Common7\\IDE\\\\Extensions\\Microsoft\\IntelliCode\\CLI;C:\\Program Files (x86)\\Microsoft Visual Studio\\2019\\Community\\VC\\Tools\\MSVC\\14.29.30133\\bin\\HostX64\\x64;C:\\Program Files (x86)\\Microsoft Visual Studio\\2019\\Community\\Common7\\IDE\\VC\\VCPackages;C:\\Program Files (x86)\\Microsoft Visual Studio\\2019\\Community\\Common7\\IDE\\CommonExtensions\\Microsoft\\TestWindow;C:\\Program Files (x86)\\Microsoft Visual Studio\\2019\\Community\\Common7\\IDE\\CommonExtensions\\Microsoft\\TeamFoundation\\Team Explorer;C:\\Program Files (x86)\\Microsoft Visual Studio\\2019\\Community\\MSBuild\\Current\\bin\\Roslyn;C:\\Program Files (x86)\\Microsoft Visual Studio\\2019\\Community\\Team Tools\\Performance Tools\\x64;C:\\Program Files (x86)\\Microsoft Visual Studio\\2019\\Community\\Team Tools\\Performance Tools;C:\\Program Files (x86)\\Microsoft Visual Studio\\Shared\\Common\\VSPerfCollectionTools\\vs2019\\\\x64;C:\\Program Files (x86)\\Microsoft Visual Studio\\Shared\\Common\\VSPerfCollectionTools\\vs2019\\;C:\\Program Files (x86)\\Microsoft Visual Studio\\2019\\Community\\Common7\\Tools\\devinit;C:\\Program Files (x86)\\Windows Kits\\10\\bin\\10.0.19041.0\\x64;C:\\Program Files (x86)\\Windows Kits\\10\\bin\\x64;C:\\Program Files (x86)\\Microsoft Visual Studio\\2019\\Community\\\\MSBuild\\Current\\Bin;C:\\Windows\\Microsoft.NET\\Framework64\\v4.0.30319;C:\\Program Files (x86)\\Microsoft Visual Studio\\2019\\Community\\Common7\\IDE\\;C:\\Program Files (x86)\\Microsoft Visual Studio\\2019\\Community\\Common7\\Tools\\;C:\\Python38\\Scripts\\;C:\\Python38\\;C:\\Program Files (x86)\\Common Files\\Oracle\\Java\\javapath;C:\\Program Files (x86)\\Razer Chroma SDK\\bin;C:\\Program Files\\Razer Chroma SDK\\bin;C:\\Program Files (x86)\\Razer\\ChromaBroadcast\\bin;C:\\Program Files\\Razer\\ChromaBroadcast\\bin;C:\\Program Files\\NVIDIA GPU Computing Toolkit\\CUDA\\v11.6\\bin;C:\\Program Files\\NVIDIA GPU Computing Toolkit\\CUDA\\v11.6\\libnvvp;C:\\Program Files\\NVIDIA Corporation\\NVIDIA NvDLISR;C:\\Windows\\system32\\config\\systemprofile\\AppData\\Local\\Microsoft\\WindowsApps;C:\\Program Files (x86)\\Google\\Cloud SDK\\google-cloud-sdk\\bin;C:\\Program Files\\dotnet\\;C:\\ProgramData\\chocolatey\\bin;C:\\opencv\\x64\\vc16\\bin;C:\\ProgramData\\chocolatey\\lib\\cunit\\lib;C:\\ProgramData\\chocolatey\\lib\\tinyxml2\\lib;C:\\ProgramData\\chocolatey\\lib\\log4cxx\\lib;C:\\ProgramData\\chocolatey\\lib\\bullet\\lib;C:\\Program Files\\Git\\cmd;C:\\Users\\dvuon\\AppData\\Local\\Programs\\Python\\Python39\\Scripts\\;C:\\Users\\dvuon\\AppData\\Local\\Programs\\Python\\Python39\\;C:\\Users\\dvuon\\AppData\\Local\\Microsoft\\WindowsApps;C:\\Users\\dvuon\\AppData\\Local\\atom\\bin;C:\\Users\\dvuon\\AppData\\Local\\GitHubDesktop\\bin;C:\\Program Files (x86)\\GitHub CLI\\;C:\\Program Files\\NVIDIA GPU Computing Toolkit\\CUDA\\v11.6\\extras\\CUPTI\\lib64;C:\\Program Files\\NVIDIA GPU Computing Toolkit\\CUDA\\v11.6\\include;C:\\tools\\cuda\\bin;C:\\Program Files\\NVIDIA\\CUDNN\\v8.1\\bin;C:\\Users\\dvuon\\AppData\\Local\\Programs\\Julia-1.7.2\\bin;C:\\Program Files (x86)\\Terraform;C:\\Users\\dvuon\\AppData\\Local\\Programs\\Microsoft VS Code\\bin;C:\\Windows\\System32\\WindowsPowerShell\\v1.0;C:\\Windows\\System32;C:\\Program Files (x86)\\Vim\\vim90;C:\\Program Files (x86)\\Microsoft Visual Studio\\2019\\Community\\Common7\\IDE\\CommonExtensions\\Microsoft\\CMake\\CMake\\bin;C:\\Program Files (x86)\\Microsoft Visual Studio\\2019\\Community\\Common7\\IDE\\CommonExtensions\\Microsoft\\CMake\\Ninja'), ('PATHEXT', '.COM;.EXE;.BAT;.CMD;.VBS;.VBE;.JS;.JSE;.WSF;.WSH;.MSC;.PY;.PYW'), ('PKG_CONFIG_PATH', 'c:\\opt\\ros\\foxy\\x64\\lib\\pkgconfig'), ('Platform', 'x64'), ('PROCESSOR_ARCHITECTURE', 'AMD64'), ('PROCESSOR_IDENTIFIER', 'AMD64 Family 25 Model 80 Stepping 0, AuthenticAMD'), ('PROCESSOR_LEVEL', '25'), ('PROCESSOR_REVISION', '5000'), ('ProgramData', 'C:\\ProgramData'), ('ProgramFiles', 'C:\\Program Files'), ('ProgramFiles(x86)', 'C:\\Program Files (x86)'), ('ProgramW6432', 'C:\\Program Files'), ('PROMPT', '$P$G'), ('PSModulePath', 'C:\\Program Files\\WindowsPowerShell\\Modules;C:\\Windows\\system32\\WindowsPowerShell\\v1.0\\Modules;C:\\Program Files (x86)\\Google\\Cloud SDK\\google-cloud-sdk\\platform\\PowerShell'), ('PUBLIC', 'C:\\Users\\Public'), ('PYTHONPATH', 'C:\\dev\\robotic_hw\\install\\Lib\\site-packages;c:\\opt\\ros\\foxy\\x64\\Lib\\site-packages;C:\\Python38\\'), ('ROS_DISTRO', 'foxy'), ('ROS_ETC_DIR', 'C:\\opt\\ros\\foxy\\x64\\etc\\ros'), ('ROS_LOCALHOST_ONLY', '0'), ('ROS_PYTHON_VERSION', '3'), ('ROS_VERSION', '2'), ('SDF_PATH', 'C:\\opt\\ros\\foxy\\x64\\share\\sdformat\\1.6'), ('SystemDrive', 'C:'), ('SystemRoot', 'C:\\Windows'), ('TEMP', 'C:\\Users\\dvuon\\AppData\\Local\\Temp'), ('terraform', 'C:\\Program Files (x86)\\Terraform'), ('TMP', 'C:\\Users\\dvuon\\AppData\\Local\\Temp'), ('UCRTVersion', '10.0.19041.0'), ('UniversalCRTSdkDir', 'C:\\Program Files (x86)\\Windows Kits\\10\\'), ('USERDOMAIN', 'LAPTOP-H8UQ26TO'), ('USERDOMAIN_ROAMINGPROFILE', 'LAPTOP-H8UQ26TO'), ('USERNAME', 'dvuon'), ('USERPROFILE', 'C:\\Users\\dvuon'), ('VBOX_HWVIRTEX_IGNORE_SVM_IN_USE', '1'), ('VCIDEInstallDir', 'C:\\Program Files (x86)\\Microsoft Visual Studio\\2019\\Community\\Common7\\IDE\\VC\\'), ('VCINSTALLDIR', 'C:\\Program Files (x86)\\Microsoft Visual Studio\\2019\\Community\\VC\\'), ('VCPKG_DEFAULT_TRIPLET', 'x64-windows'), ('VCPKG_ROOT', 'C:\\opt\\ros\\foxy\\x64\\tools\\vcpkg'), ('VCToolsInstallDir', 'C:\\Program Files (x86)\\Microsoft Visual Studio\\2019\\Community\\VC\\Tools\\MSVC\\14.29.30133\\'), ('VCToolsRedistDir', 'C:\\Program Files (x86)\\Microsoft Visual Studio\\2019\\Community\\VC\\Redist\\MSVC\\14.29.30133\\'), ('VCToolsVersion', '14.29.30133'), ('VisualStudioVersion', '16.0'), ('VS160COMNTOOLS', 'C:\\Program Files (x86)\\Microsoft Visual Studio\\2019\\Community\\Common7\\Tools\\'), ('VSCMD_ARG_app_plat', 'Desktop'), ('VSCMD_ARG_HOST_ARCH', 'x64'), ('VSCMD_ARG_TGT_ARCH', 'x64'), ('VSCMD_VER', '16.11.23'), ('VSINSTALLDIR', 'C:\\Program Files (x86)\\Microsoft Visual Studio\\2019\\Community\\'), ('windir', 'C:\\Windows'), ('WindowsLibPath', 'C:\\Program Files (x86)\\Windows Kits\\10\\UnionMetadata\\10.0.19041.0;C:\\Program Files (x86)\\Windows Kits\\10\\References\\10.0.19041.0'), ('WindowsSdkBinPath', 'C:\\Program Files (x86)\\Windows Kits\\10\\bin\\'), ('WindowsSdkDir', 'C:\\Program Files (x86)\\Windows Kits\\10\\'), ('WindowsSDKLibVersion', '10.0.19041.0\\'), ('WindowsSdkVerBinPath', 'C:\\Program Files (x86)\\Windows Kits\\10\\bin\\10.0.19041.0\\'), ('WindowsSDKVersion', '10.0.19041.0\\'), ('__devinit_path', 'C:\\Program Files (x86)\\Microsoft Visual Studio\\2019\\Community\\Common7\\Tools\\devinit\\devinit.exe'), ('__DOTNET_ADD_64BIT', '1'), ('__DOTNET_PREFERRED_BITNESS', '64'), ('__VSCMD_PREINIT_PATH', 'C:\\Python38\\Scripts\\;C:\\Python38\\;C:\\Program Files (x86)\\Common Files\\Oracle\\Java\\javapath;C:\\Program Files (x86)\\Razer Chroma SDK\\bin;C:\\Program Files\\Razer Chroma SDK\\bin;C:\\Program Files (x86)\\Razer\\ChromaBroadcast\\bin;C:\\Program Files\\Razer\\ChromaBroadcast\\bin;C:\\Program Files\\NVIDIA GPU Computing Toolkit\\CUDA\\v11.6\\bin;C:\\Program Files\\NVIDIA GPU Computing Toolkit\\CUDA\\v11.6\\libnvvp;C:\\Program Files\\NVIDIA Corporation\\NVIDIA NvDLISR;C:\\Windows\\system32\\config\\systemprofile\\AppData\\Local\\Microsoft\\WindowsApps;C:\\Program Files (x86)\\Google\\Cloud SDK\\google-cloud-sdk\\bin;C:\\Program Files\\dotnet\\;C:\\ProgramData\\chocolatey\\bin;C:\\opencv\\x64\\vc16\\bin;C:\\ProgramData\\chocolatey\\lib\\cunit\\lib;C:\\ProgramData\\chocolatey\\lib\\tinyxml2\\lib;C:\\ProgramData\\chocolatey\\lib\\log4cxx\\lib;C:\\ProgramData\\chocolatey\\lib\\bullet\\lib;C:\\Program Files\\Git\\cmd;C:\\Users\\dvuon\\AppData\\Local\\Programs\\Python\\Python39\\Scripts\\;C:\\Users\\dvuon\\AppData\\Local\\Programs\\Python\\Python39\\;C:\\Users\\dvuon\\AppData\\Local\\Microsoft\\WindowsApps;C:\\Users\\dvuon\\AppData\\Local\\atom\\bin;C:\\Users\\dvuon\\AppData\\Local\\GitHubDesktop\\bin;C:\\Program Files (x86)\\GitHub CLI\\;C:\\Program Files\\NVIDIA GPU Computing Toolkit\\CUDA\\v11.6\\extras\\CUPTI\\lib64;C:\\Program Files\\NVIDIA GPU Computing Toolkit\\CUDA\\v11.6\\include;C:\\tools\\cuda\\bin;C:\\Program Files\\NVIDIA\\CUDNN\\v8.1\\bin;C:\\Users\\dvuon\\AppData\\Local\\Programs\\Julia-1.7.2\\bin;C:\\Program Files (x86)\\Terraform;C:\\Users\\dvuon\\AppData\\Local\\Programs\\Microsoft VS Code\\bin;C:\\Windows\\System32\\WindowsPowerShell\\v1.0;C:\\Windows\\System32;C:\\Program Files (x86)\\Vim\\vim90'), ('__VSCMD_script_err_count', '0')]), 'shell': False}
[0.110000] (-) TimerEvent: {}
[0.219000] (interfaces) StdoutLine: {'line': b'-- Selecting Windows SDK version 10.0.19041.0 to target Windows 10.0.19045.\n'}
[0.219000] (-) TimerEvent: {}
[0.329000] (-) TimerEvent: {}
[0.438000] (-) TimerEvent: {}
[0.563000] (-) TimerEvent: {}
[0.672000] (-) TimerEvent: {}
[0.782000] (-) TimerEvent: {}
[0.891000] (-) TimerEvent: {}
[1.000000] (-) TimerEvent: {}
[1.110000] (-) TimerEvent: {}
[1.219000] (-) TimerEvent: {}
[1.344000] (-) TimerEvent: {}
[1.438000] (interfaces) StdoutLine: {'line': b'-- The C compiler identification is MSVC 19.29.30147.0\n'}
[1.454000] (-) TimerEvent: {}
[1.563000] (-) TimerEvent: {}
[1.672000] (-) TimerEvent: {}
[1.782000] (-) TimerEvent: {}
[1.891000] (-) TimerEvent: {}
[2.000000] (-) TimerEvent: {}
[2.125000] (-) TimerEvent: {}
[2.157000] (interfaces) StdoutLine: {'line': b'-- The CXX compiler identification is MSVC 19.29.30147.0\n'}
[2.235000] (-) TimerEvent: {}
[2.282000] (interfaces) StdoutLine: {'line': b'-- Detecting C compiler ABI info\n'}
[2.344000] (-) TimerEvent: {}
[2.454000] (-) TimerEvent: {}
[2.563000] (-) TimerEvent: {}
[2.672000] (-) TimerEvent: {}
[2.782000] (-) TimerEvent: {}
[2.875000] (interfaces) StdoutLine: {'line': b'-- Detecting C compiler ABI info - done\n'}
[2.875000] (interfaces) StdoutLine: {'line': b'-- Check for working C compiler: C:/Program Files (x86)/Microsoft Visual Studio/2019/Community/VC/Tools/MSVC/14.29.30133/bin/Hostx64/x64/cl.exe - skipped\n'}
[2.891000] (interfaces) StdoutLine: {'line': b'-- Detecting C compile features\n'}
[2.891000] (-) TimerEvent: {}
[2.891000] (interfaces) StdoutLine: {'line': b'-- Detecting C compile features - done\n'}
[2.922000] (interfaces) StdoutLine: {'line': b'-- Detecting CXX compiler ABI info\n'}
[3.000000] (-) TimerEvent: {}
[3.110000] (-) TimerEvent: {}
[3.235000] (-) TimerEvent: {}
[3.344000] (-) TimerEvent: {}
[3.454000] (-) TimerEvent: {}
[3.516000] (interfaces) StdoutLine: {'line': b'-- Detecting CXX compiler ABI info - done\n'}
[3.516000] (interfaces) StdoutLine: {'line': b'-- Check for working CXX compiler: C:/Program Files (x86)/Microsoft Visual Studio/2019/Community/VC/Tools/MSVC/14.29.30133/bin/Hostx64/x64/cl.exe - skipped\n'}
[3.516000] (interfaces) StdoutLine: {'line': b'-- Detecting CXX compile features\n'}
[3.516000] (interfaces) StdoutLine: {'line': b'-- Detecting CXX compile features - done\n'}
[3.547000] (interfaces) StdoutLine: {'line': b'-- Found ament_cmake: 0.9.9 (C:/opt/ros/foxy/x64/share/ament_cmake/cmake)\n'}
[3.579000] (-) TimerEvent: {}
[3.688000] (-) TimerEvent: {}
[3.750000] (interfaces) StdoutLine: {'line': b'-- Found PythonInterp: C:/opt/ros/foxy/x64/python.exe (found suitable version "3.8.3", minimum required is "3") \n'}
[3.750000] (interfaces) StdoutLine: {'line': b'-- Using PYTHON_EXECUTABLE: C:/opt/ros/foxy/x64/python.exe\n'}
[3.797000] (-) TimerEvent: {}
[3.907000] (-) TimerEvent: {}
[4.016000] (-) TimerEvent: {}
[4.141000] (-) TimerEvent: {}
[4.250000] (-) TimerEvent: {}
[4.360000] (-) TimerEvent: {}
[4.469000] (-) TimerEvent: {}
[4.516000] (interfaces) StdoutLine: {'line': b'-- Found rosidl_default_generators: 1.0.1 (C:/opt/ros/foxy/x64/share/rosidl_default_generators/cmake)\n'}
[4.563000] (interfaces) StdoutLine: {'line': b'-- Using all available rosidl_typesupport_c: rosidl_typesupport_fastrtps_c;rosidl_typesupport_introspection_c\n'}
[4.579000] (-) TimerEvent: {}
[4.641000] (interfaces) StdoutLine: {'line': b'-- Found rosidl_adapter: 1.2.1 (C:/opt/ros/foxy/x64/share/rosidl_adapter/cmake)\n'}
[4.688000] (-) TimerEvent: {}
[4.797000] (-) TimerEvent: {}
[4.891000] (interfaces) StdoutLine: {'line': b'-- Found OpenSSL: optimized;C:/opt/ros/foxy/x64/Lib/libcrypto.lib;debug;C:/Program Files/OpenSSL-Win64/lib/VC/libcrypto64MDd.lib (found version "1.1.1g")  \n'}
[4.907000] (-) TimerEvent: {}
[4.969000] (interfaces) StdoutLine: {'line': b'-- Found FastRTPS: C:/opt/ros/foxy/x64/include  \n'}
[5.016000] (-) TimerEvent: {}
[5.125000] (-) TimerEvent: {}
[5.235000] (-) TimerEvent: {}
[5.360000] (-) TimerEvent: {}
[5.407000] (interfaces) StdoutLine: {'line': b'-- Using all available rosidl_typesupport_cpp: rosidl_typesupport_fastrtps_cpp;rosidl_typesupport_introspection_cpp\n'}
[5.485000] (-) TimerEvent: {}
[5.579000] (interfaces) StderrLine: {'line': b'CMake Error at C:/opt/ros/foxy/x64/share/rosidl_cmake/cmake/rosidl_generate_interfaces.cmake:93 (message):\n'}
[5.579000] (interfaces) StderrLine: {'line': b"  rosidl_generate_interfaces() the passed file 'msg/ReadSensor.srv' doesn't\n"}
[5.579000] (interfaces) StderrLine: {'line': b'  exist relative to the CMAKE_CURRENT_SOURCE_DIR\n'}
[5.579000] (interfaces) StderrLine: {'line': b"  'C:/dev/robotic_hw/src/interfaces'\n"}
[5.579000] (interfaces) StderrLine: {'line': b'Call Stack (most recent call first):\n'}
[5.579000] (interfaces) StderrLine: {'line': b'  CMakeLists.txt:25 (rosidl_generate_interfaces)\n'}
[5.579000] (interfaces) StderrLine: {'line': b'\n'}
[5.579000] (interfaces) StderrLine: {'line': b'\n'}
[5.579000] (interfaces) StdoutLine: {'line': b'-- Configuring incomplete, errors occurred!\n'}
[5.579000] (interfaces) StdoutLine: {'line': b'See also "C:/dev/robotic_hw/build/interfaces/CMakeFiles/CMakeOutput.log".\n'}
[5.594000] (-) TimerEvent: {}
[5.594000] (interfaces) CommandEnded: {'returncode': 1}
[5.641000] (interfaces) JobEnded: {'identifier': 'interfaces', 'rc': 1}
[5.657000] (-) EventReactorShutdown: {}
