[0.547s] Invoking command in 'C:\dev\robotic_hw\src\dofsensor': PYTHONPATH=C:\dev\robotic_hw\install\Lib\site-packages;%PYTHONPATH% c:\opt\ros\foxy\x64\python.exe setup.py egg_info --egg-base C:\dev\robotic_hw\build\dofsensor build --build-base C:\dev\robotic_hw\build\dofsensor\build install --prefix C:\dev\robotic_hw\install --record C:\dev\robotic_hw\build\dofsensor\install.log --single-version-externally-managed
[0.969s] running egg_info
[0.969s] creating C:\dev\robotic_hw\build\dofsensor\dofsensor.egg-info
[0.969s] writing C:\dev\robotic_hw\build\dofsensor\dofsensor.egg-info\PKG-INFO
[0.969s] writing dependency_links to C:\dev\robotic_hw\build\dofsensor\dofsensor.egg-info\dependency_links.txt
[0.969s] writing entry points to C:\dev\robotic_hw\build\dofsensor\dofsensor.egg-info\entry_points.txt
[0.969s] writing requirements to C:\dev\robotic_hw\build\dofsensor\dofsensor.egg-info\requires.txt
[0.969s] writing top-level names to C:\dev\robotic_hw\build\dofsensor\dofsensor.egg-info\top_level.txt
[0.969s] writing manifest file 'C:\dev\robotic_hw\build\dofsensor\dofsensor.egg-info\SOURCES.txt'
[0.984s] reading manifest file 'C:\dev\robotic_hw\build\dofsensor\dofsensor.egg-info\SOURCES.txt'
[0.984s] writing manifest file 'C:\dev\robotic_hw\build\dofsensor\dofsensor.egg-info\SOURCES.txt'
[0.984s] running build
[0.984s] running build_py
[0.984s] creating C:\dev\robotic_hw\build\dofsensor\build
[0.984s] creating C:\dev\robotic_hw\build\dofsensor\build\lib
[0.984s] creating C:\dev\robotic_hw\build\dofsensor\build\lib\dofsensor
[0.984s] copying dofsensor\client.py -> C:\dev\robotic_hw\build\dofsensor\build\lib\dofsensor
[0.984s] copying dofsensor\server.py -> C:\dev\robotic_hw\build\dofsensor\build\lib\dofsensor
[0.984s] copying dofsensor\__init__.py -> C:\dev\robotic_hw\build\dofsensor\build\lib\dofsensor
[0.984s] running install
[0.984s] running install_lib
[0.984s] creating C:\dev\robotic_hw\install\Lib\site-packages\dofsensor
[0.984s] copying C:\dev\robotic_hw\build\dofsensor\build\lib\dofsensor\client.py -> C:\dev\robotic_hw\install\Lib\site-packages\dofsensor
[0.984s] copying C:\dev\robotic_hw\build\dofsensor\build\lib\dofsensor\server.py -> C:\dev\robotic_hw\install\Lib\site-packages\dofsensor
[0.984s] copying C:\dev\robotic_hw\build\dofsensor\build\lib\dofsensor\__init__.py -> C:\dev\robotic_hw\install\Lib\site-packages\dofsensor
[1.000s] writing byte-compilation script 'C:\Users\dvuon\AppData\Local\Temp\tmpoixl_ybv.py'
[1.000s] c:\opt\ros\foxy\x64\python.exe C:\Users\dvuon\AppData\Local\Temp\tmpoixl_ybv.py
[1.047s]   File "C:\dev\robotic_hw\install\Lib\site-packages\dofsensor\server.py", line 24
[1.047s]     self.get_logger().info('Incoming request\nnumsamples: %d '' % (request.numsamples))
[1.047s]                                                                                       ^
[1.047s] SyntaxError: EOL while scanning string literal
[1.047s] 
[1.063s] removing C:\Users\dvuon\AppData\Local\Temp\tmpoixl_ybv.py
[1.063s] running install_data
[1.063s] copying resource\dofsensor -> C:\dev\robotic_hw\install\share\ament_index\resource_index\packages
[1.063s] copying package.xml -> C:\dev\robotic_hw\install\share\dofsensor
[1.063s] running install_egg_info
[1.063s] Copying C:\dev\robotic_hw\build\dofsensor\dofsensor.egg-info to C:\dev\robotic_hw\install\Lib\site-packages\dofsensor-0.0.0-py3.8.egg-info
[1.078s] running install_scripts
[1.109s] Installing client-script.py script to C:\dev\robotic_hw\install\lib\dofsensor
[1.109s] Installing client.exe script to C:\dev\robotic_hw\install\lib\dofsensor
[1.109s] Installing service-script.py script to C:\dev\robotic_hw\install\lib\dofsensor
[1.109s] Installing service.exe script to C:\dev\robotic_hw\install\lib\dofsensor
[1.109s] writing list of installed files to 'C:\dev\robotic_hw\build\dofsensor\install.log'
[1.125s] Invoked command in 'C:\dev\robotic_hw\src\dofsensor' returned '0': PYTHONPATH=C:\dev\robotic_hw\install\Lib\site-packages;%PYTHONPATH% c:\opt\ros\foxy\x64\python.exe setup.py egg_info --egg-base C:\dev\robotic_hw\build\dofsensor build --build-base C:\dev\robotic_hw\build\dofsensor\build install --prefix C:\dev\robotic_hw\install --record C:\dev\robotic_hw\build\dofsensor\install.log --single-version-externally-managed
