-- Selecting Windows SDK version 10.0.19041.0 to target Windows 10.0.19045.
-- Found ament_cmake: 0.9.9 (C:/opt/ros/foxy/x64/share/ament_cmake/cmake)
-- Found PythonInterp: C:/opt/ros/foxy/x64/python.exe (found suitable version "3.8.3", minimum required is "3") 
-- Using PYTHON_EXECUTABLE: C:/opt/ros/foxy/x64/python.exe
-- Found rosidl_default_generators: 1.0.1 (C:/opt/ros/foxy/x64/share/rosidl_default_generators/cmake)
-- Using all available rosidl_typesupport_c: rosidl_typesupport_fastrtps_c;rosidl_typesupport_introspection_c
-- Found rosidl_adapter: 1.2.1 (C:/opt/ros/foxy/x64/share/rosidl_adapter/cmake)
-- Using all available rosidl_typesupport_cpp: rosidl_typesupport_fastrtps_cpp;rosidl_typesupport_introspection_cpp
-- Found PythonInterp: C:/opt/ros/foxy/x64/python.exe (found version "3.8.3") 
-- Found ament_cmake_ros: 0.9.2 (C:/opt/ros/foxy/x64/share/ament_cmake_ros/cmake)
-- Using all available rosidl_typesupport_c: rosidl_typesupport_fastrtps_c;rosidl_typesupport_introspection_c
-- Using all available rosidl_typesupport_cpp: rosidl_typesupport_fastrtps_cpp;rosidl_typesupport_introspection_cpp
-- Found PythonInterp: C:/opt/ros/foxy/x64/python.exe (found suitable version "3.8.3", minimum required is "3.5") 
-- Found python_cmake_module: 0.8.1 (C:/opt/ros/foxy/x64/share/python_cmake_module/cmake)
-- Using PYTHON_EXECUTABLE: C:/opt/ros/foxy/x64/python.exe
-- Using PYTHON_INCLUDE_DIRS: C:/opt/ros/foxy/x64/include/python3.8
-- Using PYTHON_LIBRARIES: optimized;C:/opt/ros/foxy/x64/Lib/python38.lib;debug;C:/Python38/libs/python38_d.lib
-- Using numpy include directory: C:\opt\ros\foxy\x64\lib\site-packages\numpy\core\include
-- Found ament_lint_auto: 0.9.6 (C:/opt/ros/foxy/x64/share/ament_lint_auto/cmake)
-- Added test 'copyright' to check source files copyright and LICENSE
-- Added test 'lint_cmake' to check CMake code style
-- Added test 'xmllint' to check XML markup files
-- Configuring done
-- Generating done
-- Build files have been written to: C:/dev/robotic_hw/build/interfaces
Microsoft (R) Build Engine version 16.11.2+f32259642 for .NET Framework
Copyright (C) Microsoft Corporation. All rights reserved.

  interfaces__rosidl_generator_c.vcxproj -> C:\dev\robotic_hw\build\interfaces\Release\interfaces__rosidl_generator_c.dll
  interfaces__rosidl_typesupport_c.vcxproj -> C:\dev\robotic_hw\build\interfaces\Release\interfaces__rosidl_typesupport_c.dll
  interfaces__rosidl_typesupport_cpp.vcxproj -> C:\dev\robotic_hw\build\interfaces\Release\interfaces__rosidl_typesupport_cpp.dll
  interfaces__rosidl_typesupport_fastrtps_cpp.vcxproj -> C:\dev\robotic_hw\build\interfaces\Release\interfaces__rosidl_typesupport_fastrtps_cpp.dll
  interfaces__rosidl_typesupport_fastrtps_c.vcxproj -> C:\dev\robotic_hw\build\interfaces\Release\interfaces__rosidl_typesupport_fastrtps_c.dll
  interfaces__rosidl_typesupport_introspection_c.vcxproj -> C:\dev\robotic_hw\build\interfaces\Release\interfaces__rosidl_typesupport_introspection_c.dll
  interfaces__rosidl_typesupport_introspection_cpp.vcxproj -> C:\dev\robotic_hw\build\interfaces\Release\interfaces__rosidl_typesupport_introspection_cpp.dll
  interfaces__python.vcxproj -> C:\dev\robotic_hw\build\interfaces\rosidl_generator_py\interfaces\interfaces__python.dll
  interfaces__rosidl_typesupport_c__pyext.vcxproj -> C:\dev\robotic_hw\build\interfaces\rosidl_generator_py\interfaces\interfaces_s__rosidl_typesupport_c.pyd
  interfaces__rosidl_typesupport_fastrtps_c__pyext.vcxproj -> C:\dev\robotic_hw\build\interfaces\rosidl_generator_py\interfaces\interfaces_s__rosidl_typesupport_fastrtps_c.pyd
  interfaces__rosidl_typesupport_introspection_c__pyext.vcxproj -> C:\dev\robotic_hw\build\interfaces\rosidl_generator_py\interfaces\interfaces_s__rosidl_typesupport_introspection_c.pyd
-- Up-to-date: C:/dev/robotic_hw/install/share/ament_index/resource_index/rosidl_interfaces/interfaces
-- Up-to-date: C:/dev/robotic_hw/install/include/interfaces
-- Up-to-date: C:/dev/robotic_hw/install/include/interfaces/msg
-- Up-to-date: C:/dev/robotic_hw/install/include/interfaces/msg/detail
-- Up-to-date: C:/dev/robotic_hw/install/include/interfaces/msg/detail/sensor_read__functions.c
-- Up-to-date: C:/dev/robotic_hw/install/include/interfaces/msg/detail/sensor_read__functions.h
-- Up-to-date: C:/dev/robotic_hw/install/include/interfaces/msg/detail/sensor_read__struct.h
-- Up-to-date: C:/dev/robotic_hw/install/include/interfaces/msg/detail/sensor_read__type_support.h
-- Up-to-date: C:/dev/robotic_hw/install/include/interfaces/msg/rosidl_generator_c__visibility_control.h
-- Up-to-date: C:/dev/robotic_hw/install/include/interfaces/msg/sensor_read.h
-- Up-to-date: C:/dev/robotic_hw/install/include/interfaces/srv
-- Up-to-date: C:/dev/robotic_hw/install/include/interfaces/srv/detail
-- Up-to-date: C:/dev/robotic_hw/install/include/interfaces/srv/detail/read_sensor2__functions.c
-- Up-to-date: C:/dev/robotic_hw/install/include/interfaces/srv/detail/read_sensor2__functions.h
-- Up-to-date: C:/dev/robotic_hw/install/include/interfaces/srv/detail/read_sensor2__struct.h
-- Up-to-date: C:/dev/robotic_hw/install/include/interfaces/srv/detail/read_sensor2__type_support.h
-- Up-to-date: C:/dev/robotic_hw/install/include/interfaces/srv/detail/read_sensor__functions.c
-- Up-to-date: C:/dev/robotic_hw/install/include/interfaces/srv/detail/read_sensor__functions.h
-- Up-to-date: C:/dev/robotic_hw/install/include/interfaces/srv/detail/read_sensor__struct.h
-- Up-to-date: C:/dev/robotic_hw/install/include/interfaces/srv/detail/read_sensor__type_support.h
-- Up-to-date: C:/dev/robotic_hw/install/include/interfaces/srv/read_sensor.h
-- Up-to-date: C:/dev/robotic_hw/install/include/interfaces/srv/read_sensor2.h
-- Up-to-date: C:/dev/robotic_hw/install/lib/interfaces__rosidl_generator_c.lib
-- Installing: C:/dev/robotic_hw/install/bin/interfaces__rosidl_generator_c.dll
-- Up-to-date: C:/dev/robotic_hw/install/include/interfaces
-- Up-to-date: C:/dev/robotic_hw/install/include/interfaces/msg
-- Up-to-date: C:/dev/robotic_hw/install/include/interfaces/msg/detail
-- Installing: C:/dev/robotic_hw/install/include/interfaces/msg/detail/sensor_read__rosidl_typesupport_fastrtps_c.h
-- Up-to-date: C:/dev/robotic_hw/install/include/interfaces/msg/rosidl_typesupport_fastrtps_c__visibility_control.h
-- Up-to-date: C:/dev/robotic_hw/install/include/interfaces/srv
-- Up-to-date: C:/dev/robotic_hw/install/include/interfaces/srv/detail
-- Installing: C:/dev/robotic_hw/install/include/interfaces/srv/detail/read_sensor2__rosidl_typesupport_fastrtps_c.h
-- Installing: C:/dev/robotic_hw/install/include/interfaces/srv/detail/read_sensor__rosidl_typesupport_fastrtps_c.h
-- Installing: C:/dev/robotic_hw/install/lib/interfaces__rosidl_typesupport_fastrtps_c.lib
-- Installing: C:/dev/robotic_hw/install/bin/interfaces__rosidl_typesupport_fastrtps_c.dll
-- Up-to-date: C:/dev/robotic_hw/install/include/interfaces
-- Up-to-date: C:/dev/robotic_hw/install/include/interfaces/msg
-- Up-to-date: C:/dev/robotic_hw/install/include/interfaces/msg/detail
-- Up-to-date: C:/dev/robotic_hw/install/include/interfaces/msg/detail/dds_fastrtps
-- Installing: C:/dev/robotic_hw/install/include/interfaces/msg/detail/sensor_read__rosidl_typesupport_fastrtps_cpp.hpp
-- Up-to-date: C:/dev/robotic_hw/install/include/interfaces/msg/rosidl_typesupport_fastrtps_cpp__visibility_control.h
-- Up-to-date: C:/dev/robotic_hw/install/include/interfaces/srv
-- Up-to-date: C:/dev/robotic_hw/install/include/interfaces/srv/detail
-- Up-to-date: C:/dev/robotic_hw/install/include/interfaces/srv/detail/dds_fastrtps
-- Installing: C:/dev/robotic_hw/install/include/interfaces/srv/detail/read_sensor2__rosidl_typesupport_fastrtps_cpp.hpp
-- Installing: C:/dev/robotic_hw/install/include/interfaces/srv/detail/read_sensor__rosidl_typesupport_fastrtps_cpp.hpp
-- Installing: C:/dev/robotic_hw/install/lib/interfaces__rosidl_typesupport_fastrtps_cpp.lib
-- Installing: C:/dev/robotic_hw/install/bin/interfaces__rosidl_typesupport_fastrtps_cpp.dll
-- Up-to-date: C:/dev/robotic_hw/install/include/interfaces
-- Up-to-date: C:/dev/robotic_hw/install/include/interfaces/msg
-- Up-to-date: C:/dev/robotic_hw/install/include/interfaces/msg/detail
-- Installing: C:/dev/robotic_hw/install/include/interfaces/msg/detail/sensor_read__rosidl_typesupport_introspection_c.h
-- Installing: C:/dev/robotic_hw/install/include/interfaces/msg/detail/sensor_read__type_support.c
-- Up-to-date: C:/dev/robotic_hw/install/include/interfaces/msg/rosidl_typesupport_introspection_c__visibility_control.h
-- Up-to-date: C:/dev/robotic_hw/install/include/interfaces/srv
-- Up-to-date: C:/dev/robotic_hw/install/include/interfaces/srv/detail
-- Installing: C:/dev/robotic_hw/install/include/interfaces/srv/detail/read_sensor2__rosidl_typesupport_introspection_c.h
-- Installing: C:/dev/robotic_hw/install/include/interfaces/srv/detail/read_sensor2__type_support.c
-- Installing: C:/dev/robotic_hw/install/include/interfaces/srv/detail/read_sensor__rosidl_typesupport_introspection_c.h
-- Installing: C:/dev/robotic_hw/install/include/interfaces/srv/detail/read_sensor__type_support.c
-- Installing: C:/dev/robotic_hw/install/lib/interfaces__rosidl_typesupport_introspection_c.lib
-- Installing: C:/dev/robotic_hw/install/bin/interfaces__rosidl_typesupport_introspection_c.dll
-- Installing: C:/dev/robotic_hw/install/lib/interfaces__rosidl_typesupport_c.lib
-- Installing: C:/dev/robotic_hw/install/bin/interfaces__rosidl_typesupport_c.dll
-- Up-to-date: C:/dev/robotic_hw/install/include/interfaces
-- Up-to-date: C:/dev/robotic_hw/install/include/interfaces/msg
-- Up-to-date: C:/dev/robotic_hw/install/include/interfaces/msg/detail
-- Installing: C:/dev/robotic_hw/install/include/interfaces/msg/detail/sensor_read__builder.hpp
-- Installing: C:/dev/robotic_hw/install/include/interfaces/msg/detail/sensor_read__struct.hpp
-- Installing: C:/dev/robotic_hw/install/include/interfaces/msg/detail/sensor_read__traits.hpp
-- Installing: C:/dev/robotic_hw/install/include/interfaces/msg/sensor_read.hpp
-- Up-to-date: C:/dev/robotic_hw/install/include/interfaces/srv
-- Up-to-date: C:/dev/robotic_hw/install/include/interfaces/srv/detail
-- Installing: C:/dev/robotic_hw/install/include/interfaces/srv/detail/read_sensor2__builder.hpp
-- Installing: C:/dev/robotic_hw/install/include/interfaces/srv/detail/read_sensor2__struct.hpp
-- Installing: C:/dev/robotic_hw/install/include/interfaces/srv/detail/read_sensor2__traits.hpp
-- Installing: C:/dev/robotic_hw/install/include/interfaces/srv/detail/read_sensor__builder.hpp
-- Installing: C:/dev/robotic_hw/install/include/interfaces/srv/detail/read_sensor__struct.hpp
-- Installing: C:/dev/robotic_hw/install/include/interfaces/srv/detail/read_sensor__traits.hpp
-- Installing: C:/dev/robotic_hw/install/include/interfaces/srv/read_sensor.hpp
-- Installing: C:/dev/robotic_hw/install/include/interfaces/srv/read_sensor2.hpp
-- Up-to-date: C:/dev/robotic_hw/install/include/interfaces
-- Up-to-date: C:/dev/robotic_hw/install/include/interfaces/msg
-- Up-to-date: C:/dev/robotic_hw/install/include/interfaces/msg/detail
-- Installing: C:/dev/robotic_hw/install/include/interfaces/msg/detail/sensor_read__rosidl_typesupport_introspection_cpp.hpp
-- Installing: C:/dev/robotic_hw/install/include/interfaces/msg/detail/sensor_read__type_support.cpp
-- Up-to-date: C:/dev/robotic_hw/install/include/interfaces/srv
-- Up-to-date: C:/dev/robotic_hw/install/include/interfaces/srv/detail
-- Installing: C:/dev/robotic_hw/install/include/interfaces/srv/detail/read_sensor2__rosidl_typesupport_introspection_cpp.hpp
-- Installing: C:/dev/robotic_hw/install/include/interfaces/srv/detail/read_sensor2__type_support.cpp
-- Installing: C:/dev/robotic_hw/install/include/interfaces/srv/detail/read_sensor__rosidl_typesupport_introspection_cpp.hpp
-- Installing: C:/dev/robotic_hw/install/include/interfaces/srv/detail/read_sensor__type_support.cpp
-- Installing: C:/dev/robotic_hw/install/lib/interfaces__rosidl_typesupport_introspection_cpp.lib
-- Installing: C:/dev/robotic_hw/install/bin/interfaces__rosidl_typesupport_introspection_cpp.dll
-- Installing: C:/dev/robotic_hw/install/lib/interfaces__rosidl_typesupport_cpp.lib
-- Installing: C:/dev/robotic_hw/install/bin/interfaces__rosidl_typesupport_cpp.dll
-- Up-to-date: C:/dev/robotic_hw/install/share/interfaces/environment/pythonpath.bat
-- Installing: C:/dev/robotic_hw/install/share/interfaces/environment/pythonpath.dsv
-- Installing: C:/dev/robotic_hw/install/Lib/site-packages/interfaces/__init__.py
Compiling 'C:/dev/robotic_hw/install/Lib/site-packages/interfaces/__init__.py'...
-- Up-to-date: C:/dev/robotic_hw/install/Lib/site-packages/interfaces/msg
-- Installing: C:/dev/robotic_hw/install/Lib/site-packages/interfaces/msg/_sensor_read.py
-- Installing: C:/dev/robotic_hw/install/Lib/site-packages/interfaces/msg/_sensor_read_s.c
-- Installing: C:/dev/robotic_hw/install/Lib/site-packages/interfaces/msg/__init__.py
-- Up-to-date: C:/dev/robotic_hw/install/Lib/site-packages/interfaces/srv
-- Installing: C:/dev/robotic_hw/install/Lib/site-packages/interfaces/srv/_read_sensor.py
-- Installing: C:/dev/robotic_hw/install/Lib/site-packages/interfaces/srv/_read_sensor2.py
-- Installing: C:/dev/robotic_hw/install/Lib/site-packages/interfaces/srv/_read_sensor2_s.c
-- Installing: C:/dev/robotic_hw/install/Lib/site-packages/interfaces/srv/_read_sensor_s.c
-- Installing: C:/dev/robotic_hw/install/Lib/site-packages/interfaces/srv/__init__.py
-- Up-to-date: C:/dev/robotic_hw/install/Lib/site-packages/interfaces/interfaces_s__rosidl_typesupport_fastrtps_c.lib
-- Installing: C:/dev/robotic_hw/install/Lib/site-packages/interfaces/interfaces_s__rosidl_typesupport_fastrtps_c.pyd
-- Up-to-date: C:/dev/robotic_hw/install/Lib/site-packages/interfaces/interfaces_s__rosidl_typesupport_introspection_c.lib
-- Installing: C:/dev/robotic_hw/install/Lib/site-packages/interfaces/interfaces_s__rosidl_typesupport_introspection_c.pyd
-- Up-to-date: C:/dev/robotic_hw/install/Lib/site-packages/interfaces/interfaces_s__rosidl_typesupport_c.lib
-- Installing: C:/dev/robotic_hw/install/Lib/site-packages/interfaces/interfaces_s__rosidl_typesupport_c.pyd
-- Installing: C:/dev/robotic_hw/install/lib/interfaces__python.lib
-- Installing: C:/dev/robotic_hw/install/bin/interfaces__python.dll
-- Installing: C:/dev/robotic_hw/install/share/interfaces/msg/SensorRead.idl
-- Up-to-date: C:/dev/robotic_hw/install/share/interfaces/srv/ReadSensor.idl
-- Installing: C:/dev/robotic_hw/install/share/interfaces/srv/ReadSensor2.idl
-- Installing: C:/dev/robotic_hw/install/share/interfaces/msg/SensorRead.msg
-- Up-to-date: C:/dev/robotic_hw/install/share/interfaces/srv/ReadSensor.srv
-- Up-to-date: C:/dev/robotic_hw/install/share/interfaces/srv/ReadSensor_Request.msg
-- Up-to-date: C:/dev/robotic_hw/install/share/interfaces/srv/ReadSensor_Response.msg
-- Installing: C:/dev/robotic_hw/install/share/interfaces/srv/ReadSensor2.srv
-- Installing: C:/dev/robotic_hw/install/share/interfaces/srv/ReadSensor2_Request.msg
-- Installing: C:/dev/robotic_hw/install/share/interfaces/srv/ReadSensor2_Response.msg
-- Up-to-date: C:/dev/robotic_hw/install/share/ament_index/resource_index/package_run_dependencies/interfaces
-- Up-to-date: C:/dev/robotic_hw/install/share/ament_index/resource_index/parent_prefix_path/interfaces
-- Up-to-date: C:/dev/robotic_hw/install/share/interfaces/environment/ament_prefix_path.bat
-- Installing: C:/dev/robotic_hw/install/share/interfaces/environment/ament_prefix_path.dsv
-- Up-to-date: C:/dev/robotic_hw/install/share/interfaces/environment/path.bat
-- Installing: C:/dev/robotic_hw/install/share/interfaces/environment/path.dsv
-- Up-to-date: C:/dev/robotic_hw/install/share/interfaces/local_setup.bat
-- Installing: C:/dev/robotic_hw/install/share/interfaces/local_setup.dsv
-- Installing: C:/dev/robotic_hw/install/share/interfaces/package.dsv
-- Up-to-date: C:/dev/robotic_hw/install/share/ament_index/resource_index/packages/interfaces
-- Up-to-date: C:/dev/robotic_hw/install/share/interfaces/cmake/interfaces__rosidl_generator_cExport.cmake
-- Installing: C:/dev/robotic_hw/install/share/interfaces/cmake/interfaces__rosidl_generator_cExport-release.cmake
-- Up-to-date: C:/dev/robotic_hw/install/share/interfaces/cmake/interfaces__rosidl_typesupport_introspection_cExport.cmake
-- Installing: C:/dev/robotic_hw/install/share/interfaces/cmake/interfaces__rosidl_typesupport_introspection_cExport-release.cmake
-- Up-to-date: C:/dev/robotic_hw/install/share/interfaces/cmake/interfaces__rosidl_typesupport_cExport.cmake
-- Installing: C:/dev/robotic_hw/install/share/interfaces/cmake/interfaces__rosidl_typesupport_cExport-release.cmake
-- Up-to-date: C:/dev/robotic_hw/install/share/interfaces/cmake/interfaces__rosidl_generator_cppExport.cmake
-- Up-to-date: C:/dev/robotic_hw/install/share/interfaces/cmake/interfaces__rosidl_typesupport_introspection_cppExport.cmake
-- Installing: C:/dev/robotic_hw/install/share/interfaces/cmake/interfaces__rosidl_typesupport_introspection_cppExport-release.cmake
-- Up-to-date: C:/dev/robotic_hw/install/share/interfaces/cmake/interfaces__rosidl_typesupport_cppExport.cmake
-- Installing: C:/dev/robotic_hw/install/share/interfaces/cmake/interfaces__rosidl_typesupport_cppExport-release.cmake
-- Installing: C:/dev/robotic_hw/install/share/interfaces/cmake/rosidl_cmake-extras.cmake
-- Up-to-date: C:/dev/robotic_hw/install/share/interfaces/cmake/ament_cmake_export_dependencies-extras.cmake
-- Up-to-date: C:/dev/robotic_hw/install/share/interfaces/cmake/ament_cmake_export_libraries-extras.cmake
-- Up-to-date: C:/dev/robotic_hw/install/share/interfaces/cmake/ament_cmake_export_targets-extras.cmake
-- Up-to-date: C:/dev/robotic_hw/install/share/interfaces/cmake/ament_cmake_export_include_directories-extras.cmake
-- Up-to-date: C:/dev/robotic_hw/install/share/interfaces/cmake/rosidl_cmake_export_typesupport_libraries-extras.cmake
-- Up-to-date: C:/dev/robotic_hw/install/share/interfaces/cmake/rosidl_cmake_export_typesupport_targets-extras.cmake
-- Up-to-date: C:/dev/robotic_hw/install/share/interfaces/cmake/interfacesConfig.cmake
-- Up-to-date: C:/dev/robotic_hw/install/share/interfaces/cmake/interfacesConfig-version.cmake
-- Up-to-date: C:/dev/robotic_hw/install/share/interfaces/package.xml
