running egg_info
writing C:\dev\robotic_hw\build\dofsensor\dofsensor.egg-info\PKG-INFO
writing dependency_links to C:\dev\robotic_hw\build\dofsensor\dofsensor.egg-info\dependency_links.txt
writing entry points to C:\dev\robotic_hw\build\dofsensor\dofsensor.egg-info\entry_points.txt
writing requirements to C:\dev\robotic_hw\build\dofsensor\dofsensor.egg-info\requires.txt
writing top-level names to C:\dev\robotic_hw\build\dofsensor\dofsensor.egg-info\top_level.txt
reading manifest file 'C:\dev\robotic_hw\build\dofsensor\dofsensor.egg-info\SOURCES.txt'
writing manifest file 'C:\dev\robotic_hw\build\dofsensor\dofsensor.egg-info\SOURCES.txt'
running build
running build_py
copying dofsensor\server.py -> C:\dev\robotic_hw\build\dofsensor\build\lib\dofsensor
copying dofsensor\server2.py -> C:\dev\robotic_hw\build\dofsensor\build\lib\dofsensor
running install
running install_lib
copying C:\dev\robotic_hw\build\dofsensor\build\lib\dofsensor\server.py -> C:\dev\robotic_hw\install\Lib\site-packages\dofsensor
copying C:\dev\robotic_hw\build\dofsensor\build\lib\dofsensor\server2.py -> C:\dev\robotic_hw\install\Lib\site-packages\dofsensor
writing byte-compilation script 'C:\Users\dvuon\AppData\Local\Temp\tmp75u6qj2q.py'
c:\opt\ros\foxy\x64\python.exe C:\Users\dvuon\AppData\Local\Temp\tmp75u6qj2q.py
removing C:\Users\dvuon\AppData\Local\Temp\tmp75u6qj2q.py
running install_data
running install_egg_info
removing 'C:\dev\robotic_hw\install\Lib\site-packages\dofsensor-0.0.0-py3.8.egg-info' (and everything under it)
Copying C:\dev\robotic_hw\build\dofsensor\dofsensor.egg-info to C:\dev\robotic_hw\install\Lib\site-packages\dofsensor-0.0.0-py3.8.egg-info
running install_scripts
Installing client-script.py script to C:\dev\robotic_hw\install\lib\dofsensor
Installing client.exe script to C:\dev\robotic_hw\install\lib\dofsensor
Installing service-script.py script to C:\dev\robotic_hw\install\lib\dofsensor
Installing service.exe script to C:\dev\robotic_hw\install\lib\dofsensor
