[0.547s] Invoking command in 'C:\dev\robotic_hw\src\dofsensor': PYTHONPATH=C:\dev\robotic_hw\install\Lib\site-packages;%PYTHONPATH% c:\opt\ros\foxy\x64\python.exe setup.py egg_info --egg-base C:\dev\robotic_hw\build\dofsensor build --build-base C:\dev\robotic_hw\build\dofsensor\build install --prefix C:\dev\robotic_hw\install --record C:\dev\robotic_hw\build\dofsensor\install.log --single-version-externally-managed
[0.968s] running egg_info
[0.968s] writing C:\dev\robotic_hw\build\dofsensor\dofsensor.egg-info\PKG-INFO
[0.968s] writing dependency_links to C:\dev\robotic_hw\build\dofsensor\dofsensor.egg-info\dependency_links.txt
[0.968s] writing entry points to C:\dev\robotic_hw\build\dofsensor\dofsensor.egg-info\entry_points.txt
[0.984s] writing requirements to C:\dev\robotic_hw\build\dofsensor\dofsensor.egg-info\requires.txt
[0.984s] writing top-level names to C:\dev\robotic_hw\build\dofsensor\dofsensor.egg-info\top_level.txt
[0.984s] reading manifest file 'C:\dev\robotic_hw\build\dofsensor\dofsensor.egg-info\SOURCES.txt'
[0.984s] writing manifest file 'C:\dev\robotic_hw\build\dofsensor\dofsensor.egg-info\SOURCES.txt'
[0.984s] running build
[1.000s] running build_py
[1.000s] copying dofsensor\server.py -> C:\dev\robotic_hw\build\dofsensor\build\lib\dofsensor
[1.000s] copying dofsensor\server2.py -> C:\dev\robotic_hw\build\dofsensor\build\lib\dofsensor
[1.000s] running install
[1.000s] running install_lib
[1.000s] copying C:\dev\robotic_hw\build\dofsensor\build\lib\dofsensor\server.py -> C:\dev\robotic_hw\install\Lib\site-packages\dofsensor
[1.000s] copying C:\dev\robotic_hw\build\dofsensor\build\lib\dofsensor\server2.py -> C:\dev\robotic_hw\install\Lib\site-packages\dofsensor
[1.000s] writing byte-compilation script 'C:\Users\dvuon\AppData\Local\Temp\tmp75u6qj2q.py'
[1.000s] c:\opt\ros\foxy\x64\python.exe C:\Users\dvuon\AppData\Local\Temp\tmp75u6qj2q.py
[1.062s] removing C:\Users\dvuon\AppData\Local\Temp\tmp75u6qj2q.py
[1.062s] running install_data
[1.062s] running install_egg_info
[1.078s] removing 'C:\dev\robotic_hw\install\Lib\site-packages\dofsensor-0.0.0-py3.8.egg-info' (and everything under it)
[1.078s] Copying C:\dev\robotic_hw\build\dofsensor\dofsensor.egg-info to C:\dev\robotic_hw\install\Lib\site-packages\dofsensor-0.0.0-py3.8.egg-info
[1.093s] running install_scripts
[1.109s] Installing client-script.py script to C:\dev\robotic_hw\install\lib\dofsensor
[1.109s] Installing client.exe script to C:\dev\robotic_hw\install\lib\dofsensor
[1.109s] Installing service-script.py script to C:\dev\robotic_hw\install\lib\dofsensor
[1.109s] Installing service.exe script to C:\dev\robotic_hw\install\lib\dofsensor
[1.109s] error: [Errno 13] Permission denied: 'C:\\dev\\robotic_hw\\install\\lib\\dofsensor\\service.exe'
[1.125s] Invoked command in 'C:\dev\robotic_hw\src\dofsensor' returned '1': PYTHONPATH=C:\dev\robotic_hw\install\Lib\site-packages;%PYTHONPATH% c:\opt\ros\foxy\x64\python.exe setup.py egg_info --egg-base C:\dev\robotic_hw\build\dofsensor build --build-base C:\dev\robotic_hw\build\dofsensor\build install --prefix C:\dev\robotic_hw\install --record C:\dev\robotic_hw\build\dofsensor\install.log --single-version-externally-managed
