[0.607s] [34mcolcon[0m [1;30mDEBUG[0m [32mCommand line arguments: ['c:\\opt\\ros\\foxy\\x64\\Scripts\\colcon', 'build', '--merge-install', '--packages-select', 'dofsensor'][0m
[0.607s] [34mcolcon[0m [1;30mDEBUG[0m [32mParsed command line arguments: Namespace(ament_cmake_args=None, base_paths=['.'], build_base='build', catkin_cmake_args=None, catkin_skip_building_tests=False, cmake_args=None, cmake_clean_cache=False, cmake_clean_first=False, cmake_force_configure=False, cmake_target=None, cmake_target_skip_unavailable=False, continue_on_error=False, event_handlers=None, executor='parallel', ignore_user_meta=False, install_base='install', log_base=None, log_level=None, main=<bound method BuildVerb.main of <colcon_core.verb.build.BuildVerb object at 0x000002193EABD580>>, merge_install=True, metas=['./colcon.meta'], packages_above=None, packages_above_and_dependencies=None, packages_above_depth=None, packages_end=None, packages_ignore=None, packages_ignore_regex=None, packages_select=['dofsensor'], packages_select_build_failed=False, packages_select_by_dep=None, packages_select_regex=None, packages_select_test_failures=False, packages_skip=None, packages_skip_build_finished=False, packages_skip_by_dep=None, packages_skip_regex=None, packages_skip_test_passed=False, packages_skip_up_to=None, packages_start=None, packages_up_to=None, packages_up_to_regex=None, parallel_workers=16, paths=None, symlink_install=False, test_result_base=None, verb_extension=<colcon_core.verb.build.BuildVerb object at 0x000002193EABD580>, verb_name='build', verb_parser=<colcon_defaults.argument_parser.defaults.DefaultArgumentsDecorator object at 0x000002193EABDA30>)[0m
[0.648s] [34mcolcon.colcon_core.package_discovery[0m [1;30mLevel 1[0m discover_packages(colcon_meta) check parameters
[0.649s] [34mcolcon.colcon_core.package_discovery[0m [1;30mLevel 1[0m discover_packages(recursive) check parameters
[0.649s] [34mcolcon.colcon_core.package_discovery[0m [1;30mLevel 1[0m discover_packages(ignore) check parameters
[0.649s] [34mcolcon.colcon_core.package_discovery[0m [1;30mLevel 1[0m discover_packages(path) check parameters
[0.649s] [34mcolcon.colcon_core.package_discovery[0m [1;30mLevel 1[0m discover_packages(colcon_meta) discover
[0.649s] [34mcolcon.colcon_core.package_discovery[0m [1;30mLevel 1[0m discover_packages(recursive) discover
[0.649s] [34mcolcon.colcon_core.package_discovery[0m [1;30mINFO[0m Crawling recursively for packages in 'C:\dev\Robotic_soln'
[0.649s] [34mcolcon.colcon_core.package_identification[0m [1;30mLevel 1[0m _identify(.) by extensions ['ignore', 'ignore_ament_install']
[0.649s] [34mcolcon.colcon_core.package_identification[0m [1;30mLevel 1[0m _identify(.) by extension 'ignore'
[0.649s] [34mcolcon.colcon_core.package_identification[0m [1;30mLevel 1[0m _identify(.) by extension 'ignore_ament_install'
[0.650s] [34mcolcon.colcon_core.package_identification[0m [1;30mLevel 1[0m _identify(.) by extensions ['colcon_pkg']
[0.650s] [34mcolcon.colcon_core.package_identification[0m [1;30mLevel 1[0m _identify(.) by extension 'colcon_pkg'
[0.650s] [34mcolcon.colcon_core.package_identification[0m [1;30mLevel 1[0m _identify(.) by extensions ['colcon_meta']
[0.650s] [34mcolcon.colcon_core.package_identification[0m [1;30mLevel 1[0m _identify(.) by extension 'colcon_meta'
[0.650s] [34mcolcon.colcon_core.package_identification[0m [1;30mLevel 1[0m _identify(.) by extensions ['ros']
[0.650s] [34mcolcon.colcon_core.package_identification[0m [1;30mLevel 1[0m _identify(.) by extension 'ros'
[0.663s] [34mcolcon.colcon_core.package_identification[0m [1;30mLevel 1[0m _identify(.) by extensions ['cmake', 'python']
[0.664s] [34mcolcon.colcon_core.package_identification[0m [1;30mLevel 1[0m _identify(.) by extension 'cmake'
[0.664s] [34mcolcon.colcon_core.package_identification[0m [1;30mLevel 1[0m _identify(.) by extension 'python'
[0.664s] [34mcolcon.colcon_core.package_identification[0m [1;30mLevel 1[0m _identify(.) by extensions ['python_setup_py']
[0.664s] [34mcolcon.colcon_core.package_identification[0m [1;30mLevel 1[0m _identify(.) by extension 'python_setup_py'
[0.664s] [34mcolcon.colcon_core.package_identification[0m [1;30mLevel 1[0m _identify(build) by extensions ['ignore', 'ignore_ament_install']
[0.664s] [34mcolcon.colcon_core.package_identification[0m [1;30mLevel 1[0m _identify(build) by extension 'ignore'
[0.664s] [34mcolcon.colcon_core.package_identification[0m [1;30mLevel 1[0m _identify(build) ignored
[0.665s] [34mcolcon.colcon_core.package_identification[0m [1;30mLevel 1[0m _identify(install) by extensions ['ignore', 'ignore_ament_install']
[0.665s] [34mcolcon.colcon_core.package_identification[0m [1;30mLevel 1[0m _identify(install) by extension 'ignore'
[0.665s] [34mcolcon.colcon_core.package_identification[0m [1;30mLevel 1[0m _identify(install) ignored
[0.665s] [34mcolcon.colcon_core.package_identification[0m [1;30mLevel 1[0m _identify(log) by extensions ['ignore', 'ignore_ament_install']
[0.665s] [34mcolcon.colcon_core.package_identification[0m [1;30mLevel 1[0m _identify(log) by extension 'ignore'
[0.666s] [34mcolcon.colcon_core.package_identification[0m [1;30mLevel 1[0m _identify(log) ignored
[0.666s] [34mcolcon.colcon_core.package_identification[0m [1;30mLevel 1[0m _identify(src) by extensions ['ignore', 'ignore_ament_install']
[0.666s] [34mcolcon.colcon_core.package_identification[0m [1;30mLevel 1[0m _identify(src) by extension 'ignore'
[0.666s] [34mcolcon.colcon_core.package_identification[0m [1;30mLevel 1[0m _identify(src) by extension 'ignore_ament_install'
[0.666s] [34mcolcon.colcon_core.package_identification[0m [1;30mLevel 1[0m _identify(src) by extensions ['colcon_pkg']
[0.666s] [34mcolcon.colcon_core.package_identification[0m [1;30mLevel 1[0m _identify(src) by extension 'colcon_pkg'
[0.666s] [34mcolcon.colcon_core.package_identification[0m [1;30mLevel 1[0m _identify(src) by extensions ['colcon_meta']
[0.666s] [34mcolcon.colcon_core.package_identification[0m [1;30mLevel 1[0m _identify(src) by extension 'colcon_meta'
[0.666s] [34mcolcon.colcon_core.package_identification[0m [1;30mLevel 1[0m _identify(src) by extensions ['ros']
[0.666s] [34mcolcon.colcon_core.package_identification[0m [1;30mLevel 1[0m _identify(src) by extension 'ros'
[0.667s] [34mcolcon.colcon_core.package_identification[0m [1;30mLevel 1[0m _identify(src) by extensions ['cmake', 'python']
[0.667s] [34mcolcon.colcon_core.package_identification[0m [1;30mLevel 1[0m _identify(src) by extension 'cmake'
[0.667s] [34mcolcon.colcon_core.package_identification[0m [1;30mLevel 1[0m _identify(src) by extension 'python'
[0.667s] [34mcolcon.colcon_core.package_identification[0m [1;30mLevel 1[0m _identify(src) by extensions ['python_setup_py']
[0.667s] [34mcolcon.colcon_core.package_identification[0m [1;30mLevel 1[0m _identify(src) by extension 'python_setup_py'
[0.667s] [34mcolcon.colcon_core.package_identification[0m [1;30mLevel 1[0m _identify(src\dofsensor) by extensions ['ignore', 'ignore_ament_install']
[0.667s] [34mcolcon.colcon_core.package_identification[0m [1;30mLevel 1[0m _identify(src\dofsensor) by extension 'ignore'
[0.667s] [34mcolcon.colcon_core.package_identification[0m [1;30mLevel 1[0m _identify(src\dofsensor) by extension 'ignore_ament_install'
[0.667s] [34mcolcon.colcon_core.package_identification[0m [1;30mLevel 1[0m _identify(src\dofsensor) by extensions ['colcon_pkg']
[0.667s] [34mcolcon.colcon_core.package_identification[0m [1;30mLevel 1[0m _identify(src\dofsensor) by extension 'colcon_pkg'
[0.668s] [34mcolcon.colcon_core.package_identification[0m [1;30mLevel 1[0m _identify(src\dofsensor) by extensions ['colcon_meta']
[0.668s] [34mcolcon.colcon_core.package_identification[0m [1;30mLevel 1[0m _identify(src\dofsensor) by extension 'colcon_meta'
[0.668s] [34mcolcon.colcon_core.package_identification[0m [1;30mLevel 1[0m _identify(src\dofsensor) by extensions ['ros']
[0.668s] [34mcolcon.colcon_core.package_identification[0m [1;30mLevel 1[0m _identify(src\dofsensor) by extension 'ros'
[0.672s] [34mcolcon.colcon_core.package_identification[0m [1;30mDEBUG[0m [32mPackage 'src\dofsensor' with type 'ros.ament_python' and name 'dofsensor'[0m
[0.672s] [34mcolcon.colcon_core.package_identification[0m [1;30mLevel 1[0m _identify(src\interfaces) by extensions ['ignore', 'ignore_ament_install']
[0.672s] [34mcolcon.colcon_core.package_identification[0m [1;30mLevel 1[0m _identify(src\interfaces) by extension 'ignore'
[0.672s] [34mcolcon.colcon_core.package_identification[0m [1;30mLevel 1[0m _identify(src\interfaces) by extension 'ignore_ament_install'
[0.672s] [34mcolcon.colcon_core.package_identification[0m [1;30mLevel 1[0m _identify(src\interfaces) by extensions ['colcon_pkg']
[0.672s] [34mcolcon.colcon_core.package_identification[0m [1;30mLevel 1[0m _identify(src\interfaces) by extension 'colcon_pkg'
[0.672s] [34mcolcon.colcon_core.package_identification[0m [1;30mLevel 1[0m _identify(src\interfaces) by extensions ['colcon_meta']
[0.672s] [34mcolcon.colcon_core.package_identification[0m [1;30mLevel 1[0m _identify(src\interfaces) by extension 'colcon_meta'
[0.673s] [34mcolcon.colcon_core.package_identification[0m [1;30mLevel 1[0m _identify(src\interfaces) by extensions ['ros']
[0.673s] [34mcolcon.colcon_core.package_identification[0m [1;30mLevel 1[0m _identify(src\interfaces) by extension 'ros'
[0.673s] [34mcolcon.colcon_core.package_identification[0m [1;30mDEBUG[0m [32mPackage 'src\interfaces' with type 'ros.ament_cmake' and name 'interfaces'[0m
[0.673s] [34mcolcon.colcon_core.package_discovery[0m [1;30mLevel 1[0m discover_packages(recursive) using defaults
[0.673s] [34mcolcon.colcon_core.package_discovery[0m [1;30mLevel 1[0m discover_packages(ignore) discover
[0.674s] [34mcolcon.colcon_core.package_discovery[0m [1;30mLevel 1[0m discover_packages(ignore) using defaults
[0.674s] [34mcolcon.colcon_core.package_discovery[0m [1;30mLevel 1[0m discover_packages(path) discover
[0.674s] [34mcolcon.colcon_core.package_discovery[0m [1;30mLevel 1[0m discover_packages(path) using defaults
[0.689s] [34mcolcon.colcon_core.package_selection[0m [1;30mINFO[0m Skipping not selected package 'interfaces' in 'src\interfaces'
[0.698s] [34mcolcon.colcon_core.verb[0m [1;30mLevel 5[0m set package 'dofsensor' build argument 'cmake_args' from command line to 'None'
[0.698s] [34mcolcon.colcon_core.verb[0m [1;30mLevel 5[0m set package 'dofsensor' build argument 'cmake_target' from command line to 'None'
[0.698s] [34mcolcon.colcon_core.verb[0m [1;30mLevel 5[0m set package 'dofsensor' build argument 'cmake_target_skip_unavailable' from command line to 'False'
[0.698s] [34mcolcon.colcon_core.verb[0m [1;30mLevel 5[0m set package 'dofsensor' build argument 'cmake_clean_cache' from command line to 'False'
[0.698s] [34mcolcon.colcon_core.verb[0m [1;30mLevel 5[0m set package 'dofsensor' build argument 'cmake_clean_first' from command line to 'False'
[0.698s] [34mcolcon.colcon_core.verb[0m [1;30mLevel 5[0m set package 'dofsensor' build argument 'cmake_force_configure' from command line to 'False'
[0.698s] [34mcolcon.colcon_core.verb[0m [1;30mLevel 5[0m set package 'dofsensor' build argument 'ament_cmake_args' from command line to 'None'
[0.698s] [34mcolcon.colcon_core.verb[0m [1;30mLevel 5[0m set package 'dofsensor' build argument 'catkin_cmake_args' from command line to 'None'
[0.698s] [34mcolcon.colcon_core.verb[0m [1;30mLevel 5[0m set package 'dofsensor' build argument 'catkin_skip_building_tests' from command line to 'False'
[0.698s] [34mcolcon.colcon_core.verb[0m [1;30mDEBUG[0m [32mBuilding package 'dofsensor' with the following arguments: {'ament_cmake_args': None, 'build_base': 'C:\\dev\\Robotic_soln\\build\\dofsensor', 'catkin_cmake_args': None, 'catkin_skip_building_tests': False, 'cmake_args': None, 'cmake_clean_cache': False, 'cmake_clean_first': False, 'cmake_force_configure': False, 'cmake_target': None, 'cmake_target_skip_unavailable': False, 'install_base': 'C:\\dev\\Robotic_soln\\install', 'merge_install': True, 'path': 'C:\\dev\\Robotic_soln\\src\\dofsensor', 'symlink_install': False, 'test_result_base': None}[0m
[0.700s] [34mcolcon.colcon_core.executor[0m [1;30mINFO[0m Executing jobs using 'parallel' executor
[0.714s] [34mcolcon.colcon_parallel_executor.executor.parallel[0m [1;30mDEBUG[0m [32mrun_until_complete[0m
[0.714s] [34mcolcon.colcon_ros.task.ament_python.build[0m [1;30mINFO[0m Building ROS package in 'C:\dev\Robotic_soln\src\dofsensor' with build type 'ament_python'
[0.715s] [34mcolcon.colcon_core.shell[0m [1;30mLevel 1[0m create_environment_hook('dofsensor', 'ament_prefix_path')
[0.721s] [34mcolcon.colcon_core.plugin_system[0m [1;30mINFO[0m Skipping extension 'colcon_core.shell.sh': Not used on Windows systems
[0.721s] [34mcolcon.colcon_core.shell[0m [1;30mINFO[0m Creating environment hook 'C:\dev\Robotic_soln\install\share\dofsensor\hook\ament_prefix_path.ps1'
[0.722s] [34mcolcon.colcon_core.shell[0m [1;30mINFO[0m Creating environment hook 'C:\dev\Robotic_soln\install\share\dofsensor\hook\ament_prefix_path.bat'
[0.723s] [34mcolcon.colcon_core.shell[0m [1;30mINFO[0m Creating environment descriptor 'C:\dev\Robotic_soln\install\share\dofsensor\hook\ament_prefix_path.dsv'
[0.728s] [34mcolcon.colcon_core.shell[0m [1;30mINFO[0m Skip shell extension 'powershell' for command environment: Not usable outside of PowerShell
[0.736s] [34mcolcon.colcon_ros.prefix_path.catkin[0m [1;30mWARNING[0m [33mThe path 'C:\opt\ros\foxy\x64\tools\vcpkg\installed\x64-windows' in the environment variable CMAKE_PREFIX_PATH doesn't exist[0m
[1.294s] [34mcolcon.colcon_core.task.python.build[0m [1;30mINFO[0m Building Python package in 'C:\dev\Robotic_soln\src\dofsensor'
[1.298s] [34mcolcon.colcon_core.shell[0m [1;30mINFO[0m Skip shell extension 'powershell' for command environment: Not usable outside of PowerShell
[1.436s] [34mcolcon.colcon_core.event_handler.log_command[0m [1;30mDEBUG[0m [32mInvoking command in 'C:\dev\Robotic_soln\src\dofsensor': PYTHONPATH=C:\dev\Robotic_soln\install\Lib\site-packages;%PYTHONPATH% c:\opt\ros\foxy\x64\python.exe setup.py egg_info --egg-base C:\dev\Robotic_soln\build\dofsensor build --build-base C:\dev\Robotic_soln\build\dofsensor\build install --prefix C:\dev\Robotic_soln\install --record C:\dev\Robotic_soln\build\dofsensor\install.log --single-version-externally-managed[0m
[2.009s] [34mcolcon.colcon_core.event_handler.log_command[0m [1;30mDEBUG[0m [32mInvoked command in 'C:\dev\Robotic_soln\src\dofsensor' returned '0': PYTHONPATH=C:\dev\Robotic_soln\install\Lib\site-packages;%PYTHONPATH% c:\opt\ros\foxy\x64\python.exe setup.py egg_info --egg-base C:\dev\Robotic_soln\build\dofsensor build --build-base C:\dev\Robotic_soln\build\dofsensor\build install --prefix C:\dev\Robotic_soln\install --record C:\dev\Robotic_soln\build\dofsensor\install.log --single-version-externally-managed[0m
[2.020s] [34mcolcon.colcon_core.environment[0m [1;30mLevel 1[0m checking 'C:\dev\Robotic_soln\install' for CMake module files
[2.022s] [34mcolcon.colcon_core.environment[0m [1;30mLevel 1[0m checking 'C:\dev\Robotic_soln\install' for CMake config files
[2.025s] [34mcolcon.colcon_core.shell[0m [1;30mLevel 1[0m create_environment_hook('dofsensor', 'cmake_prefix_path')
[2.029s] [34mcolcon.colcon_core.shell[0m [1;30mINFO[0m Creating environment hook 'C:\dev\Robotic_soln\install\share\dofsensor\hook\cmake_prefix_path.ps1'
[2.029s] [34mcolcon.colcon_core.shell[0m [1;30mINFO[0m Creating environment hook 'C:\dev\Robotic_soln\install\share\dofsensor\hook\cmake_prefix_path.bat'
[2.030s] [34mcolcon.colcon_core.shell[0m [1;30mINFO[0m Creating environment descriptor 'C:\dev\Robotic_soln\install\share\dofsensor\hook\cmake_prefix_path.dsv'
[2.031s] [34mcolcon.colcon_core.environment[0m [1;30mLevel 1[0m checking 'C:\dev\Robotic_soln\install\bin'
[2.031s] [34mcolcon.colcon_core.shell[0m [1;30mLevel 1[0m create_environment_hook('dofsensor', 'path_dll')
[2.035s] [34mcolcon.colcon_core.shell[0m [1;30mINFO[0m Creating environment hook 'C:\dev\Robotic_soln\install\share\dofsensor\hook\path_dll.ps1'
[2.036s] [34mcolcon.colcon_core.shell[0m [1;30mINFO[0m Creating environment hook 'C:\dev\Robotic_soln\install\share\dofsensor\hook\path_dll.bat'
[2.037s] [34mcolcon.colcon_core.shell[0m [1;30mINFO[0m Creating environment descriptor 'C:\dev\Robotic_soln\install\share\dofsensor\hook\path_dll.dsv'
[2.037s] [34mcolcon.colcon_core.environment[0m [1;30mLevel 1[0m checking 'C:\dev\Robotic_soln\install\bin'
[2.037s] [34mcolcon.colcon_core.shell[0m [1;30mLevel 1[0m create_environment_hook('dofsensor', 'path')
[2.041s] [34mcolcon.colcon_core.shell[0m [1;30mINFO[0m Creating environment hook 'C:\dev\Robotic_soln\install\share\dofsensor\hook\path.ps1'
[2.042s] [34mcolcon.colcon_core.shell[0m [1;30mINFO[0m Creating environment hook 'C:\dev\Robotic_soln\install\share\dofsensor\hook\path.bat'
[2.043s] [34mcolcon.colcon_core.shell[0m [1;30mINFO[0m Creating environment descriptor 'C:\dev\Robotic_soln\install\share\dofsensor\hook\path.dsv'
[2.044s] [34mcolcon.colcon_core.environment[0m [1;30mLevel 1[0m checking 'C:\dev\Robotic_soln\install\Scripts'
[2.044s] [34mcolcon.colcon_core.environment[0m [1;30mLevel 1[0m checking 'C:\dev\Robotic_soln\install\lib\pkgconfig\dofsensor.pc'
[2.044s] [34mcolcon.colcon_core.environment[0m [1;30mLevel 1[0m checking 'C:\dev\Robotic_soln\install\Lib\site-packages'
[2.044s] [34mcolcon.colcon_core.shell[0m [1;30mLevel 1[0m create_environment_hook('dofsensor', 'pythonpath')
[2.048s] [34mcolcon.colcon_core.shell[0m [1;30mINFO[0m Creating environment hook 'C:\dev\Robotic_soln\install\share\dofsensor\hook\pythonpath.ps1'
[2.049s] [34mcolcon.colcon_core.shell[0m [1;30mINFO[0m Creating environment hook 'C:\dev\Robotic_soln\install\share\dofsensor\hook\pythonpath.bat'
[2.050s] [34mcolcon.colcon_core.shell[0m [1;30mINFO[0m Creating environment descriptor 'C:\dev\Robotic_soln\install\share\dofsensor\hook\pythonpath.dsv'
[2.051s] [34mcolcon.colcon_core.environment[0m [1;30mLevel 1[0m create_environment_scripts_only(dofsensor)
[2.055s] [34mcolcon.colcon_core.shell[0m [1;30mINFO[0m Creating package script 'C:\dev\Robotic_soln\install\share\dofsensor\package.ps1'
[2.057s] [34mcolcon.colcon_core.shell[0m [1;30mINFO[0m Creating package script 'C:\dev\Robotic_soln\install\share\dofsensor\package.bat'
[2.058s] [34mcolcon.colcon_core.shell[0m [1;30mINFO[0m Creating package descriptor 'C:\dev\Robotic_soln\install\share\dofsensor\package.dsv'
[2.059s] [34mcolcon.colcon_core.environment[0m [1;30mLevel 1[0m create_file_with_runtime_dependencies(C:\dev\Robotic_soln\install\share\colcon-core\packages\dofsensor)
[2.060s] [34mcolcon.colcon_parallel_executor.executor.parallel[0m [1;30mDEBUG[0m [32mrun_until_complete finished with '0'[0m
[2.060s] [34mcolcon.colcon_core.event_reactor[0m [1;30mDEBUG[0m [32mjoining thread[0m
[2.070s] [34mcolcon.colcon_core.plugin_system[0m [1;30mINFO[0m Skipping extension 'colcon_notification.desktop_notification.notify2': 'notify2' not found
[2.070s] [34mcolcon.colcon_core.plugin_system[0m [1;30mINFO[0m Skipping extension 'colcon_notification.desktop_notification.notify_send': Not used on non-Linux systems
[2.070s] [34mcolcon.colcon_core.plugin_system[0m [1;30mINFO[0m Skipping extension 'colcon_notification.desktop_notification.terminal_notifier': Not used on non-Darwin systems
[2.070s] [34mcolcon.colcon_notification.desktop_notification[0m [1;30mINFO[0m Sending desktop notification using 'win32'
[7.127s] [34mcolcon.colcon_core.event_reactor[0m [1;30mDEBUG[0m [32mjoined thread[0m
[7.131s] [34mcolcon.colcon_core.shell[0m [1;30mINFO[0m Creating prefix script 'C:\dev\Robotic_soln\install\local_setup.ps1'
[7.132s] [34mcolcon.colcon_core.shell[0m [1;30mINFO[0m Creating prefix util module 'C:\dev\Robotic_soln\install\_local_setup_util_ps1.py'
[7.134s] [34mcolcon.colcon_core.shell[0m [1;30mINFO[0m Creating prefix chain script 'C:\dev\Robotic_soln\install\setup.ps1'
[7.140s] [34mcolcon.colcon_core.shell[0m [1;30mINFO[0m Creating prefix script 'C:\dev\Robotic_soln\install\local_setup.bat'
[7.140s] [34mcolcon.colcon_core.shell[0m [1;30mINFO[0m Creating prefix util module 'C:\dev\Robotic_soln\install\_local_setup_util_bat.py'
[7.141s] [34mcolcon.colcon_core.shell[0m [1;30mINFO[0m Creating prefix chain script 'C:\dev\Robotic_soln\install\setup.bat'
