[0.578s] Invoking command in 'C:\dev\robotic_hw\src\dofsensor': PYTHONPATH=C:\dev\robotic_hw\install\Lib\site-packages;%PYTHONPATH% c:\opt\ros\foxy\x64\python.exe setup.py egg_info --egg-base C:\dev\robotic_hw\build\dofsensor build --build-base C:\dev\robotic_hw\build\dofsensor\build install --prefix C:\dev\robotic_hw\install --record C:\dev\robotic_hw\build\dofsensor\install.log --single-version-externally-managed
[1.000s] running egg_info
[1.000s] writing C:\dev\robotic_hw\build\dofsensor\dofsensor.egg-info\PKG-INFO
[1.000s] writing dependency_links to C:\dev\robotic_hw\build\dofsensor\dofsensor.egg-info\dependency_links.txt
[1.000s] writing entry points to C:\dev\robotic_hw\build\dofsensor\dofsensor.egg-info\entry_points.txt
[1.000s] writing requirements to C:\dev\robotic_hw\build\dofsensor\dofsensor.egg-info\requires.txt
[1.000s] writing top-level names to C:\dev\robotic_hw\build\dofsensor\dofsensor.egg-info\top_level.txt
[1.015s] reading manifest file 'C:\dev\robotic_hw\build\dofsensor\dofsensor.egg-info\SOURCES.txt'
[1.031s] writing manifest file 'C:\dev\robotic_hw\build\dofsensor\dofsensor.egg-info\SOURCES.txt'
[1.031s] running build
[1.031s] running build_py
[1.031s] copying dofsensor\publisher.py -> C:\dev\robotic_hw\build\dofsensor\build\lib\dofsensor
[1.031s] running install
[1.031s] running install_lib
[1.031s] copying C:\dev\robotic_hw\build\dofsensor\build\lib\dofsensor\publisher.py -> C:\dev\robotic_hw\install\Lib\site-packages\dofsensor
[1.031s] writing byte-compilation script 'C:\Users\dvuon\AppData\Local\Temp\tmph_w7t8sj.py'
[1.031s] c:\opt\ros\foxy\x64\python.exe C:\Users\dvuon\AppData\Local\Temp\tmph_w7t8sj.py
[1.109s] removing C:\Users\dvuon\AppData\Local\Temp\tmph_w7t8sj.py
[1.109s] running install_data
[1.109s] running install_egg_info
[1.109s] removing 'C:\dev\robotic_hw\install\Lib\site-packages\dofsensor-0.0.0-py3.8.egg-info' (and everything under it)
[1.109s] Copying C:\dev\robotic_hw\build\dofsensor\dofsensor.egg-info to C:\dev\robotic_hw\install\Lib\site-packages\dofsensor-0.0.0-py3.8.egg-info
[1.125s] running install_scripts
[1.140s] Installing client-script.py script to C:\dev\robotic_hw\install\lib\dofsensor
[1.156s] Installing client.exe script to C:\dev\robotic_hw\install\lib\dofsensor
[1.156s] Installing service-script.py script to C:\dev\robotic_hw\install\lib\dofsensor
[1.156s] Installing service.exe script to C:\dev\robotic_hw\install\lib\dofsensor
[1.156s] error: [Errno 13] Permission denied: 'C:\\dev\\robotic_hw\\install\\lib\\dofsensor\\service.exe'
[1.172s] Invoked command in 'C:\dev\robotic_hw\src\dofsensor' returned '1': PYTHONPATH=C:\dev\robotic_hw\install\Lib\site-packages;%PYTHONPATH% c:\opt\ros\foxy\x64\python.exe setup.py egg_info --egg-base C:\dev\robotic_hw\build\dofsensor build --build-base C:\dev\robotic_hw\build\dofsensor\build install --prefix C:\dev\robotic_hw\install --record C:\dev\robotic_hw\build\dofsensor\install.log --single-version-externally-managed
