-- Selecting Windows SDK version 10.0.19041.0 to target Windows 10.0.19045.
-- Found ament_cmake: 0.9.9 (C:/opt/ros/foxy/x64/share/ament_cmake/cmake)
-- Found PythonInterp: C:/opt/ros/foxy/x64/python.exe (found suitable version "3.8.3", minimum required is "3") 
-- Using PYTHON_EXECUTABLE: C:/opt/ros/foxy/x64/python.exe
-- Found rosidl_default_generators: 1.0.1 (C:/opt/ros/foxy/x64/share/rosidl_default_generators/cmake)
-- Using all available rosidl_typesupport_c: rosidl_typesupport_fastrtps_c;rosidl_typesupport_introspection_c
-- Found rosidl_adapter: 1.2.1 (C:/opt/ros/foxy/x64/share/rosidl_adapter/cmake)
-- Using all available rosidl_typesupport_cpp: rosidl_typesupport_fastrtps_cpp;rosidl_typesupport_introspection_cpp
-- Found PythonInterp: C:/opt/ros/foxy/x64/python.exe (found version "3.8.3") 
-- Found ament_cmake_ros: 0.9.2 (C:/opt/ros/foxy/x64/share/ament_cmake_ros/cmake)
-- Using all available rosidl_typesupport_c: rosidl_typesupport_fastrtps_c;rosidl_typesupport_introspection_c
-- Using all available rosidl_typesupport_cpp: rosidl_typesupport_fastrtps_cpp;rosidl_typesupport_introspection_cpp
-- Found PythonInterp: C:/opt/ros/foxy/x64/python.exe (found suitable version "3.8.3", minimum required is "3.5") 
-- Found python_cmake_module: 0.8.1 (C:/opt/ros/foxy/x64/share/python_cmake_module/cmake)
-- Using PYTHON_EXECUTABLE: C:/opt/ros/foxy/x64/python.exe
-- Using PYTHON_INCLUDE_DIRS: C:/opt/ros/foxy/x64/include/python3.8
-- Using PYTHON_LIBRARIES: optimized;C:/opt/ros/foxy/x64/Lib/python38.lib;debug;C:/Python38/libs/python38_d.lib
-- Using numpy include directory: C:\opt\ros\foxy\x64\lib\site-packages\numpy\core\include
-- Found ament_lint_auto: 0.9.6 (C:/opt/ros/foxy/x64/share/ament_lint_auto/cmake)
-- Added test 'copyright' to check source files copyright and LICENSE
-- Added test 'lint_cmake' to check CMake code style
-- Added test 'xmllint' to check XML markup files
-- Configuring done
-- Generating done
-- Build files have been written to: C:/dev/robotic_hw/build/interfaces
Microsoft (R) Build Engine version 16.11.2+f32259642 for .NET Framework
Copyright (C) Microsoft Corporation. All rights reserved.

  Checking Build System
  Generating C++ code for ROS interfaces
  Building Custom Rule C:/dev/robotic_hw/src/interfaces/CMakeLists.txt
  Generating C code for ROS interfaces
  Building Custom Rule C:/dev/robotic_hw/src/interfaces/CMakeLists.txt
  sensor_read__functions.c
  read_sensor__functions.c
  read_sensor2__functions.c
     Creating library C:/dev/robotic_hw/build/interfaces/Release/interfaces__rosidl_generator_c.lib and object C:/dev/robotic_hw/build/interfaces/Release/interfaces__rosidl_generator_c.exp
  interfaces__rosidl_generator_c.vcxproj -> C:\dev\robotic_hw\build\interfaces\Release\interfaces__rosidl_generator_c.dll
  Generating C type support dispatch for ROS interfaces
  Building Custom Rule C:/dev/robotic_hw/src/interfaces/CMakeLists.txt
  sensor_read__type_support.cpp
  read_sensor__type_support.cpp
  read_sensor2__type_support.cpp
     Creating library C:/dev/robotic_hw/build/interfaces/Release/interfaces__rosidl_typesupport_c.lib and object C:/dev/robotic_hw/build/interfaces/Release/interfaces__rosidl_typesupport_c.exp
  interfaces__rosidl_typesupport_c.vcxproj -> C:\dev\robotic_hw\build\interfaces\Release\interfaces__rosidl_typesupport_c.dll
  Generating C++ type support dispatch for ROS interfaces
  Building Custom Rule C:/dev/robotic_hw/src/interfaces/CMakeLists.txt
  sensor_read__type_support.cpp
  read_sensor__type_support.cpp
  read_sensor2__type_support.cpp
     Creating library C:/dev/robotic_hw/build/interfaces/Release/interfaces__rosidl_typesupport_cpp.lib and object C:/dev/robotic_hw/build/interfaces/Release/interfaces__rosidl_typesupport_cpp.exp
  interfaces__rosidl_typesupport_cpp.vcxproj -> C:\dev\robotic_hw\build\interfaces\Release\interfaces__rosidl_typesupport_cpp.dll
  Generating C++ type support for eProsima Fast-RTPS
  Building Custom Rule C:/dev/robotic_hw/src/interfaces/CMakeLists.txt
  sensor_read__type_support.cpp
  read_sensor__type_support.cpp
  read_sensor2__type_support.cpp
     Creating library C:/dev/robotic_hw/build/interfaces/Release/interfaces__rosidl_typesupport_fastrtps_cpp.lib and object C:/dev/robotic_hw/build/interfaces/Release/interfaces__rosidl_typesupport_fastrtps_cpp.exp
  interfaces__rosidl_typesupport_fastrtps_cpp.vcxproj -> C:\dev\robotic_hw\build\interfaces\Release\interfaces__rosidl_typesupport_fastrtps_cpp.dll
  Generating C type support for eProsima Fast-RTPS
  Building Custom Rule C:/dev/robotic_hw/src/interfaces/CMakeLists.txt
  sensor_read__type_support_c.cpp
  read_sensor__type_support_c.cpp
  read_sensor2__type_support_c.cpp
     Creating library C:/dev/robotic_hw/build/interfaces/Release/interfaces__rosidl_typesupport_fastrtps_c.lib and object C:/dev/robotic_hw/build/interfaces/Release/interfaces__rosidl_typesupport_fastrtps_c.exp
  interfaces__rosidl_typesupport_fastrtps_c.vcxproj -> C:\dev\robotic_hw\build\interfaces\Release\interfaces__rosidl_typesupport_fastrtps_c.dll
  Generating C introspection for ROS interfaces
  Building Custom Rule C:/dev/robotic_hw/src/interfaces/CMakeLists.txt
  sensor_read__type_support.c
  read_sensor__type_support.c
  read_sensor2__type_support.c
     Creating library C:/dev/robotic_hw/build/interfaces/Release/interfaces__rosidl_typesupport_introspection_c.lib and object C:/dev/robotic_hw/build/interfaces/Release/interfaces__rosidl_typesupport_introspection_c.exp
  interfaces__rosidl_typesupport_introspection_c.vcxproj -> C:\dev\robotic_hw\build\interfaces\Release\interfaces__rosidl_typesupport_introspection_c.dll
  Generating C++ introspection for ROS interfaces
  Building Custom Rule C:/dev/robotic_hw/src/interfaces/CMakeLists.txt
  sensor_read__type_support.cpp
  read_sensor__type_support.cpp
  read_sensor2__type_support.cpp
     Creating library C:/dev/robotic_hw/build/interfaces/Release/interfaces__rosidl_typesupport_introspection_cpp.lib and object C:/dev/robotic_hw/build/interfaces/Release/interfaces__rosidl_typesupport_introspection_cpp.exp
  interfaces__rosidl_typesupport_introspection_cpp.vcxproj -> C:\dev\robotic_hw\build\interfaces\Release\interfaces__rosidl_typesupport_introspection_cpp.dll
  Building Custom Rule C:/dev/robotic_hw/src/interfaces/CMakeLists.txt
  Generating Python code for ROS interfaces
  Building Custom Rule C:/dev/robotic_hw/src/interfaces/CMakeLists.txt
  _sensor_read_s.c
  _read_sensor_s.c
  _read_sensor2_s.c
     Creating library C:/dev/robotic_hw/build/interfaces/Release/interfaces__python.lib and object C:/dev/robotic_hw/build/interfaces/Release/interfaces__python.exp
  interfaces__python.vcxproj -> C:\dev\robotic_hw\build\interfaces\rosidl_generator_py\interfaces\interfaces__python.dll
  Building Custom Rule C:/dev/robotic_hw/src/interfaces/CMakeLists.txt
  _interfaces_s.ep.rosidl_typesupport_c.c
     Creating library C:/dev/robotic_hw/build/interfaces/Release/interfaces_s__rosidl_typesupport_c.lib and object C:/dev/robotic_hw/build/interfaces/Release/interfaces_s__rosidl_typesupport_c.exp
  interfaces__rosidl_typesupport_c__pyext.vcxproj -> C:\dev\robotic_hw\build\interfaces\rosidl_generator_py\interfaces\interfaces_s__rosidl_typesupport_c.pyd
  Building Custom Rule C:/dev/robotic_hw/src/interfaces/CMakeLists.txt
  _interfaces_s.ep.rosidl_typesupport_fastrtps_c.c
     Creating library C:/dev/robotic_hw/build/interfaces/Release/interfaces_s__rosidl_typesupport_fastrtps_c.lib and object C:/dev/robotic_hw/build/interfaces/Release/interfaces_s__rosidl_typesupport_fastrtps_c.exp
  interfaces__rosidl_typesupport_fastrtps_c__pyext.vcxproj -> C:\dev\robotic_hw\build\interfaces\rosidl_generator_py\interfaces\interfaces_s__rosidl_typesupport_fastrtps_c.pyd
  Building Custom Rule C:/dev/robotic_hw/src/interfaces/CMakeLists.txt
  _interfaces_s.ep.rosidl_typesupport_introspection_c.c
     Creating library C:/dev/robotic_hw/build/interfaces/Release/interfaces_s__rosidl_typesupport_introspection_c.lib and object C:/dev/robotic_hw/build/interfaces/Release/interfaces_s__rosidl_typesupport_introspection_c.exp
  interfaces__rosidl_typesupport_introspection_c__pyext.vcxproj -> C:\dev\robotic_hw\build\interfaces\rosidl_generator_py\interfaces\interfaces_s__rosidl_typesupport_introspection_c.pyd
  Building Custom Rule C:/dev/robotic_hw/src/interfaces/CMakeLists.txt
-- Installing: C:/dev/robotic_hw/install/share/ament_index/resource_index/rosidl_interfaces/interfaces
-- Up-to-date: C:/dev/robotic_hw/install/include/interfaces
-- Up-to-date: C:/dev/robotic_hw/install/include/interfaces/msg
-- Up-to-date: C:/dev/robotic_hw/install/include/interfaces/msg/detail
-- Installing: C:/dev/robotic_hw/install/include/interfaces/msg/detail/sensor_read__functions.c
-- Installing: C:/dev/robotic_hw/install/include/interfaces/msg/detail/sensor_read__functions.h
-- Installing: C:/dev/robotic_hw/install/include/interfaces/msg/detail/sensor_read__struct.h
-- Installing: C:/dev/robotic_hw/install/include/interfaces/msg/detail/sensor_read__type_support.h
-- Up-to-date: C:/dev/robotic_hw/install/include/interfaces/msg/rosidl_generator_c__visibility_control.h
-- Installing: C:/dev/robotic_hw/install/include/interfaces/msg/sensor_read.h
-- Up-to-date: C:/dev/robotic_hw/install/include/interfaces/srv
-- Up-to-date: C:/dev/robotic_hw/install/include/interfaces/srv/detail
-- Installing: C:/dev/robotic_hw/install/include/interfaces/srv/detail/read_sensor2__functions.c
-- Installing: C:/dev/robotic_hw/install/include/interfaces/srv/detail/read_sensor2__functions.h
-- Installing: C:/dev/robotic_hw/install/include/interfaces/srv/detail/read_sensor2__struct.h
-- Installing: C:/dev/robotic_hw/install/include/interfaces/srv/detail/read_sensor2__type_support.h
-- Installing: C:/dev/robotic_hw/install/include/interfaces/srv/detail/read_sensor__functions.c
-- Installing: C:/dev/robotic_hw/install/include/interfaces/srv/detail/read_sensor__functions.h
-- Installing: C:/dev/robotic_hw/install/include/interfaces/srv/detail/read_sensor__struct.h
-- Installing: C:/dev/robotic_hw/install/include/interfaces/srv/detail/read_sensor__type_support.h
-- Installing: C:/dev/robotic_hw/install/include/interfaces/srv/read_sensor.h
-- Installing: C:/dev/robotic_hw/install/include/interfaces/srv/read_sensor2.h
-- Installing: C:/dev/robotic_hw/install/lib/interfaces__rosidl_generator_c.lib
-- Installing: C:/dev/robotic_hw/install/bin/interfaces__rosidl_generator_c.dll
CMake Error at cmake_install.cmake:59 (file):
  file INSTALL cannot copy file
  "C:/dev/robotic_hw/build/interfaces/Release/interfaces__rosidl_generator_c.dll"
  to "C:/dev/robotic_hw/install/bin/interfaces__rosidl_generator_c.dll":
  Permission denied.


