[0.000000] (-) TimerEvent: {}
[0.000000] (-) JobUnselected: {'identifier': 'dofsensor'}
[0.000000] (interfaces) JobQueued: {'identifier': 'interfaces', 'dependencies': OrderedDict()}
[0.000000] (interfaces) JobStarted: {'identifier': 'interfaces'}
[0.063000] (interfaces) JobProgress: {'identifier': 'interfaces', 'progress': 'cmake'}
[0.078000] (interfaces) Command: {'cmd': ['c:\\opt\\ros\\foxy\\x64\\Scripts\\cmake.EXE', 'C:\\dev\\robotic_hw\\src\\interfaces', '-DCMAKE_INSTALL_PREFIX=C:\\dev\\robotic_hw\\install'], 'cwd': 'C:\\dev\\robotic_hw\\build\\interfaces', 'env': OrderedDict([('ALLUSERSPROFILE', 'C:\\ProgramData'), ('AMENT_PREFIX_PATH', 'C:\\dev\\robotic_hw\\install;c:\\opt\\ros\\foxy\\x64'), ('APPDATA', 'C:\\Users\\dvuon\\AppData\\Roaming'), ('ChocolateyInstall', 'C:\\ProgramData\\chocolatey'), ('ChocolateyLastPathUpdate', '133207244663475842'), ('CMAKE_PREFIX_PATH', 'C:\\dev\\robotic_hw\\install;C:\\opt\\ros\\foxy\\x64\\tools\\vcpkg\\installed\\x64-windows;c:\\opt\\ros\\foxy\\x64'), ('COLCON', '1'), ('COLCON_PREFIX_PATH', 'C:\\dev\\robotic_hw\\install\\;c:\\opt\\ros\\foxy\\x64\\'), ('CommandPromptType', 'Native'), ('CommonProgramFiles', 'C:\\Program Files\\Common Files'), ('CommonProgramFiles(x86)', 'C:\\Program Files (x86)\\Common Files'), ('CommonProgramW6432', 'C:\\Program Files\\Common Files'), ('COMPUTERNAME', 'LAPTOP-H8UQ26TO'), ('ComSpec', 'C:\\Windows\\system32\\cmd.exe'), ('CUDA_PATH', 'C:\\Program Files\\NVIDIA GPU Computing Toolkit\\CUDA\\v11.6'), ('CUDA_PATH_V11_6', 'C:\\Program Files\\NVIDIA GPU Computing Toolkit\\CUDA\\v11.6'), ('DevEnvDir', 'C:\\Program Files (x86)\\Microsoft Visual Studio\\2019\\Community\\Common7\\IDE\\'), ('DriverData', 'C:\\Windows\\System32\\Drivers\\DriverData'), ('ExtensionSdkDir', 'C:\\Program Files (x86)\\Microsoft SDKs\\Windows Kits\\10\\ExtensionSDKs'), ('Framework40Version', 'v4.0'), ('FrameworkDir', 'C:\\Windows\\Microsoft.NET\\Framework64\\'), ('FrameworkDir64', 'C:\\Windows\\Microsoft.NET\\Framework64\\'), ('FrameworkVersion', 'v4.0.30319'), ('FrameworkVersion64', 'v4.0.30319'), ('HOMEDRIVE', 'C:'), ('HOMEPATH', '\\Users\\dvuon'), ('INCLUDE', 'C:\\Program Files (x86)\\Microsoft Visual Studio\\2019\\Community\\VC\\Tools\\MSVC\\14.29.30133\\ATLMFC\\include;C:\\Program Files (x86)\\Microsoft Visual Studio\\2019\\Community\\VC\\Tools\\MSVC\\14.29.30133\\include;C:\\Program Files (x86)\\Windows Kits\\10\\include\\10.0.19041.0\\ucrt;C:\\Program Files (x86)\\Windows Kits\\10\\include\\10.0.19041.0\\shared;C:\\Program Files (x86)\\Windows Kits\\10\\include\\10.0.19041.0\\um;C:\\Program Files (x86)\\Windows Kits\\10\\include\\10.0.19041.0\\winrt;C:\\Program Files (x86)\\Windows Kits\\10\\include\\10.0.19041.0\\cppwinrt'), ('JAVA_HOME', 'C:\\Program Files\\Java\\jre1.8.0_351'), ('LIB', 'C:\\Program Files (x86)\\Microsoft Visual Studio\\2019\\Community\\VC\\Tools\\MSVC\\14.29.30133\\ATLMFC\\lib\\x64;C:\\Program Files (x86)\\Microsoft Visual Studio\\2019\\Community\\VC\\Tools\\MSVC\\14.29.30133\\lib\\x64;C:\\Program Files (x86)\\Windows Kits\\10\\lib\\10.0.19041.0\\ucrt\\x64;C:\\Program Files (x86)\\Windows Kits\\10\\lib\\10.0.19041.0\\um\\x64'), ('LIBPATH', 'C:\\Program Files (x86)\\Microsoft Visual Studio\\2019\\Community\\VC\\Tools\\MSVC\\14.29.30133\\ATLMFC\\lib\\x64;C:\\Program Files (x86)\\Microsoft Visual Studio\\2019\\Community\\VC\\Tools\\MSVC\\14.29.30133\\lib\\x64;C:\\Program Files (x86)\\Microsoft Visual Studio\\2019\\Community\\VC\\Tools\\MSVC\\14.29.30133\\lib\\x86\\store\\references;C:\\Program Files (x86)\\Windows Kits\\10\\UnionMetadata\\10.0.19041.0;C:\\Program Files (x86)\\Windows Kits\\10\\References\\10.0.19041.0;C:\\Windows\\Microsoft.NET\\Framework64\\v4.0.30319'), ('LOCALAPPDATA', 'C:\\Users\\dvuon\\AppData\\Local'), ('LOGONSERVER', '\\\\LAPTOP-H8UQ26TO'), ('NUMBER_OF_PROCESSORS', '16'), ('NVTOOLSEXT_PATH', 'C:\\Program Files\\NVIDIA Corporation\\NvToolsExt\\'), ('OneDrive', 'C:\\Users\\dvuon\\OneDrive'), ('OneDriveConsumer', 'C:\\Users\\dvuon\\OneDrive'), ('OpenCV_DIR', 'C:\\opencv'), ('OS', 'Windows_NT'), ('PATH', 'c:\\opt\\ros\\foxy\\x64\\;C:\\dev\\robotic_hw\\install\\bin;c:\\opt\\ros\\foxy\\x64\\opt\\rviz_ogre_vendor\\bin;C:\\opt\\ros\\foxy\\x64\\tools\\vcpkg\\installed\\x64-windows\\bin;C:\\opt\\ros\\foxy\\x64\\tools\\vcpkg;c:\\opt\\ros\\foxy\\x64\\Scripts;c:\\opt\\ros\\foxy\\x64\\bin;C:\\Program Files (x86)\\Microsoft Visual Studio\\2019\\Community\\Common7\\IDE\\\\Extensions\\Microsoft\\IntelliCode\\CLI;C:\\Program Files (x86)\\Microsoft Visual Studio\\2019\\Community\\VC\\Tools\\MSVC\\14.29.30133\\bin\\HostX64\\x64;C:\\Program Files (x86)\\Microsoft Visual Studio\\2019\\Community\\Common7\\IDE\\VC\\VCPackages;C:\\Program Files (x86)\\Microsoft Visual Studio\\2019\\Community\\Common7\\IDE\\CommonExtensions\\Microsoft\\TestWindow;C:\\Program Files (x86)\\Microsoft Visual Studio\\2019\\Community\\Common7\\IDE\\CommonExtensions\\Microsoft\\TeamFoundation\\Team Explorer;C:\\Program Files (x86)\\Microsoft Visual Studio\\2019\\Community\\MSBuild\\Current\\bin\\Roslyn;C:\\Program Files (x86)\\Microsoft Visual Studio\\2019\\Community\\Team Tools\\Performance Tools\\x64;C:\\Program Files (x86)\\Microsoft Visual Studio\\2019\\Community\\Team Tools\\Performance Tools;C:\\Program Files (x86)\\Microsoft Visual Studio\\Shared\\Common\\VSPerfCollectionTools\\vs2019\\\\x64;C:\\Program Files (x86)\\Microsoft Visual Studio\\Shared\\Common\\VSPerfCollectionTools\\vs2019\\;C:\\Program Files (x86)\\Microsoft Visual Studio\\2019\\Community\\Common7\\Tools\\devinit;C:\\Program Files (x86)\\Windows Kits\\10\\bin\\10.0.19041.0\\x64;C:\\Program Files (x86)\\Windows Kits\\10\\bin\\x64;C:\\Program Files (x86)\\Microsoft Visual Studio\\2019\\Community\\\\MSBuild\\Current\\Bin;C:\\Windows\\Microsoft.NET\\Framework64\\v4.0.30319;C:\\Program Files (x86)\\Microsoft Visual Studio\\2019\\Community\\Common7\\IDE\\;C:\\Program Files (x86)\\Microsoft Visual Studio\\2019\\Community\\Common7\\Tools\\;C:\\Python38\\Scripts\\;C:\\Python38\\;C:\\Program Files (x86)\\Common Files\\Oracle\\Java\\javapath;C:\\Program Files (x86)\\Razer Chroma SDK\\bin;C:\\Program Files\\Razer Chroma SDK\\bin;C:\\Program Files (x86)\\Razer\\ChromaBroadcast\\bin;C:\\Program Files\\Razer\\ChromaBroadcast\\bin;C:\\Program Files\\NVIDIA GPU Computing Toolkit\\CUDA\\v11.6\\bin;C:\\Program Files\\NVIDIA GPU Computing Toolkit\\CUDA\\v11.6\\libnvvp;C:\\Program Files\\NVIDIA Corporation\\NVIDIA NvDLISR;C:\\Windows\\system32\\config\\systemprofile\\AppData\\Local\\Microsoft\\WindowsApps;C:\\Program Files (x86)\\Google\\Cloud SDK\\google-cloud-sdk\\bin;C:\\Program Files\\dotnet\\;C:\\ProgramData\\chocolatey\\bin;C:\\opencv\\x64\\vc16\\bin;C:\\ProgramData\\chocolatey\\lib\\cunit\\lib;C:\\ProgramData\\chocolatey\\lib\\tinyxml2\\lib;C:\\ProgramData\\chocolatey\\lib\\log4cxx\\lib;C:\\ProgramData\\chocolatey\\lib\\bullet\\lib;C:\\Program Files\\Git\\cmd;C:\\Users\\dvuon\\AppData\\Local\\Programs\\Python\\Python39\\Scripts\\;C:\\Users\\dvuon\\AppData\\Local\\Programs\\Python\\Python39\\;C:\\Users\\dvuon\\AppData\\Local\\Microsoft\\WindowsApps;C:\\Users\\dvuon\\AppData\\Local\\atom\\bin;C:\\Users\\dvuon\\AppData\\Local\\GitHubDesktop\\bin;C:\\Program Files (x86)\\GitHub CLI\\;C:\\Program Files\\NVIDIA GPU Computing Toolkit\\CUDA\\v11.6\\extras\\CUPTI\\lib64;C:\\Program Files\\NVIDIA GPU Computing Toolkit\\CUDA\\v11.6\\include;C:\\tools\\cuda\\bin;C:\\Program Files\\NVIDIA\\CUDNN\\v8.1\\bin;C:\\Users\\dvuon\\AppData\\Local\\Programs\\Julia-1.7.2\\bin;C:\\Program Files (x86)\\Terraform;C:\\Users\\dvuon\\AppData\\Local\\Programs\\Microsoft VS Code\\bin;C:\\Windows\\System32\\WindowsPowerShell\\v1.0;C:\\Windows\\System32;C:\\Program Files (x86)\\Vim\\vim90;C:\\Program Files (x86)\\Microsoft Visual Studio\\2019\\Community\\Common7\\IDE\\CommonExtensions\\Microsoft\\CMake\\CMake\\bin;C:\\Program Files (x86)\\Microsoft Visual Studio\\2019\\Community\\Common7\\IDE\\CommonExtensions\\Microsoft\\CMake\\Ninja'), ('PATHEXT', '.COM;.EXE;.BAT;.CMD;.VBS;.VBE;.JS;.JSE;.WSF;.WSH;.MSC;.PY;.PYW'), ('PKG_CONFIG_PATH', 'c:\\opt\\ros\\foxy\\x64\\lib\\pkgconfig'), ('Platform', 'x64'), ('PROCESSOR_ARCHITECTURE', 'AMD64'), ('PROCESSOR_IDENTIFIER', 'AMD64 Family 25 Model 80 Stepping 0, AuthenticAMD'), ('PROCESSOR_LEVEL', '25'), ('PROCESSOR_REVISION', '5000'), ('ProgramData', 'C:\\ProgramData'), ('ProgramFiles', 'C:\\Program Files'), ('ProgramFiles(x86)', 'C:\\Program Files (x86)'), ('ProgramW6432', 'C:\\Program Files'), ('PROMPT', '$P$G'), ('PSModulePath', 'C:\\Program Files\\WindowsPowerShell\\Modules;C:\\Windows\\system32\\WindowsPowerShell\\v1.0\\Modules;C:\\Program Files (x86)\\Google\\Cloud SDK\\google-cloud-sdk\\platform\\PowerShell'), ('PUBLIC', 'C:\\Users\\Public'), ('PYTHONPATH', 'C:\\dev\\robotic_hw\\install\\Lib\\site-packages;c:\\opt\\ros\\foxy\\x64\\Lib\\site-packages;C:\\Python38\\'), ('ROS_DISTRO', 'foxy'), ('ROS_ETC_DIR', 'C:\\opt\\ros\\foxy\\x64\\etc\\ros'), ('ROS_LOCALHOST_ONLY', '0'), ('ROS_PYTHON_VERSION', '3'), ('ROS_VERSION', '2'), ('SDF_PATH', 'C:\\opt\\ros\\foxy\\x64\\share\\sdformat\\1.6'), ('SystemDrive', 'C:'), ('SystemRoot', 'C:\\Windows'), ('TEMP', 'C:\\Users\\dvuon\\AppData\\Local\\Temp'), ('terraform', 'C:\\Program Files (x86)\\Terraform'), ('TMP', 'C:\\Users\\dvuon\\AppData\\Local\\Temp'), ('UCRTVersion', '10.0.19041.0'), ('UniversalCRTSdkDir', 'C:\\Program Files (x86)\\Windows Kits\\10\\'), ('USERDOMAIN', 'LAPTOP-H8UQ26TO'), ('USERDOMAIN_ROAMINGPROFILE', 'LAPTOP-H8UQ26TO'), ('USERNAME', 'dvuon'), ('USERPROFILE', 'C:\\Users\\dvuon'), ('VBOX_HWVIRTEX_IGNORE_SVM_IN_USE', '1'), ('VCIDEInstallDir', 'C:\\Program Files (x86)\\Microsoft Visual Studio\\2019\\Community\\Common7\\IDE\\VC\\'), ('VCINSTALLDIR', 'C:\\Program Files (x86)\\Microsoft Visual Studio\\2019\\Community\\VC\\'), ('VCPKG_DEFAULT_TRIPLET', 'x64-windows'), ('VCPKG_ROOT', 'C:\\opt\\ros\\foxy\\x64\\tools\\vcpkg'), ('VCToolsInstallDir', 'C:\\Program Files (x86)\\Microsoft Visual Studio\\2019\\Community\\VC\\Tools\\MSVC\\14.29.30133\\'), ('VCToolsRedistDir', 'C:\\Program Files (x86)\\Microsoft Visual Studio\\2019\\Community\\VC\\Redist\\MSVC\\14.29.30133\\'), ('VCToolsVersion', '14.29.30133'), ('VisualStudioVersion', '16.0'), ('VS160COMNTOOLS', 'C:\\Program Files (x86)\\Microsoft Visual Studio\\2019\\Community\\Common7\\Tools\\'), ('VSCMD_ARG_app_plat', 'Desktop'), ('VSCMD_ARG_HOST_ARCH', 'x64'), ('VSCMD_ARG_TGT_ARCH', 'x64'), ('VSCMD_VER', '16.11.23'), ('VSINSTALLDIR', 'C:\\Program Files (x86)\\Microsoft Visual Studio\\2019\\Community\\'), ('windir', 'C:\\Windows'), ('WindowsLibPath', 'C:\\Program Files (x86)\\Windows Kits\\10\\UnionMetadata\\10.0.19041.0;C:\\Program Files (x86)\\Windows Kits\\10\\References\\10.0.19041.0'), ('WindowsSdkBinPath', 'C:\\Program Files (x86)\\Windows Kits\\10\\bin\\'), ('WindowsSdkDir', 'C:\\Program Files (x86)\\Windows Kits\\10\\'), ('WindowsSDKLibVersion', '10.0.19041.0\\'), ('WindowsSdkVerBinPath', 'C:\\Program Files (x86)\\Windows Kits\\10\\bin\\10.0.19041.0\\'), ('WindowsSDKVersion', '10.0.19041.0\\'), ('__devinit_path', 'C:\\Program Files (x86)\\Microsoft Visual Studio\\2019\\Community\\Common7\\Tools\\devinit\\devinit.exe'), ('__DOTNET_ADD_64BIT', '1'), ('__DOTNET_PREFERRED_BITNESS', '64'), ('__VSCMD_PREINIT_PATH', 'C:\\Python38\\Scripts\\;C:\\Python38\\;C:\\Program Files (x86)\\Common Files\\Oracle\\Java\\javapath;C:\\Program Files (x86)\\Razer Chroma SDK\\bin;C:\\Program Files\\Razer Chroma SDK\\bin;C:\\Program Files (x86)\\Razer\\ChromaBroadcast\\bin;C:\\Program Files\\Razer\\ChromaBroadcast\\bin;C:\\Program Files\\NVIDIA GPU Computing Toolkit\\CUDA\\v11.6\\bin;C:\\Program Files\\NVIDIA GPU Computing Toolkit\\CUDA\\v11.6\\libnvvp;C:\\Program Files\\NVIDIA Corporation\\NVIDIA NvDLISR;C:\\Windows\\system32\\config\\systemprofile\\AppData\\Local\\Microsoft\\WindowsApps;C:\\Program Files (x86)\\Google\\Cloud SDK\\google-cloud-sdk\\bin;C:\\Program Files\\dotnet\\;C:\\ProgramData\\chocolatey\\bin;C:\\opencv\\x64\\vc16\\bin;C:\\ProgramData\\chocolatey\\lib\\cunit\\lib;C:\\ProgramData\\chocolatey\\lib\\tinyxml2\\lib;C:\\ProgramData\\chocolatey\\lib\\log4cxx\\lib;C:\\ProgramData\\chocolatey\\lib\\bullet\\lib;C:\\Program Files\\Git\\cmd;C:\\Users\\dvuon\\AppData\\Local\\Programs\\Python\\Python39\\Scripts\\;C:\\Users\\dvuon\\AppData\\Local\\Programs\\Python\\Python39\\;C:\\Users\\dvuon\\AppData\\Local\\Microsoft\\WindowsApps;C:\\Users\\dvuon\\AppData\\Local\\atom\\bin;C:\\Users\\dvuon\\AppData\\Local\\GitHubDesktop\\bin;C:\\Program Files (x86)\\GitHub CLI\\;C:\\Program Files\\NVIDIA GPU Computing Toolkit\\CUDA\\v11.6\\extras\\CUPTI\\lib64;C:\\Program Files\\NVIDIA GPU Computing Toolkit\\CUDA\\v11.6\\include;C:\\tools\\cuda\\bin;C:\\Program Files\\NVIDIA\\CUDNN\\v8.1\\bin;C:\\Users\\dvuon\\AppData\\Local\\Programs\\Julia-1.7.2\\bin;C:\\Program Files (x86)\\Terraform;C:\\Users\\dvuon\\AppData\\Local\\Programs\\Microsoft VS Code\\bin;C:\\Windows\\System32\\WindowsPowerShell\\v1.0;C:\\Windows\\System32;C:\\Program Files (x86)\\Vim\\vim90'), ('__VSCMD_script_err_count', '0')]), 'shell': False}
[0.110000] (-) TimerEvent: {}
[0.219000] (interfaces) StdoutLine: {'line': b'-- Selecting Windows SDK version 10.0.19041.0 to target Windows 10.0.19045.\n'}
[0.219000] (-) TimerEvent: {}
[0.313000] (interfaces) StdoutLine: {'line': b'-- Found ament_cmake: 0.9.9 (C:/opt/ros/foxy/x64/share/ament_cmake/cmake)\n'}
[0.344000] (-) TimerEvent: {}
[0.438000] (interfaces) StdoutLine: {'line': b'-- Found PythonInterp: C:/opt/ros/foxy/x64/python.exe (found suitable version "3.8.3", minimum required is "3") \n'}
[0.438000] (interfaces) StdoutLine: {'line': b'-- Using PYTHON_EXECUTABLE: C:/opt/ros/foxy/x64/python.exe\n'}
[0.453000] (-) TimerEvent: {}
[0.563000] (-) TimerEvent: {}
[0.672000] (-) TimerEvent: {}
[0.781000] (-) TimerEvent: {}
[0.906000] (-) TimerEvent: {}
[1.016000] (-) TimerEvent: {}
[1.063000] (interfaces) StdoutLine: {'line': b'-- Found rosidl_default_generators: 1.0.1 (C:/opt/ros/foxy/x64/share/rosidl_default_generators/cmake)\n'}
[1.094000] (interfaces) StdoutLine: {'line': b'-- Using all available rosidl_typesupport_c: rosidl_typesupport_fastrtps_c;rosidl_typesupport_introspection_c\n'}
[1.125000] (-) TimerEvent: {}
[1.125000] (interfaces) StdoutLine: {'line': b'-- Found rosidl_adapter: 1.2.1 (C:/opt/ros/foxy/x64/share/rosidl_adapter/cmake)\n'}
[1.235000] (-) TimerEvent: {}
[1.344000] (-) TimerEvent: {}
[1.453000] (-) TimerEvent: {}
[1.563000] (-) TimerEvent: {}
[1.672000] (-) TimerEvent: {}
[1.750000] (interfaces) StdoutLine: {'line': b'-- Using all available rosidl_typesupport_cpp: rosidl_typesupport_fastrtps_cpp;rosidl_typesupport_introspection_cpp\n'}
[1.781000] (-) TimerEvent: {}
[1.891000] (-) TimerEvent: {}
[1.938000] (interfaces) StdoutLine: {'line': b'-- Found PythonInterp: C:/opt/ros/foxy/x64/python.exe (found version "3.8.3") \n'}
[2.000000] (-) TimerEvent: {}
[2.110000] (-) TimerEvent: {}
[2.219000] (-) TimerEvent: {}
[2.219000] (interfaces) StdoutLine: {'line': b'-- Found ament_cmake_ros: 0.9.2 (C:/opt/ros/foxy/x64/share/ament_cmake_ros/cmake)\n'}
[2.328000] (-) TimerEvent: {}
[2.438000] (-) TimerEvent: {}
[2.469000] (interfaces) StdoutLine: {'line': b'-- Using all available rosidl_typesupport_c: rosidl_typesupport_fastrtps_c;rosidl_typesupport_introspection_c\n'}
[2.531000] (interfaces) StdoutLine: {'line': b'-- Using all available rosidl_typesupport_cpp: rosidl_typesupport_fastrtps_cpp;rosidl_typesupport_introspection_cpp\n'}
[2.547000] (-) TimerEvent: {}
[2.578000] (interfaces) StdoutLine: {'line': b'-- Found PythonInterp: C:/opt/ros/foxy/x64/python.exe (found suitable version "3.8.3", minimum required is "3.5") \n'}
[2.578000] (interfaces) StdoutLine: {'line': b'-- Found python_cmake_module: 0.8.1 (C:/opt/ros/foxy/x64/share/python_cmake_module/cmake)\n'}
[2.641000] (interfaces) StdoutLine: {'line': b'-- Using PYTHON_EXECUTABLE: C:/opt/ros/foxy/x64/python.exe\n'}
[2.641000] (interfaces) StdoutLine: {'line': b'-- Using PYTHON_INCLUDE_DIRS: C:/opt/ros/foxy/x64/include/python3.8\n'}
[2.641000] (interfaces) StdoutLine: {'line': b'-- Using PYTHON_LIBRARIES: optimized;C:/opt/ros/foxy/x64/Lib/python38.lib;debug;C:/Python38/libs/python38_d.lib\n'}
[2.656000] (-) TimerEvent: {}
[2.766000] (-) TimerEvent: {}
[2.860000] (interfaces) StdoutLine: {'line': b'-- Using numpy include directory: C:\\opt\\ros\\foxy\\x64\\lib\\site-packages\\numpy\\core\\include\n'}
[2.875000] (-) TimerEvent: {}
[2.875000] (interfaces) StdoutLine: {'line': b'-- Found ament_lint_auto: 0.9.6 (C:/opt/ros/foxy/x64/share/ament_lint_auto/cmake)\n'}
[2.985000] (-) TimerEvent: {}
[3.094000] (-) TimerEvent: {}
[3.141000] (interfaces) StdoutLine: {'line': b"-- Added test 'copyright' to check source files copyright and LICENSE\n"}
[3.172000] (interfaces) StdoutLine: {'line': b"-- Added test 'lint_cmake' to check CMake code style\n"}
[3.188000] (interfaces) StdoutLine: {'line': b"-- Added test 'xmllint' to check XML markup files\n"}
[3.203000] (-) TimerEvent: {}
[3.266000] (interfaces) StdoutLine: {'line': b'-- Configuring done\n'}
[3.313000] (-) TimerEvent: {}
[3.422000] (-) TimerEvent: {}
[3.547000] (-) TimerEvent: {}
[3.656000] (-) TimerEvent: {}
[3.766000] (-) TimerEvent: {}
[3.860000] (interfaces) StdoutLine: {'line': b'-- Generating done\n'}
[3.875000] (-) TimerEvent: {}
[3.875000] (interfaces) StdoutLine: {'line': b'-- Build files have been written to: C:/dev/robotic_hw/build/interfaces\n'}
[3.891000] (interfaces) CommandEnded: {'returncode': 0}
[3.891000] (interfaces) JobProgress: {'identifier': 'interfaces', 'progress': 'build'}
[3.906000] (interfaces) Command: {'cmd': ['c:\\opt\\ros\\foxy\\x64\\Scripts\\cmake.EXE', '--build', 'C:\\dev\\robotic_hw\\build\\interfaces', '--config', 'Release'], 'cwd': 'C:\\dev\\robotic_hw\\build\\interfaces', 'env': {'ALLUSERSPROFILE': 'C:\\ProgramData', 'AMENT_PREFIX_PATH': 'C:\\dev\\robotic_hw\\install;c:\\opt\\ros\\foxy\\x64', 'APPDATA': 'C:\\Users\\dvuon\\AppData\\Roaming', 'ChocolateyInstall': 'C:\\ProgramData\\chocolatey', 'ChocolateyLastPathUpdate': '133207244663475842', 'CMAKE_PREFIX_PATH': 'C:\\dev\\robotic_hw\\install;C:\\opt\\ros\\foxy\\x64\\tools\\vcpkg\\installed\\x64-windows;c:\\opt\\ros\\foxy\\x64', 'COLCON': '1', 'COLCON_PREFIX_PATH': 'C:\\dev\\robotic_hw\\install\\;c:\\opt\\ros\\foxy\\x64\\', 'CommandPromptType': 'Native', 'CommonProgramFiles': 'C:\\Program Files\\Common Files', 'CommonProgramFiles(x86)': 'C:\\Program Files (x86)\\Common Files', 'CommonProgramW6432': 'C:\\Program Files\\Common Files', 'COMPUTERNAME': 'LAPTOP-H8UQ26TO', 'ComSpec': 'C:\\Windows\\system32\\cmd.exe', 'CUDA_PATH': 'C:\\Program Files\\NVIDIA GPU Computing Toolkit\\CUDA\\v11.6', 'CUDA_PATH_V11_6': 'C:\\Program Files\\NVIDIA GPU Computing Toolkit\\CUDA\\v11.6', 'DevEnvDir': 'C:\\Program Files (x86)\\Microsoft Visual Studio\\2019\\Community\\Common7\\IDE\\', 'DriverData': 'C:\\Windows\\System32\\Drivers\\DriverData', 'ExtensionSdkDir': 'C:\\Program Files (x86)\\Microsoft SDKs\\Windows Kits\\10\\ExtensionSDKs', 'Framework40Version': 'v4.0', 'FrameworkDir': 'C:\\Windows\\Microsoft.NET\\Framework64\\', 'FrameworkDir64': 'C:\\Windows\\Microsoft.NET\\Framework64\\', 'FrameworkVersion': 'v4.0.30319', 'FrameworkVersion64': 'v4.0.30319', 'HOMEDRIVE': 'C:', 'HOMEPATH': '\\Users\\dvuon', 'INCLUDE': 'C:\\Program Files (x86)\\Microsoft Visual Studio\\2019\\Community\\VC\\Tools\\MSVC\\14.29.30133\\ATLMFC\\include;C:\\Program Files (x86)\\Microsoft Visual Studio\\2019\\Community\\VC\\Tools\\MSVC\\14.29.30133\\include;C:\\Program Files (x86)\\Windows Kits\\10\\include\\10.0.19041.0\\ucrt;C:\\Program Files (x86)\\Windows Kits\\10\\include\\10.0.19041.0\\shared;C:\\Program Files (x86)\\Windows Kits\\10\\include\\10.0.19041.0\\um;C:\\Program Files (x86)\\Windows Kits\\10\\include\\10.0.19041.0\\winrt;C:\\Program Files (x86)\\Windows Kits\\10\\include\\10.0.19041.0\\cppwinrt', 'JAVA_HOME': 'C:\\Program Files\\Java\\jre1.8.0_351', 'LIB': 'C:\\Program Files (x86)\\Microsoft Visual Studio\\2019\\Community\\VC\\Tools\\MSVC\\14.29.30133\\ATLMFC\\lib\\x64;C:\\Program Files (x86)\\Microsoft Visual Studio\\2019\\Community\\VC\\Tools\\MSVC\\14.29.30133\\lib\\x64;C:\\Program Files (x86)\\Windows Kits\\10\\lib\\10.0.19041.0\\ucrt\\x64;C:\\Program Files (x86)\\Windows Kits\\10\\lib\\10.0.19041.0\\um\\x64', 'LIBPATH': 'C:\\Program Files (x86)\\Microsoft Visual Studio\\2019\\Community\\VC\\Tools\\MSVC\\14.29.30133\\ATLMFC\\lib\\x64;C:\\Program Files (x86)\\Microsoft Visual Studio\\2019\\Community\\VC\\Tools\\MSVC\\14.29.30133\\lib\\x64;C:\\Program Files (x86)\\Microsoft Visual Studio\\2019\\Community\\VC\\Tools\\MSVC\\14.29.30133\\lib\\x86\\store\\references;C:\\Program Files (x86)\\Windows Kits\\10\\UnionMetadata\\10.0.19041.0;C:\\Program Files (x86)\\Windows Kits\\10\\References\\10.0.19041.0;C:\\Windows\\Microsoft.NET\\Framework64\\v4.0.30319', 'LOCALAPPDATA': 'C:\\Users\\dvuon\\AppData\\Local', 'LOGONSERVER': '\\\\LAPTOP-H8UQ26TO', 'NUMBER_OF_PROCESSORS': '16', 'NVTOOLSEXT_PATH': 'C:\\Program Files\\NVIDIA Corporation\\NvToolsExt\\', 'OneDrive': 'C:\\Users\\dvuon\\OneDrive', 'OneDriveConsumer': 'C:\\Users\\dvuon\\OneDrive', 'OpenCV_DIR': 'C:\\opencv', 'OS': 'Windows_NT', 'PATH': 'c:\\opt\\ros\\foxy\\x64\\;C:\\dev\\robotic_hw\\install\\bin;c:\\opt\\ros\\foxy\\x64\\opt\\rviz_ogre_vendor\\bin;C:\\opt\\ros\\foxy\\x64\\tools\\vcpkg\\installed\\x64-windows\\bin;C:\\opt\\ros\\foxy\\x64\\tools\\vcpkg;c:\\opt\\ros\\foxy\\x64\\Scripts;c:\\opt\\ros\\foxy\\x64\\bin;C:\\Program Files (x86)\\Microsoft Visual Studio\\2019\\Community\\Common7\\IDE\\\\Extensions\\Microsoft\\IntelliCode\\CLI;C:\\Program Files (x86)\\Microsoft Visual Studio\\2019\\Community\\VC\\Tools\\MSVC\\14.29.30133\\bin\\HostX64\\x64;C:\\Program Files (x86)\\Microsoft Visual Studio\\2019\\Community\\Common7\\IDE\\VC\\VCPackages;C:\\Program Files (x86)\\Microsoft Visual Studio\\2019\\Community\\Common7\\IDE\\CommonExtensions\\Microsoft\\TestWindow;C:\\Program Files (x86)\\Microsoft Visual Studio\\2019\\Community\\Common7\\IDE\\CommonExtensions\\Microsoft\\TeamFoundation\\Team Explorer;C:\\Program Files (x86)\\Microsoft Visual Studio\\2019\\Community\\MSBuild\\Current\\bin\\Roslyn;C:\\Program Files (x86)\\Microsoft Visual Studio\\2019\\Community\\Team Tools\\Performance Tools\\x64;C:\\Program Files (x86)\\Microsoft Visual Studio\\2019\\Community\\Team Tools\\Performance Tools;C:\\Program Files (x86)\\Microsoft Visual Studio\\Shared\\Common\\VSPerfCollectionTools\\vs2019\\\\x64;C:\\Program Files (x86)\\Microsoft Visual Studio\\Shared\\Common\\VSPerfCollectionTools\\vs2019\\;C:\\Program Files (x86)\\Microsoft Visual Studio\\2019\\Community\\Common7\\Tools\\devinit;C:\\Program Files (x86)\\Windows Kits\\10\\bin\\10.0.19041.0\\x64;C:\\Program Files (x86)\\Windows Kits\\10\\bin\\x64;C:\\Program Files (x86)\\Microsoft Visual Studio\\2019\\Community\\\\MSBuild\\Current\\Bin;C:\\Windows\\Microsoft.NET\\Framework64\\v4.0.30319;C:\\Program Files (x86)\\Microsoft Visual Studio\\2019\\Community\\Common7\\IDE\\;C:\\Program Files (x86)\\Microsoft Visual Studio\\2019\\Community\\Common7\\Tools\\;C:\\Python38\\Scripts\\;C:\\Python38\\;C:\\Program Files (x86)\\Common Files\\Oracle\\Java\\javapath;C:\\Program Files (x86)\\Razer Chroma SDK\\bin;C:\\Program Files\\Razer Chroma SDK\\bin;C:\\Program Files (x86)\\Razer\\ChromaBroadcast\\bin;C:\\Program Files\\Razer\\ChromaBroadcast\\bin;C:\\Program Files\\NVIDIA GPU Computing Toolkit\\CUDA\\v11.6\\bin;C:\\Program Files\\NVIDIA GPU Computing Toolkit\\CUDA\\v11.6\\libnvvp;C:\\Program Files\\NVIDIA Corporation\\NVIDIA NvDLISR;C:\\Windows\\system32\\config\\systemprofile\\AppData\\Local\\Microsoft\\WindowsApps;C:\\Program Files (x86)\\Google\\Cloud SDK\\google-cloud-sdk\\bin;C:\\Program Files\\dotnet\\;C:\\ProgramData\\chocolatey\\bin;C:\\opencv\\x64\\vc16\\bin;C:\\ProgramData\\chocolatey\\lib\\cunit\\lib;C:\\ProgramData\\chocolatey\\lib\\tinyxml2\\lib;C:\\ProgramData\\chocolatey\\lib\\log4cxx\\lib;C:\\ProgramData\\chocolatey\\lib\\bullet\\lib;C:\\Program Files\\Git\\cmd;C:\\Users\\dvuon\\AppData\\Local\\Programs\\Python\\Python39\\Scripts\\;C:\\Users\\dvuon\\AppData\\Local\\Programs\\Python\\Python39\\;C:\\Users\\dvuon\\AppData\\Local\\Microsoft\\WindowsApps;C:\\Users\\dvuon\\AppData\\Local\\atom\\bin;C:\\Users\\dvuon\\AppData\\Local\\GitHubDesktop\\bin;C:\\Program Files (x86)\\GitHub CLI\\;C:\\Program Files\\NVIDIA GPU Computing Toolkit\\CUDA\\v11.6\\extras\\CUPTI\\lib64;C:\\Program Files\\NVIDIA GPU Computing Toolkit\\CUDA\\v11.6\\include;C:\\tools\\cuda\\bin;C:\\Program Files\\NVIDIA\\CUDNN\\v8.1\\bin;C:\\Users\\dvuon\\AppData\\Local\\Programs\\Julia-1.7.2\\bin;C:\\Program Files (x86)\\Terraform;C:\\Users\\dvuon\\AppData\\Local\\Programs\\Microsoft VS Code\\bin;C:\\Windows\\System32\\WindowsPowerShell\\v1.0;C:\\Windows\\System32;C:\\Program Files (x86)\\Vim\\vim90;C:\\Program Files (x86)\\Microsoft Visual Studio\\2019\\Community\\Common7\\IDE\\CommonExtensions\\Microsoft\\CMake\\CMake\\bin;C:\\Program Files (x86)\\Microsoft Visual Studio\\2019\\Community\\Common7\\IDE\\CommonExtensions\\Microsoft\\CMake\\Ninja', 'PATHEXT': '.COM;.EXE;.BAT;.CMD;.VBS;.VBE;.JS;.JSE;.WSF;.WSH;.MSC;.PY;.PYW', 'PKG_CONFIG_PATH': 'c:\\opt\\ros\\foxy\\x64\\lib\\pkgconfig', 'Platform': 'x64', 'PROCESSOR_ARCHITECTURE': 'AMD64', 'PROCESSOR_IDENTIFIER': 'AMD64 Family 25 Model 80 Stepping 0, AuthenticAMD', 'PROCESSOR_LEVEL': '25', 'PROCESSOR_REVISION': '5000', 'ProgramData': 'C:\\ProgramData', 'ProgramFiles': 'C:\\Program Files', 'ProgramFiles(x86)': 'C:\\Program Files (x86)', 'ProgramW6432': 'C:\\Program Files', 'PROMPT': '$P$G', 'PSModulePath': 'C:\\Program Files\\WindowsPowerShell\\Modules;C:\\Windows\\system32\\WindowsPowerShell\\v1.0\\Modules;C:\\Program Files (x86)\\Google\\Cloud SDK\\google-cloud-sdk\\platform\\PowerShell', 'PUBLIC': 'C:\\Users\\Public', 'PYTHONPATH': 'C:\\dev\\robotic_hw\\install\\Lib\\site-packages;c:\\opt\\ros\\foxy\\x64\\Lib\\site-packages;C:\\Python38\\', 'ROS_DISTRO': 'foxy', 'ROS_ETC_DIR': 'C:\\opt\\ros\\foxy\\x64\\etc\\ros', 'ROS_LOCALHOST_ONLY': '0', 'ROS_PYTHON_VERSION': '3', 'ROS_VERSION': '2', 'SDF_PATH': 'C:\\opt\\ros\\foxy\\x64\\share\\sdformat\\1.6', 'SystemDrive': 'C:', 'SystemRoot': 'C:\\Windows', 'TEMP': 'C:\\Users\\dvuon\\AppData\\Local\\Temp', 'terraform': 'C:\\Program Files (x86)\\Terraform', 'TMP': 'C:\\Users\\dvuon\\AppData\\Local\\Temp', 'UCRTVersion': '10.0.19041.0', 'UniversalCRTSdkDir': 'C:\\Program Files (x86)\\Windows Kits\\10\\', 'USERDOMAIN': 'LAPTOP-H8UQ26TO', 'USERDOMAIN_ROAMINGPROFILE': 'LAPTOP-H8UQ26TO', 'USERNAME': 'dvuon', 'USERPROFILE': 'C:\\Users\\dvuon', 'VBOX_HWVIRTEX_IGNORE_SVM_IN_USE': '1', 'VCIDEInstallDir': 'C:\\Program Files (x86)\\Microsoft Visual Studio\\2019\\Community\\Common7\\IDE\\VC\\', 'VCINSTALLDIR': 'C:\\Program Files (x86)\\Microsoft Visual Studio\\2019\\Community\\VC\\', 'VCPKG_DEFAULT_TRIPLET': 'x64-windows', 'VCPKG_ROOT': 'C:\\opt\\ros\\foxy\\x64\\tools\\vcpkg', 'VCToolsInstallDir': 'C:\\Program Files (x86)\\Microsoft Visual Studio\\2019\\Community\\VC\\Tools\\MSVC\\14.29.30133\\', 'VCToolsRedistDir': 'C:\\Program Files (x86)\\Microsoft Visual Studio\\2019\\Community\\VC\\Redist\\MSVC\\14.29.30133\\', 'VCToolsVersion': '14.29.30133', 'VisualStudioVersion': '16.0', 'VS160COMNTOOLS': 'C:\\Program Files (x86)\\Microsoft Visual Studio\\2019\\Community\\Common7\\Tools\\', 'VSCMD_ARG_app_plat': 'Desktop', 'VSCMD_ARG_HOST_ARCH': 'x64', 'VSCMD_ARG_TGT_ARCH': 'x64', 'VSCMD_VER': '16.11.23', 'VSINSTALLDIR': 'C:\\Program Files (x86)\\Microsoft Visual Studio\\2019\\Community\\', 'windir': 'C:\\Windows', 'WindowsLibPath': 'C:\\Program Files (x86)\\Windows Kits\\10\\UnionMetadata\\10.0.19041.0;C:\\Program Files (x86)\\Windows Kits\\10\\References\\10.0.19041.0', 'WindowsSdkBinPath': 'C:\\Program Files (x86)\\Windows Kits\\10\\bin\\', 'WindowsSdkDir': 'C:\\Program Files (x86)\\Windows Kits\\10\\', 'WindowsSDKLibVersion': '10.0.19041.0\\', 'WindowsSdkVerBinPath': 'C:\\Program Files (x86)\\Windows Kits\\10\\bin\\10.0.19041.0\\', 'WindowsSDKVersion': '10.0.19041.0\\', '__devinit_path': 'C:\\Program Files (x86)\\Microsoft Visual Studio\\2019\\Community\\Common7\\Tools\\devinit\\devinit.exe', '__DOTNET_ADD_64BIT': '1', '__DOTNET_PREFERRED_BITNESS': '64', '__VSCMD_PREINIT_PATH': 'C:\\Python38\\Scripts\\;C:\\Python38\\;C:\\Program Files (x86)\\Common Files\\Oracle\\Java\\javapath;C:\\Program Files (x86)\\Razer Chroma SDK\\bin;C:\\Program Files\\Razer Chroma SDK\\bin;C:\\Program Files (x86)\\Razer\\ChromaBroadcast\\bin;C:\\Program Files\\Razer\\ChromaBroadcast\\bin;C:\\Program Files\\NVIDIA GPU Computing Toolkit\\CUDA\\v11.6\\bin;C:\\Program Files\\NVIDIA GPU Computing Toolkit\\CUDA\\v11.6\\libnvvp;C:\\Program Files\\NVIDIA Corporation\\NVIDIA NvDLISR;C:\\Windows\\system32\\config\\systemprofile\\AppData\\Local\\Microsoft\\WindowsApps;C:\\Program Files (x86)\\Google\\Cloud SDK\\google-cloud-sdk\\bin;C:\\Program Files\\dotnet\\;C:\\ProgramData\\chocolatey\\bin;C:\\opencv\\x64\\vc16\\bin;C:\\ProgramData\\chocolatey\\lib\\cunit\\lib;C:\\ProgramData\\chocolatey\\lib\\tinyxml2\\lib;C:\\ProgramData\\chocolatey\\lib\\log4cxx\\lib;C:\\ProgramData\\chocolatey\\lib\\bullet\\lib;C:\\Program Files\\Git\\cmd;C:\\Users\\dvuon\\AppData\\Local\\Programs\\Python\\Python39\\Scripts\\;C:\\Users\\dvuon\\AppData\\Local\\Programs\\Python\\Python39\\;C:\\Users\\dvuon\\AppData\\Local\\Microsoft\\WindowsApps;C:\\Users\\dvuon\\AppData\\Local\\atom\\bin;C:\\Users\\dvuon\\AppData\\Local\\GitHubDesktop\\bin;C:\\Program Files (x86)\\GitHub CLI\\;C:\\Program Files\\NVIDIA GPU Computing Toolkit\\CUDA\\v11.6\\extras\\CUPTI\\lib64;C:\\Program Files\\NVIDIA GPU Computing Toolkit\\CUDA\\v11.6\\include;C:\\tools\\cuda\\bin;C:\\Program Files\\NVIDIA\\CUDNN\\v8.1\\bin;C:\\Users\\dvuon\\AppData\\Local\\Programs\\Julia-1.7.2\\bin;C:\\Program Files (x86)\\Terraform;C:\\Users\\dvuon\\AppData\\Local\\Programs\\Microsoft VS Code\\bin;C:\\Windows\\System32\\WindowsPowerShell\\v1.0;C:\\Windows\\System32;C:\\Program Files (x86)\\Vim\\vim90', '__VSCMD_script_err_count': '0', 'CL': '/MP'}, 'shell': False}
[3.985000] (-) TimerEvent: {}
[4.094000] (interfaces) StdoutLine: {'line': b'Microsoft (R) Build Engine version 16.11.2+f32259642 for .NET Framework\r\n'}
[4.094000] (-) TimerEvent: {}
[4.094000] (interfaces) StdoutLine: {'line': b'Copyright (C) Microsoft Corporation. All rights reserved.\r\n'}
[4.094000] (interfaces) StdoutLine: {'line': b'\r\n'}
[4.203000] (-) TimerEvent: {}
[4.313000] (-) TimerEvent: {}
[4.422000] (interfaces) StdoutLine: {'line': b'  Checking Build System\r\n'}
[4.422000] (-) TimerEvent: {}
[4.547000] (-) TimerEvent: {}
[4.610000] (interfaces) StdoutLine: {'line': b'  Generating C++ code for ROS interfaces\r\n'}
[4.656000] (-) TimerEvent: {}
[4.766000] (-) TimerEvent: {}
[4.875000] (-) TimerEvent: {}
[4.985000] (-) TimerEvent: {}
[5.031000] (interfaces) StdoutLine: {'line': b'  Building Custom Rule C:/dev/robotic_hw/src/interfaces/CMakeLists.txt\r\n'}
[5.094000] (-) TimerEvent: {}
[5.156000] (interfaces) StdoutLine: {'line': b'  Generating C code for ROS interfaces\r\n'}
[5.219000] (-) TimerEvent: {}
[5.328000] (-) TimerEvent: {}
[5.438000] (-) TimerEvent: {}
[5.547000] (-) TimerEvent: {}
[5.578000] (interfaces) StdoutLine: {'line': b'  Building Custom Rule C:/dev/robotic_hw/src/interfaces/CMakeLists.txt\r\n'}
[5.656000] (-) TimerEvent: {}
[5.750000] (interfaces) StdoutLine: {'line': b'  sensor_read__functions.c\r\n'}
[5.750000] (interfaces) StdoutLine: {'line': b'  read_sensor__functions.c\r\n'}
[5.750000] (interfaces) StdoutLine: {'line': b'  read_sensor2__functions.c\r\n'}
[5.766000] (-) TimerEvent: {}
[5.891000] (-) TimerEvent: {}
[6.000000] (-) TimerEvent: {}
[6.094000] (interfaces) StdoutLine: {'line': b'     Creating library C:/dev/robotic_hw/build/interfaces/Release/interfaces__rosidl_generator_c.lib and object C:/dev/robotic_hw/build/interfaces/Release/interfaces__rosidl_generator_c.exp\r\n'}
[6.110000] (-) TimerEvent: {}
[6.156000] (interfaces) StdoutLine: {'line': b'  interfaces__rosidl_generator_c.vcxproj -> C:\\dev\\robotic_hw\\build\\interfaces\\Release\\interfaces__rosidl_generator_c.dll\r\n'}
[6.219000] (-) TimerEvent: {}
[6.235000] (interfaces) StdoutLine: {'line': b'  Generating C type support dispatch for ROS interfaces\r\n'}
[6.328000] (-) TimerEvent: {}
[6.438000] (-) TimerEvent: {}
[6.547000] (interfaces) StdoutLine: {'line': b'  Building Custom Rule C:/dev/robotic_hw/src/interfaces/CMakeLists.txt\r\n'}
[6.547000] (-) TimerEvent: {}
[6.656000] (-) TimerEvent: {}
[6.656000] (interfaces) StdoutLine: {'line': b'  sensor_read__type_support.cpp\r\n'}
[6.656000] (interfaces) StdoutLine: {'line': b'  read_sensor__type_support.cpp\r\n'}
[6.656000] (interfaces) StdoutLine: {'line': b'  read_sensor2__type_support.cpp\r\n'}
[6.766000] (-) TimerEvent: {}
[6.813000] (interfaces) StdoutLine: {'line': b'     Creating library C:/dev/robotic_hw/build/interfaces/Release/interfaces__rosidl_typesupport_c.lib and object C:/dev/robotic_hw/build/interfaces/Release/interfaces__rosidl_typesupport_c.exp\r\n'}
[6.860000] (interfaces) StdoutLine: {'line': b'  interfaces__rosidl_typesupport_c.vcxproj -> C:\\dev\\robotic_hw\\build\\interfaces\\Release\\interfaces__rosidl_typesupport_c.dll\r\n'}
[6.875000] (-) TimerEvent: {}
[6.953000] (interfaces) StdoutLine: {'line': b'  Generating C++ type support dispatch for ROS interfaces\r\n'}
[6.985000] (-) TimerEvent: {}
[7.094000] (-) TimerEvent: {}
[7.203000] (-) TimerEvent: {}
[7.266000] (interfaces) StdoutLine: {'line': b'  Building Custom Rule C:/dev/robotic_hw/src/interfaces/CMakeLists.txt\r\n'}
[7.313000] (-) TimerEvent: {}
[7.391000] (interfaces) StdoutLine: {'line': b'  sensor_read__type_support.cpp\r\n'}
[7.391000] (interfaces) StdoutLine: {'line': b'  read_sensor__type_support.cpp\r\n'}
[7.391000] (interfaces) StdoutLine: {'line': b'  read_sensor2__type_support.cpp\r\n'}
[7.422000] (-) TimerEvent: {}
[7.531000] (-) TimerEvent: {}
[7.641000] (-) TimerEvent: {}
[7.688000] (interfaces) StdoutLine: {'line': b'     Creating library C:/dev/robotic_hw/build/interfaces/Release/interfaces__rosidl_typesupport_cpp.lib and object C:/dev/robotic_hw/build/interfaces/Release/interfaces__rosidl_typesupport_cpp.exp\r\n'}
[7.735000] (interfaces) StdoutLine: {'line': b'  interfaces__rosidl_typesupport_cpp.vcxproj -> C:\\dev\\robotic_hw\\build\\interfaces\\Release\\interfaces__rosidl_typesupport_cpp.dll\r\n'}
[7.750000] (-) TimerEvent: {}
[7.844000] (interfaces) StdoutLine: {'line': b'  Generating C++ type support for eProsima Fast-RTPS\r\n'}
[7.860000] (-) TimerEvent: {}
[7.969000] (-) TimerEvent: {}
[8.078000] (-) TimerEvent: {}
[8.188000] (-) TimerEvent: {}
[8.219000] (interfaces) StdoutLine: {'line': b'  Building Custom Rule C:/dev/robotic_hw/src/interfaces/CMakeLists.txt\r\n'}
[8.297000] (-) TimerEvent: {}
[8.344000] (interfaces) StdoutLine: {'line': b'  sensor_read__type_support.cpp\r\n'}
[8.344000] (interfaces) StdoutLine: {'line': b'  read_sensor__type_support.cpp\r\n'}
[8.344000] (interfaces) StdoutLine: {'line': b'  read_sensor2__type_support.cpp\r\n'}
[8.406000] (-) TimerEvent: {}
[8.516000] (-) TimerEvent: {}
[8.625000] (-) TimerEvent: {}
[8.735000] (-) TimerEvent: {}
[8.844000] (interfaces) StdoutLine: {'line': b'     Creating library C:/dev/robotic_hw/build/interfaces/Release/interfaces__rosidl_typesupport_fastrtps_cpp.lib and object C:/dev/robotic_hw/build/interfaces/Release/interfaces__rosidl_typesupport_fastrtps_cpp.exp\r\n'}
[8.844000] (-) TimerEvent: {}
[8.891000] (interfaces) StdoutLine: {'line': b'  interfaces__rosidl_typesupport_fastrtps_cpp.vcxproj -> C:\\dev\\robotic_hw\\build\\interfaces\\Release\\interfaces__rosidl_typesupport_fastrtps_cpp.dll\r\n'}
[8.953000] (interfaces) StdoutLine: {'line': b'  Generating C type support for eProsima Fast-RTPS\r\n'}
[8.953000] (-) TimerEvent: {}
[9.078000] (-) TimerEvent: {}
[9.188000] (-) TimerEvent: {}
[9.297000] (-) TimerEvent: {}
[9.328000] (interfaces) StdoutLine: {'line': b'  Building Custom Rule C:/dev/robotic_hw/src/interfaces/CMakeLists.txt\r\n'}
[9.406000] (-) TimerEvent: {}
[9.453000] (interfaces) StdoutLine: {'line': b'  sensor_read__type_support_c.cpp\r\n'}
[9.453000] (interfaces) StdoutLine: {'line': b'  read_sensor__type_support_c.cpp\r\n'}
[9.453000] (interfaces) StdoutLine: {'line': b'  read_sensor2__type_support_c.cpp\r\n'}
[9.516000] (-) TimerEvent: {}
[9.625000] (-) TimerEvent: {}
[9.750000] (-) TimerEvent: {}
[9.860000] (-) TimerEvent: {}
[9.906000] (interfaces) StdoutLine: {'line': b'     Creating library C:/dev/robotic_hw/build/interfaces/Release/interfaces__rosidl_typesupport_fastrtps_c.lib and object C:/dev/robotic_hw/build/interfaces/Release/interfaces__rosidl_typesupport_fastrtps_c.exp\r\n'}
[9.953000] (interfaces) StdoutLine: {'line': b'  interfaces__rosidl_typesupport_fastrtps_c.vcxproj -> C:\\dev\\robotic_hw\\build\\interfaces\\Release\\interfaces__rosidl_typesupport_fastrtps_c.dll\r\n'}
[9.969000] (-) TimerEvent: {}
[10.047000] (interfaces) StdoutLine: {'line': b'  Generating C introspection for ROS interfaces\r\n'}
[10.078000] (-) TimerEvent: {}
[10.188000] (-) TimerEvent: {}
[10.297000] (-) TimerEvent: {}
[10.391000] (interfaces) StdoutLine: {'line': b'  Building Custom Rule C:/dev/robotic_hw/src/interfaces/CMakeLists.txt\r\n'}
[10.406000] (-) TimerEvent: {}
[10.516000] (interfaces) StdoutLine: {'line': b'  sensor_read__type_support.c\r\n'}
[10.516000] (-) TimerEvent: {}
[10.516000] (interfaces) StdoutLine: {'line': b'  read_sensor__type_support.c\r\n'}
[10.516000] (interfaces) StdoutLine: {'line': b'  read_sensor2__type_support.c\r\n'}
[10.625000] (-) TimerEvent: {}
[10.625000] (interfaces) StdoutLine: {'line': b'     Creating library C:/dev/robotic_hw/build/interfaces/Release/interfaces__rosidl_typesupport_introspection_c.lib and object C:/dev/robotic_hw/build/interfaces/Release/interfaces__rosidl_typesupport_introspection_c.exp\r\n'}
[10.672000] (interfaces) StdoutLine: {'line': b'  interfaces__rosidl_typesupport_introspection_c.vcxproj -> C:\\dev\\robotic_hw\\build\\interfaces\\Release\\interfaces__rosidl_typesupport_introspection_c.dll\r\n'}
[10.735000] (-) TimerEvent: {}
[10.766000] (interfaces) StdoutLine: {'line': b'  Generating C++ introspection for ROS interfaces\r\n'}
[10.844000] (-) TimerEvent: {}
[10.953000] (-) TimerEvent: {}
[11.063000] (-) TimerEvent: {}
[11.110000] (interfaces) StdoutLine: {'line': b'  Building Custom Rule C:/dev/robotic_hw/src/interfaces/CMakeLists.txt\r\n'}
[11.172000] (-) TimerEvent: {}
[11.235000] (interfaces) StdoutLine: {'line': b'  sensor_read__type_support.cpp\r\n'}
[11.235000] (interfaces) StdoutLine: {'line': b'  read_sensor__type_support.cpp\r\n'}
[11.235000] (interfaces) StdoutLine: {'line': b'  read_sensor2__type_support.cpp\r\n'}
[11.281000] (-) TimerEvent: {}
[11.391000] (-) TimerEvent: {}
[11.500000] (-) TimerEvent: {}
[11.563000] (interfaces) StdoutLine: {'line': b'     Creating library C:/dev/robotic_hw/build/interfaces/Release/interfaces__rosidl_typesupport_introspection_cpp.lib and object C:/dev/robotic_hw/build/interfaces/Release/interfaces__rosidl_typesupport_introspection_cpp.exp\r\n'}
[11.610000] (-) TimerEvent: {}
[11.625000] (interfaces) StdoutLine: {'line': b'  interfaces__rosidl_typesupport_introspection_cpp.vcxproj -> C:\\dev\\robotic_hw\\build\\interfaces\\Release\\interfaces__rosidl_typesupport_introspection_cpp.dll\r\n'}
[11.703000] (interfaces) StdoutLine: {'line': b'  Building Custom Rule C:/dev/robotic_hw/src/interfaces/CMakeLists.txt\r\n'}
[11.719000] (-) TimerEvent: {}
[11.828000] (-) TimerEvent: {}
[11.860000] (interfaces) StdoutLine: {'line': b'  Generating Python code for ROS interfaces\r\n'}
[11.938000] (-) TimerEvent: {}
[12.063000] (-) TimerEvent: {}
[12.172000] (-) TimerEvent: {}
[12.281000] (-) TimerEvent: {}
[12.391000] (-) TimerEvent: {}
[12.500000] (-) TimerEvent: {}
[12.531000] (interfaces) StdoutLine: {'line': b'  Building Custom Rule C:/dev/robotic_hw/src/interfaces/CMakeLists.txt\r\n'}
[12.610000] (-) TimerEvent: {}
[12.656000] (interfaces) StdoutLine: {'line': b'  _sensor_read_s.c\r\n'}
[12.656000] (interfaces) StdoutLine: {'line': b'  _read_sensor_s.c\r\n'}
[12.656000] (interfaces) StdoutLine: {'line': b'  _read_sensor2_s.c\r\n'}
[12.719000] (-) TimerEvent: {}
[12.828000] (-) TimerEvent: {}
[12.875000] (interfaces) StdoutLine: {'line': b'     Creating library C:/dev/robotic_hw/build/interfaces/Release/interfaces__python.lib and object C:/dev/robotic_hw/build/interfaces/Release/interfaces__python.exp\r\n'}
[12.922000] (interfaces) StdoutLine: {'line': b'  interfaces__python.vcxproj -> C:\\dev\\robotic_hw\\build\\interfaces\\rosidl_generator_py\\interfaces\\interfaces__python.dll\r\n'}
[12.938000] (-) TimerEvent: {}
[13.016000] (interfaces) StdoutLine: {'line': b'  Building Custom Rule C:/dev/robotic_hw/src/interfaces/CMakeLists.txt\r\n'}
[13.047000] (-) TimerEvent: {}
[13.125000] (interfaces) StdoutLine: {'line': b'  _interfaces_s.ep.rosidl_typesupport_c.c\r\n'}
[13.156000] (-) TimerEvent: {}
[13.266000] (-) TimerEvent: {}
[13.281000] (interfaces) StdoutLine: {'line': b'     Creating library C:/dev/robotic_hw/build/interfaces/Release/interfaces_s__rosidl_typesupport_c.lib and object C:/dev/robotic_hw/build/interfaces/Release/interfaces_s__rosidl_typesupport_c.exp\r\n'}
[13.328000] (interfaces) StdoutLine: {'line': b'  interfaces__rosidl_typesupport_c__pyext.vcxproj -> C:\\dev\\robotic_hw\\build\\interfaces\\rosidl_generator_py\\interfaces\\interfaces_s__rosidl_typesupport_c.pyd\r\n'}
[13.391000] (-) TimerEvent: {}
[13.422000] (interfaces) StdoutLine: {'line': b'  Building Custom Rule C:/dev/robotic_hw/src/interfaces/CMakeLists.txt\r\n'}
[13.516000] (-) TimerEvent: {}
[13.531000] (interfaces) StdoutLine: {'line': b'  _interfaces_s.ep.rosidl_typesupport_fastrtps_c.c\r\n'}
[13.625000] (-) TimerEvent: {}
[13.703000] (interfaces) StdoutLine: {'line': b'     Creating library C:/dev/robotic_hw/build/interfaces/Release/interfaces_s__rosidl_typesupport_fastrtps_c.lib and object C:/dev/robotic_hw/build/interfaces/Release/interfaces_s__rosidl_typesupport_fastrtps_c.exp\r\n'}
[13.735000] (-) TimerEvent: {}
[13.750000] (interfaces) StdoutLine: {'line': b'  interfaces__rosidl_typesupport_fastrtps_c__pyext.vcxproj -> C:\\dev\\robotic_hw\\build\\interfaces\\rosidl_generator_py\\interfaces\\interfaces_s__rosidl_typesupport_fastrtps_c.pyd\r\n'}
[13.844000] (interfaces) StdoutLine: {'line': b'  Building Custom Rule C:/dev/robotic_hw/src/interfaces/CMakeLists.txt\r\n'}
[13.844000] (-) TimerEvent: {}
[13.938000] (interfaces) StdoutLine: {'line': b'  _interfaces_s.ep.rosidl_typesupport_introspection_c.c\r\n'}
[13.953000] (-) TimerEvent: {}
[14.063000] (-) TimerEvent: {}
[14.110000] (interfaces) StdoutLine: {'line': b'     Creating library C:/dev/robotic_hw/build/interfaces/Release/interfaces_s__rosidl_typesupport_introspection_c.lib and object C:/dev/robotic_hw/build/interfaces/Release/interfaces_s__rosidl_typesupport_introspection_c.exp\r\n'}
[14.156000] (interfaces) StdoutLine: {'line': b'  interfaces__rosidl_typesupport_introspection_c__pyext.vcxproj -> C:\\dev\\robotic_hw\\build\\interfaces\\rosidl_generator_py\\interfaces\\interfaces_s__rosidl_typesupport_introspection_c.pyd\r\n'}
[14.188000] (-) TimerEvent: {}
[14.219000] (interfaces) StdoutLine: {'line': b'  Building Custom Rule C:/dev/robotic_hw/src/interfaces/CMakeLists.txt\r\n'}
[14.297000] (interfaces) CommandEnded: {'returncode': 0}
[14.297000] (-) TimerEvent: {}
[14.297000] (interfaces) JobProgress: {'identifier': 'interfaces', 'progress': 'install'}
[14.406000] (-) TimerEvent: {}
[14.406000] (interfaces) Command: {'cmd': ['c:\\opt\\ros\\foxy\\x64\\Scripts\\cmake.EXE', '--install', 'C:\\dev\\robotic_hw\\build\\interfaces', '--config', 'Release'], 'cwd': 'C:\\dev\\robotic_hw\\build\\interfaces', 'env': OrderedDict([('ALLUSERSPROFILE', 'C:\\ProgramData'), ('AMENT_PREFIX_PATH', 'C:\\dev\\robotic_hw\\install;c:\\opt\\ros\\foxy\\x64'), ('APPDATA', 'C:\\Users\\dvuon\\AppData\\Roaming'), ('ChocolateyInstall', 'C:\\ProgramData\\chocolatey'), ('ChocolateyLastPathUpdate', '133207244663475842'), ('CMAKE_PREFIX_PATH', 'C:\\dev\\robotic_hw\\install;C:\\opt\\ros\\foxy\\x64\\tools\\vcpkg\\installed\\x64-windows;c:\\opt\\ros\\foxy\\x64'), ('COLCON', '1'), ('COLCON_PREFIX_PATH', 'C:\\dev\\robotic_hw\\install\\;c:\\opt\\ros\\foxy\\x64\\'), ('CommandPromptType', 'Native'), ('CommonProgramFiles', 'C:\\Program Files\\Common Files'), ('CommonProgramFiles(x86)', 'C:\\Program Files (x86)\\Common Files'), ('CommonProgramW6432', 'C:\\Program Files\\Common Files'), ('COMPUTERNAME', 'LAPTOP-H8UQ26TO'), ('ComSpec', 'C:\\Windows\\system32\\cmd.exe'), ('CUDA_PATH', 'C:\\Program Files\\NVIDIA GPU Computing Toolkit\\CUDA\\v11.6'), ('CUDA_PATH_V11_6', 'C:\\Program Files\\NVIDIA GPU Computing Toolkit\\CUDA\\v11.6'), ('DevEnvDir', 'C:\\Program Files (x86)\\Microsoft Visual Studio\\2019\\Community\\Common7\\IDE\\'), ('DriverData', 'C:\\Windows\\System32\\Drivers\\DriverData'), ('ExtensionSdkDir', 'C:\\Program Files (x86)\\Microsoft SDKs\\Windows Kits\\10\\ExtensionSDKs'), ('Framework40Version', 'v4.0'), ('FrameworkDir', 'C:\\Windows\\Microsoft.NET\\Framework64\\'), ('FrameworkDir64', 'C:\\Windows\\Microsoft.NET\\Framework64\\'), ('FrameworkVersion', 'v4.0.30319'), ('FrameworkVersion64', 'v4.0.30319'), ('HOMEDRIVE', 'C:'), ('HOMEPATH', '\\Users\\dvuon'), ('INCLUDE', 'C:\\Program Files (x86)\\Microsoft Visual Studio\\2019\\Community\\VC\\Tools\\MSVC\\14.29.30133\\ATLMFC\\include;C:\\Program Files (x86)\\Microsoft Visual Studio\\2019\\Community\\VC\\Tools\\MSVC\\14.29.30133\\include;C:\\Program Files (x86)\\Windows Kits\\10\\include\\10.0.19041.0\\ucrt;C:\\Program Files (x86)\\Windows Kits\\10\\include\\10.0.19041.0\\shared;C:\\Program Files (x86)\\Windows Kits\\10\\include\\10.0.19041.0\\um;C:\\Program Files (x86)\\Windows Kits\\10\\include\\10.0.19041.0\\winrt;C:\\Program Files (x86)\\Windows Kits\\10\\include\\10.0.19041.0\\cppwinrt'), ('JAVA_HOME', 'C:\\Program Files\\Java\\jre1.8.0_351'), ('LIB', 'C:\\Program Files (x86)\\Microsoft Visual Studio\\2019\\Community\\VC\\Tools\\MSVC\\14.29.30133\\ATLMFC\\lib\\x64;C:\\Program Files (x86)\\Microsoft Visual Studio\\2019\\Community\\VC\\Tools\\MSVC\\14.29.30133\\lib\\x64;C:\\Program Files (x86)\\Windows Kits\\10\\lib\\10.0.19041.0\\ucrt\\x64;C:\\Program Files (x86)\\Windows Kits\\10\\lib\\10.0.19041.0\\um\\x64'), ('LIBPATH', 'C:\\Program Files (x86)\\Microsoft Visual Studio\\2019\\Community\\VC\\Tools\\MSVC\\14.29.30133\\ATLMFC\\lib\\x64;C:\\Program Files (x86)\\Microsoft Visual Studio\\2019\\Community\\VC\\Tools\\MSVC\\14.29.30133\\lib\\x64;C:\\Program Files (x86)\\Microsoft Visual Studio\\2019\\Community\\VC\\Tools\\MSVC\\14.29.30133\\lib\\x86\\store\\references;C:\\Program Files (x86)\\Windows Kits\\10\\UnionMetadata\\10.0.19041.0;C:\\Program Files (x86)\\Windows Kits\\10\\References\\10.0.19041.0;C:\\Windows\\Microsoft.NET\\Framework64\\v4.0.30319'), ('LOCALAPPDATA', 'C:\\Users\\dvuon\\AppData\\Local'), ('LOGONSERVER', '\\\\LAPTOP-H8UQ26TO'), ('NUMBER_OF_PROCESSORS', '16'), ('NVTOOLSEXT_PATH', 'C:\\Program Files\\NVIDIA Corporation\\NvToolsExt\\'), ('OneDrive', 'C:\\Users\\dvuon\\OneDrive'), ('OneDriveConsumer', 'C:\\Users\\dvuon\\OneDrive'), ('OpenCV_DIR', 'C:\\opencv'), ('OS', 'Windows_NT'), ('PATH', 'c:\\opt\\ros\\foxy\\x64\\;C:\\dev\\robotic_hw\\install\\bin;c:\\opt\\ros\\foxy\\x64\\opt\\rviz_ogre_vendor\\bin;C:\\opt\\ros\\foxy\\x64\\tools\\vcpkg\\installed\\x64-windows\\bin;C:\\opt\\ros\\foxy\\x64\\tools\\vcpkg;c:\\opt\\ros\\foxy\\x64\\Scripts;c:\\opt\\ros\\foxy\\x64\\bin;C:\\Program Files (x86)\\Microsoft Visual Studio\\2019\\Community\\Common7\\IDE\\\\Extensions\\Microsoft\\IntelliCode\\CLI;C:\\Program Files (x86)\\Microsoft Visual Studio\\2019\\Community\\VC\\Tools\\MSVC\\14.29.30133\\bin\\HostX64\\x64;C:\\Program Files (x86)\\Microsoft Visual Studio\\2019\\Community\\Common7\\IDE\\VC\\VCPackages;C:\\Program Files (x86)\\Microsoft Visual Studio\\2019\\Community\\Common7\\IDE\\CommonExtensions\\Microsoft\\TestWindow;C:\\Program Files (x86)\\Microsoft Visual Studio\\2019\\Community\\Common7\\IDE\\CommonExtensions\\Microsoft\\TeamFoundation\\Team Explorer;C:\\Program Files (x86)\\Microsoft Visual Studio\\2019\\Community\\MSBuild\\Current\\bin\\Roslyn;C:\\Program Files (x86)\\Microsoft Visual Studio\\2019\\Community\\Team Tools\\Performance Tools\\x64;C:\\Program Files (x86)\\Microsoft Visual Studio\\2019\\Community\\Team Tools\\Performance Tools;C:\\Program Files (x86)\\Microsoft Visual Studio\\Shared\\Common\\VSPerfCollectionTools\\vs2019\\\\x64;C:\\Program Files (x86)\\Microsoft Visual Studio\\Shared\\Common\\VSPerfCollectionTools\\vs2019\\;C:\\Program Files (x86)\\Microsoft Visual Studio\\2019\\Community\\Common7\\Tools\\devinit;C:\\Program Files (x86)\\Windows Kits\\10\\bin\\10.0.19041.0\\x64;C:\\Program Files (x86)\\Windows Kits\\10\\bin\\x64;C:\\Program Files (x86)\\Microsoft Visual Studio\\2019\\Community\\\\MSBuild\\Current\\Bin;C:\\Windows\\Microsoft.NET\\Framework64\\v4.0.30319;C:\\Program Files (x86)\\Microsoft Visual Studio\\2019\\Community\\Common7\\IDE\\;C:\\Program Files (x86)\\Microsoft Visual Studio\\2019\\Community\\Common7\\Tools\\;C:\\Python38\\Scripts\\;C:\\Python38\\;C:\\Program Files (x86)\\Common Files\\Oracle\\Java\\javapath;C:\\Program Files (x86)\\Razer Chroma SDK\\bin;C:\\Program Files\\Razer Chroma SDK\\bin;C:\\Program Files (x86)\\Razer\\ChromaBroadcast\\bin;C:\\Program Files\\Razer\\ChromaBroadcast\\bin;C:\\Program Files\\NVIDIA GPU Computing Toolkit\\CUDA\\v11.6\\bin;C:\\Program Files\\NVIDIA GPU Computing Toolkit\\CUDA\\v11.6\\libnvvp;C:\\Program Files\\NVIDIA Corporation\\NVIDIA NvDLISR;C:\\Windows\\system32\\config\\systemprofile\\AppData\\Local\\Microsoft\\WindowsApps;C:\\Program Files (x86)\\Google\\Cloud SDK\\google-cloud-sdk\\bin;C:\\Program Files\\dotnet\\;C:\\ProgramData\\chocolatey\\bin;C:\\opencv\\x64\\vc16\\bin;C:\\ProgramData\\chocolatey\\lib\\cunit\\lib;C:\\ProgramData\\chocolatey\\lib\\tinyxml2\\lib;C:\\ProgramData\\chocolatey\\lib\\log4cxx\\lib;C:\\ProgramData\\chocolatey\\lib\\bullet\\lib;C:\\Program Files\\Git\\cmd;C:\\Users\\dvuon\\AppData\\Local\\Programs\\Python\\Python39\\Scripts\\;C:\\Users\\dvuon\\AppData\\Local\\Programs\\Python\\Python39\\;C:\\Users\\dvuon\\AppData\\Local\\Microsoft\\WindowsApps;C:\\Users\\dvuon\\AppData\\Local\\atom\\bin;C:\\Users\\dvuon\\AppData\\Local\\GitHubDesktop\\bin;C:\\Program Files (x86)\\GitHub CLI\\;C:\\Program Files\\NVIDIA GPU Computing Toolkit\\CUDA\\v11.6\\extras\\CUPTI\\lib64;C:\\Program Files\\NVIDIA GPU Computing Toolkit\\CUDA\\v11.6\\include;C:\\tools\\cuda\\bin;C:\\Program Files\\NVIDIA\\CUDNN\\v8.1\\bin;C:\\Users\\dvuon\\AppData\\Local\\Programs\\Julia-1.7.2\\bin;C:\\Program Files (x86)\\Terraform;C:\\Users\\dvuon\\AppData\\Local\\Programs\\Microsoft VS Code\\bin;C:\\Windows\\System32\\WindowsPowerShell\\v1.0;C:\\Windows\\System32;C:\\Program Files (x86)\\Vim\\vim90;C:\\Program Files (x86)\\Microsoft Visual Studio\\2019\\Community\\Common7\\IDE\\CommonExtensions\\Microsoft\\CMake\\CMake\\bin;C:\\Program Files (x86)\\Microsoft Visual Studio\\2019\\Community\\Common7\\IDE\\CommonExtensions\\Microsoft\\CMake\\Ninja'), ('PATHEXT', '.COM;.EXE;.BAT;.CMD;.VBS;.VBE;.JS;.JSE;.WSF;.WSH;.MSC;.PY;.PYW'), ('PKG_CONFIG_PATH', 'c:\\opt\\ros\\foxy\\x64\\lib\\pkgconfig'), ('Platform', 'x64'), ('PROCESSOR_ARCHITECTURE', 'AMD64'), ('PROCESSOR_IDENTIFIER', 'AMD64 Family 25 Model 80 Stepping 0, AuthenticAMD'), ('PROCESSOR_LEVEL', '25'), ('PROCESSOR_REVISION', '5000'), ('ProgramData', 'C:\\ProgramData'), ('ProgramFiles', 'C:\\Program Files'), ('ProgramFiles(x86)', 'C:\\Program Files (x86)'), ('ProgramW6432', 'C:\\Program Files'), ('PROMPT', '$P$G'), ('PSModulePath', 'C:\\Program Files\\WindowsPowerShell\\Modules;C:\\Windows\\system32\\WindowsPowerShell\\v1.0\\Modules;C:\\Program Files (x86)\\Google\\Cloud SDK\\google-cloud-sdk\\platform\\PowerShell'), ('PUBLIC', 'C:\\Users\\Public'), ('PYTHONPATH', 'C:\\dev\\robotic_hw\\install\\Lib\\site-packages;c:\\opt\\ros\\foxy\\x64\\Lib\\site-packages;C:\\Python38\\'), ('ROS_DISTRO', 'foxy'), ('ROS_ETC_DIR', 'C:\\opt\\ros\\foxy\\x64\\etc\\ros'), ('ROS_LOCALHOST_ONLY', '0'), ('ROS_PYTHON_VERSION', '3'), ('ROS_VERSION', '2'), ('SDF_PATH', 'C:\\opt\\ros\\foxy\\x64\\share\\sdformat\\1.6'), ('SystemDrive', 'C:'), ('SystemRoot', 'C:\\Windows'), ('TEMP', 'C:\\Users\\dvuon\\AppData\\Local\\Temp'), ('terraform', 'C:\\Program Files (x86)\\Terraform'), ('TMP', 'C:\\Users\\dvuon\\AppData\\Local\\Temp'), ('UCRTVersion', '10.0.19041.0'), ('UniversalCRTSdkDir', 'C:\\Program Files (x86)\\Windows Kits\\10\\'), ('USERDOMAIN', 'LAPTOP-H8UQ26TO'), ('USERDOMAIN_ROAMINGPROFILE', 'LAPTOP-H8UQ26TO'), ('USERNAME', 'dvuon'), ('USERPROFILE', 'C:\\Users\\dvuon'), ('VBOX_HWVIRTEX_IGNORE_SVM_IN_USE', '1'), ('VCIDEInstallDir', 'C:\\Program Files (x86)\\Microsoft Visual Studio\\2019\\Community\\Common7\\IDE\\VC\\'), ('VCINSTALLDIR', 'C:\\Program Files (x86)\\Microsoft Visual Studio\\2019\\Community\\VC\\'), ('VCPKG_DEFAULT_TRIPLET', 'x64-windows'), ('VCPKG_ROOT', 'C:\\opt\\ros\\foxy\\x64\\tools\\vcpkg'), ('VCToolsInstallDir', 'C:\\Program Files (x86)\\Microsoft Visual Studio\\2019\\Community\\VC\\Tools\\MSVC\\14.29.30133\\'), ('VCToolsRedistDir', 'C:\\Program Files (x86)\\Microsoft Visual Studio\\2019\\Community\\VC\\Redist\\MSVC\\14.29.30133\\'), ('VCToolsVersion', '14.29.30133'), ('VisualStudioVersion', '16.0'), ('VS160COMNTOOLS', 'C:\\Program Files (x86)\\Microsoft Visual Studio\\2019\\Community\\Common7\\Tools\\'), ('VSCMD_ARG_app_plat', 'Desktop'), ('VSCMD_ARG_HOST_ARCH', 'x64'), ('VSCMD_ARG_TGT_ARCH', 'x64'), ('VSCMD_VER', '16.11.23'), ('VSINSTALLDIR', 'C:\\Program Files (x86)\\Microsoft Visual Studio\\2019\\Community\\'), ('windir', 'C:\\Windows'), ('WindowsLibPath', 'C:\\Program Files (x86)\\Windows Kits\\10\\UnionMetadata\\10.0.19041.0;C:\\Program Files (x86)\\Windows Kits\\10\\References\\10.0.19041.0'), ('WindowsSdkBinPath', 'C:\\Program Files (x86)\\Windows Kits\\10\\bin\\'), ('WindowsSdkDir', 'C:\\Program Files (x86)\\Windows Kits\\10\\'), ('WindowsSDKLibVersion', '10.0.19041.0\\'), ('WindowsSdkVerBinPath', 'C:\\Program Files (x86)\\Windows Kits\\10\\bin\\10.0.19041.0\\'), ('WindowsSDKVersion', '10.0.19041.0\\'), ('__devinit_path', 'C:\\Program Files (x86)\\Microsoft Visual Studio\\2019\\Community\\Common7\\Tools\\devinit\\devinit.exe'), ('__DOTNET_ADD_64BIT', '1'), ('__DOTNET_PREFERRED_BITNESS', '64'), ('__VSCMD_PREINIT_PATH', 'C:\\Python38\\Scripts\\;C:\\Python38\\;C:\\Program Files (x86)\\Common Files\\Oracle\\Java\\javapath;C:\\Program Files (x86)\\Razer Chroma SDK\\bin;C:\\Program Files\\Razer Chroma SDK\\bin;C:\\Program Files (x86)\\Razer\\ChromaBroadcast\\bin;C:\\Program Files\\Razer\\ChromaBroadcast\\bin;C:\\Program Files\\NVIDIA GPU Computing Toolkit\\CUDA\\v11.6\\bin;C:\\Program Files\\NVIDIA GPU Computing Toolkit\\CUDA\\v11.6\\libnvvp;C:\\Program Files\\NVIDIA Corporation\\NVIDIA NvDLISR;C:\\Windows\\system32\\config\\systemprofile\\AppData\\Local\\Microsoft\\WindowsApps;C:\\Program Files (x86)\\Google\\Cloud SDK\\google-cloud-sdk\\bin;C:\\Program Files\\dotnet\\;C:\\ProgramData\\chocolatey\\bin;C:\\opencv\\x64\\vc16\\bin;C:\\ProgramData\\chocolatey\\lib\\cunit\\lib;C:\\ProgramData\\chocolatey\\lib\\tinyxml2\\lib;C:\\ProgramData\\chocolatey\\lib\\log4cxx\\lib;C:\\ProgramData\\chocolatey\\lib\\bullet\\lib;C:\\Program Files\\Git\\cmd;C:\\Users\\dvuon\\AppData\\Local\\Programs\\Python\\Python39\\Scripts\\;C:\\Users\\dvuon\\AppData\\Local\\Programs\\Python\\Python39\\;C:\\Users\\dvuon\\AppData\\Local\\Microsoft\\WindowsApps;C:\\Users\\dvuon\\AppData\\Local\\atom\\bin;C:\\Users\\dvuon\\AppData\\Local\\GitHubDesktop\\bin;C:\\Program Files (x86)\\GitHub CLI\\;C:\\Program Files\\NVIDIA GPU Computing Toolkit\\CUDA\\v11.6\\extras\\CUPTI\\lib64;C:\\Program Files\\NVIDIA GPU Computing Toolkit\\CUDA\\v11.6\\include;C:\\tools\\cuda\\bin;C:\\Program Files\\NVIDIA\\CUDNN\\v8.1\\bin;C:\\Users\\dvuon\\AppData\\Local\\Programs\\Julia-1.7.2\\bin;C:\\Program Files (x86)\\Terraform;C:\\Users\\dvuon\\AppData\\Local\\Programs\\Microsoft VS Code\\bin;C:\\Windows\\System32\\WindowsPowerShell\\v1.0;C:\\Windows\\System32;C:\\Program Files (x86)\\Vim\\vim90'), ('__VSCMD_script_err_count', '0')]), 'shell': False}
[14.500000] (interfaces) StdoutLine: {'line': b'-- Installing: C:/dev/robotic_hw/install/share/ament_index/resource_index/rosidl_interfaces/interfaces\n'}
[14.500000] (interfaces) StdoutLine: {'line': b'-- Up-to-date: C:/dev/robotic_hw/install/include/interfaces\n'}
[14.500000] (interfaces) StdoutLine: {'line': b'-- Up-to-date: C:/dev/robotic_hw/install/include/interfaces/msg\n'}
[14.500000] (interfaces) StdoutLine: {'line': b'-- Up-to-date: C:/dev/robotic_hw/install/include/interfaces/msg/detail\n'}
[14.516000] (interfaces) StdoutLine: {'line': b'-- Installing: C:/dev/robotic_hw/install/include/interfaces/msg/detail/sensor_read__functions.c\n'}
[14.516000] (-) TimerEvent: {}
[14.516000] (interfaces) StdoutLine: {'line': b'-- Installing: C:/dev/robotic_hw/install/include/interfaces/msg/detail/sensor_read__functions.h\n'}
[14.531000] (interfaces) StdoutLine: {'line': b'-- Installing: C:/dev/robotic_hw/install/include/interfaces/msg/detail/sensor_read__struct.h\n'}
[14.531000] (interfaces) StdoutLine: {'line': b'-- Installing: C:/dev/robotic_hw/install/include/interfaces/msg/detail/sensor_read__type_support.h\n'}
[14.531000] (interfaces) StdoutLine: {'line': b'-- Up-to-date: C:/dev/robotic_hw/install/include/interfaces/msg/rosidl_generator_c__visibility_control.h\n'}
[14.531000] (interfaces) StdoutLine: {'line': b'-- Installing: C:/dev/robotic_hw/install/include/interfaces/msg/sensor_read.h\n'}
[14.531000] (interfaces) StdoutLine: {'line': b'-- Up-to-date: C:/dev/robotic_hw/install/include/interfaces/srv\n'}
[14.531000] (interfaces) StdoutLine: {'line': b'-- Up-to-date: C:/dev/robotic_hw/install/include/interfaces/srv/detail\n'}
[14.547000] (interfaces) StdoutLine: {'line': b'-- Installing: C:/dev/robotic_hw/install/include/interfaces/srv/detail/read_sensor2__functions.c\n'}
[14.547000] (interfaces) StdoutLine: {'line': b'-- Installing: C:/dev/robotic_hw/install/include/interfaces/srv/detail/read_sensor2__functions.h\n'}
[14.547000] (interfaces) StdoutLine: {'line': b'-- Installing: C:/dev/robotic_hw/install/include/interfaces/srv/detail/read_sensor2__struct.h\n'}
[14.563000] (interfaces) StdoutLine: {'line': b'-- Installing: C:/dev/robotic_hw/install/include/interfaces/srv/detail/read_sensor2__type_support.h\n'}
[14.563000] (interfaces) StdoutLine: {'line': b'-- Installing: C:/dev/robotic_hw/install/include/interfaces/srv/detail/read_sensor__functions.c\n'}
[14.563000] (interfaces) StdoutLine: {'line': b'-- Installing: C:/dev/robotic_hw/install/include/interfaces/srv/detail/read_sensor__functions.h\n'}
[14.563000] (interfaces) StdoutLine: {'line': b'-- Installing: C:/dev/robotic_hw/install/include/interfaces/srv/detail/read_sensor__struct.h\n'}
[14.578000] (interfaces) StdoutLine: {'line': b'-- Installing: C:/dev/robotic_hw/install/include/interfaces/srv/detail/read_sensor__type_support.h\n'}
[14.578000] (interfaces) StdoutLine: {'line': b'-- Installing: C:/dev/robotic_hw/install/include/interfaces/srv/read_sensor.h\n'}
[14.578000] (interfaces) StdoutLine: {'line': b'-- Installing: C:/dev/robotic_hw/install/include/interfaces/srv/read_sensor2.h\n'}
[14.594000] (interfaces) StdoutLine: {'line': b'-- Installing: C:/dev/robotic_hw/install/lib/interfaces__rosidl_generator_c.lib\n'}
[14.610000] (interfaces) StdoutLine: {'line': b'-- Installing: C:/dev/robotic_hw/install/bin/interfaces__rosidl_generator_c.dll\n'}
[14.610000] (interfaces) StderrLine: {'line': b'CMake Error at cmake_install.cmake:59 (file):\n'}
[14.610000] (interfaces) StderrLine: {'line': b'  file INSTALL cannot copy file\n'}
[14.610000] (interfaces) StderrLine: {'line': b'  "C:/dev/robotic_hw/build/interfaces/Release/interfaces__rosidl_generator_c.dll"\n'}
[14.610000] (interfaces) StderrLine: {'line': b'  to "C:/dev/robotic_hw/install/bin/interfaces__rosidl_generator_c.dll":\n'}
[14.610000] (interfaces) StderrLine: {'line': b'  Permission denied.\n'}
[14.610000] (interfaces) StderrLine: {'line': b'\n'}
[14.610000] (interfaces) StderrLine: {'line': b'\n'}
[14.610000] (interfaces) CommandEnded: {'returncode': 1}
[14.625000] (-) TimerEvent: {}
[14.672000] (interfaces) JobEnded: {'identifier': 'interfaces', 'rc': 1}
[14.688000] (-) EventReactorShutdown: {}
